INFO:root:Created new directory ./experiments/mnist/SF/homogeneous/n_20_m_64_f_6_T_100_runs_5_alpha_1000.0
INFO:root:Initial dataloading done
INFO:root:runtime [348.42943930625916, 347.1450924873352, 348.83789014816284, 345.54953360557556, 345.982342004776]
INFO:root:results [[[73.55]
  [82.95]
  [86.  ]
  [86.5 ]
  [80.15]
  [83.8 ]]

 [[81.8 ]
  [84.9 ]
  [86.05]
  [86.7 ]
  [87.95]
  [88.25]]

 [[80.4 ]
  [84.  ]
  [85.7 ]
  [86.45]
  [86.35]
  [85.9 ]]

 [[73.55]
  [82.15]
  [85.1 ]
  [86.15]
  [86.4 ]
  [86.5 ]]

 [[75.45]
  [83.55]
  [85.35]
  [86.15]
  [87.55]
  [87.15]]]
INFO:root:Average accuracies [76.95 83.51 85.64 86.39 85.68 86.32]
INFO:root:f1 score [0.99903534 1.         1.         1.         1.         1.        ]
