INFO:root:Created new directory ./experiments/mnist/PR/dirichlet_mnist/n_20_m_32_f_9_T_100_runs_5_alpha_0.5_a
INFO:root:Initial dataloading done
INFO:root:runtime [250.6944396495819, 250.78362727165222, 252.6183099746704, 253.16466689109802, 251.0801079273224]
INFO:root:results [[[73.85]
  [77.25]
  [78.05]
  [77.55]
  [73.8 ]
  [ 2.35]]

 [[72.35]
  [75.2 ]
  [77.7 ]
  [76.35]
  [74.35]
  [55.5 ]]

 [[72.75]
  [74.95]
  [75.7 ]
  [74.65]
  [71.9 ]
  [19.8 ]]

 [[69.95]
  [71.  ]
  [72.1 ]
  [72.45]
  [65.85]
  [ 2.55]]

 [[71.45]
  [65.9 ]
  [67.4 ]
  [79.25]
  [55.6 ]
  [ 2.8 ]]]
INFO:root:Average accuracies [72.07 72.86 74.19 76.05 68.3  16.6 ]
INFO:root:f1 score [1.         1.         1.         1.         0.79999999 0.2       ]
