INFO:root:Created new directory ./experiments_distribution/mnist/SF/homogeneous/n_20_m_32_f_0_T_100_runs_5_alpha_1000.0_E
INFO:root:Initial dataloading done
INFO:root:runtime [52.494741916656494, 52.093167543411255, 52.087817668914795, 52.05020880699158, 51.97671985626221]
INFO:root:results [[[64.55]
  [81.35]
  [86.5 ]
  [88.25]
  [90.05]
  [84.2 ]]

 [[63.7 ]
  [86.55]
  [89.3 ]
  [90.25]
  [91.2 ]
  [91.95]]

 [[60.95]
  [85.  ]
  [89.1 ]
  [90.45]
  [91.5 ]
  [89.15]]

 [[64.9 ]
  [85.25]
  [88.15]
  [89.3 ]
  [90.75]
  [91.45]]

 [[76.15]
  [87.4 ]
  [89.4 ]
  [89.9 ]
  [90.95]
  [82.55]]]
INFO:root:Average accuracies [66.05 85.11 88.49 89.63 90.89 87.86]
INFO:root:f1 score [0.99941349 1.         1.         1.         1.         1.        ]
