INFO:root:Created new directory ./experiments/mnist/NS/homogeneous/n_20_m_64_f_0_T_100_runs_5_alpha_1000.0_k
INFO:root:Initial dataloading done
INFO:root:runtime [395.9762077331543, 395.55733704566956, 395.29631876945496, 393.2227268218994, 394.31069827079773]
INFO:root:results [[[73.95]
  [87.8 ]
  [90.5 ]
  [91.25]
  [92.1 ]
  [83.8 ]]

 [[81.9 ]
  [88.6 ]
  [91.1 ]
  [89.1 ]
  [92.4 ]
  [92.55]]

 [[80.5 ]
  [89.4 ]
  [91.  ]
  [91.15]
  [92.15]
  [92.  ]]

 [[73.55]
  [88.1 ]
  [90.4 ]
  [91.25]
  [91.85]
  [92.2 ]]

 [[75.75]
  [87.15]
  [89.9 ]
  [91.05]
  [91.8 ]
  [92.25]]]
INFO:root:Average accuracies [77.13 88.21 90.58 90.76 92.06 90.56]
INFO:root:f1 score [0.99903534 1.         1.         1.         1.         1.        ]
