INFO:root:Created new directory ./experiments/mnist/auto_ALIE/homogeneous/n_20_m_32_f_9_T_100_runs_5_alpha_1000.0
INFO:root:Initial dataloading done
INFO:root:runtime [111.11229157447815, 110.78959107398987, 110.77197122573853, 110.80003571510315, 110.75436425209045]
INFO:root:results [[[58.5 ]
  [74.45]
  [81.15]
  [84.4 ]
  [85.  ]
  [82.2 ]]

 [[64.55]
  [73.6 ]
  [79.3 ]
  [84.  ]
  [84.8 ]
  [84.45]]

 [[61.35]
  [74.  ]
  [80.05]
  [85.1 ]
  [84.6 ]
  [86.75]]

 [[60.6 ]
  [73.4 ]
  [79.5 ]
  [83.6 ]
  [84.55]
  [83.  ]]

 [[57.4 ]
  [65.6 ]
  [76.6 ]
  [81.85]
  [84.  ]
  [83.6 ]]]
INFO:root:Average accuracies [60.48 72.21 79.32 83.79 84.59 84.  ]
INFO:root:f1 score [1.         0.99939577 1.         1.         1.         1.        ]
