INFO:root:Created new directory ./experiments/mnist/PR/dirichlet_mnist/n_20_m_32_f_9_T_100_runs_5_alpha_0.5
INFO:root:Initial dataloading done
INFO:root:runtime [28.579681396484375, 27.994673252105713, 28.04800820350647, 28.049269437789917, 28.016520500183105]
INFO:root:results [[[73.7 ]
  [76.15]
  [77.75]
  [76.85]
  [70.45]
  [21.85]]

 [[72.3 ]
  [74.2 ]
  [75.4 ]
  [75.9 ]
  [71.25]
  [75.05]]

 [[72.7 ]
  [74.05]
  [75.  ]
  [75.  ]
  [73.  ]
  [37.7 ]]

 [[69.9 ]
  [70.85]
  [67.75]
  [70.4 ]
  [62.05]
  [48.15]]

 [[71.45]
  [75.7 ]
  [78.75]
  [66.05]
  [68.1 ]
  [59.25]]]
INFO:root:Average accuracies [72.01 74.19 74.93 72.84 68.97 48.4 ]
INFO:root:f1 score [1.  1.  1.  1.  0.8 0.6]
