INFO:root:Created new directory ./experiments/mnist/auto_FOE/dirichlet_mnist/n_20_m_64_f_0_T_100_runs_5_alpha_0.5
INFO:root:Initial dataloading done
INFO:root:runtime [50.76663303375244, 50.64623022079468, 50.63683533668518, 50.569098234176636, 50.57816433906555]
INFO:root:results [[[73.05]
  [81.8 ]
  [87.7 ]
  [89.25]
  [84.2 ]
  [78.55]]

 [[75.65]
  [75.8 ]
  [76.75]
  [83.3 ]
  [84.75]
  [83.3 ]]

 [[74.45]
  [78.95]
  [82.3 ]
  [84.35]
  [74.75]
  [80.65]]

 [[81.85]
  [85.55]
  [86.85]
  [79.65]
  [82.55]
  [85.9 ]]

 [[75.5 ]
  [87.65]
  [88.3 ]
  [83.15]
  [80.  ]
  [72.95]]]
INFO:root:Average accuracies [76.1  81.95 84.38 83.94 81.25 80.27]
INFO:root:f1 score [1. 1. 1. 1. 1. 1.]
