INFO:root:Created new directory ./experiments_distribution/mnist/SF/dirichlet_mnist/n_20_m_64_f_6_T_100_runs_5_alpha_0.5
INFO:root:Initial dataloading done
INFO:root:runtime [195.89656853675842, 185.02900314331055, 185.0963900089264, 184.97884035110474, 185.0060329437256]
INFO:root:results [[[84.9 ]
  [82.35]
  [81.7 ]
  [78.45]
  [58.35]
  [54.75]]

 [[59.8 ]
  [85.9 ]
  [80.15]
  [77.1 ]
  [68.2 ]
  [56.25]]

 [[77.15]
  [80.8 ]
  [78.95]
  [78.4 ]
  [39.15]
  [24.6 ]]

 [[84.4 ]
  [85.4 ]
  [82.85]
  [49.6 ]
  [32.1 ]
  [42.1 ]]

 [[76.8 ]
  [80.1 ]
  [81.6 ]
  [65.85]
  [53.2 ]
  [33.05]]]
INFO:root:Average accuracies [76.61 82.91 81.05 69.88 50.2  42.15]
INFO:root:f1 score [1. 1. 1. 1. 1. 1.]
