INFO:root:Created new directory ./experiments/mnist/auto_FOE/homogeneous/n_20_m_64_f_3_T_100_runs_5_alpha_1000.0
INFO:root:Initial dataloading done
INFO:root:runtime [159.953049659729, 159.72388648986816, 159.47225546836853, 159.47836089134216, 159.43656468391418]
INFO:root:results [[[73.9 ]
  [85.8 ]
  [88.05]
  [89.7 ]
  [89.95]
  [80.5 ]]

 [[80.8 ]
  [87.45]
  [88.55]
  [89.75]
  [90.4 ]
  [90.7 ]]

 [[80.25]
  [87.2 ]
  [89.45]
  [90.15]
  [90.45]
  [87.15]]

 [[73.9 ]
  [86.2 ]
  [88.6 ]
  [90.2 ]
  [89.85]
  [89.85]]

 [[76.05]
  [85.5 ]
  [87.95]
  [89.  ]
  [89.65]
  [89.85]]]
INFO:root:Average accuracies [76.98 86.43 88.52 89.76 90.06 87.61]
INFO:root:f1 score [0.99903534 1.         1.         1.         1.         1.        ]
