INFO:root:Created new directory ./experiments/mnist/SF/dirichlet_mnist/n_20_m_64_f_3_T_100_runs_5_alpha_0.5
INFO:root:Initial dataloading done
INFO:root:runtime [222.96728563308716, 222.30757856369019, 222.28790163993835, 222.48599815368652, 222.74020528793335]
INFO:root:results [[[72.8 ]
  [83.3 ]
  [84.05]
  [87.75]
  [63.  ]
  [59.55]]

 [[80.95]
  [85.5 ]
  [85.65]
  [85.35]
  [65.75]
  [69.5 ]]

 [[76.15]
  [73.35]
  [82.45]
  [83.4 ]
  [82.55]
  [56.3 ]]

 [[82.5 ]
  [80.15]
  [88.9 ]
  [76.8 ]
  [77.3 ]
  [73.7 ]]

 [[75.15]
  [82.05]
  [83.6 ]
  [80.8 ]
  [53.6 ]
  [64.95]]]
INFO:root:Average accuracies [77.51 80.87 84.93 82.82 68.44 64.8 ]
INFO:root:f1 score [1. 1. 1. 1. 1. 1.]
