INFO:root:Created new directory ./experiments/mnist/PR/homogeneous/n_20_m_32_f_9_T_100_runs_5_alpha_1000.0
INFO:root:Initial dataloading done
INFO:root:runtime [40.72785997390747, 40.46074390411377, 40.40351319313049, 40.473315954208374, 40.381980657577515]
INFO:root:results [[[58.35]
  [71.75]
  [80.95]
  [83.45]
  [83.4 ]
  [78.65]]

 [[64.5 ]
  [69.45]
  [73.95]
  [78.75]
  [79.25]
  [79.95]]

 [[61.4 ]
  [68.25]
  [75.45]
  [77.75]
  [79.05]
  [81.75]]

 [[60.65]
  [69.7 ]
  [74.8 ]
  [82.6 ]
  [82.4 ]
  [79.65]]

 [[57.4 ]
  [63.2 ]
  [72.6 ]
  [79.85]
  [79.5 ]
  [77.75]]]
INFO:root:Average accuracies [60.46 68.47 75.55 80.48 80.72 79.55]
INFO:root:f1 score [1. 1. 1. 1. 1. 1.]
