INFO:root:Created new directory ./experiments/mnist/GR/dirichlet_mnist/n_20_m_32_f_0_T_100_runs_5_alpha_0.5
INFO:root:Initial dataloading done
INFO:root:runtime [39.344154357910156, 39.14716649055481, 39.144442319869995, 39.13125133514404, 39.29770374298096]
INFO:root:results [[[73.75]
  [82.45]
  [88.1 ]
  [87.15]
  [87.9 ]
  [69.05]]

 [[77.65]
  [75.05]
  [80.85]
  [67.85]
  [53.8 ]
  [54.1 ]]

 [[67.8 ]
  [76.45]
  [81.8 ]
  [84.3 ]
  [86.55]
  [45.55]]

 [[71.3 ]
  [81.1 ]
  [74.05]
  [85.  ]
  [84.55]
  [52.45]]

 [[70.4 ]
  [76.8 ]
  [77.05]
  [70.75]
  [85.85]
  [70.55]]]
INFO:root:Average accuracies [72.18 78.37 80.37 79.01 79.73 58.34]
INFO:root:f1 score [1. 1. 1. 1. 1. 1.]
