INFO:root:Created new directory ./experiments/mnist/PR/dirichlet_mnist/n_20_m_32_f_6_T_100_runs_5_alpha_0.5_q
INFO:root:Initial dataloading done
INFO:root:runtime [290.89290976524353, 291.1883068084717, 292.18156695365906, 289.4699697494507, 291.8719689846039]
INFO:root:results [[[73.85]
  [80.1 ]
  [83.95]
  [79.  ]
  [68.1 ]
  [ 2.35]]

 [[69.05]
  [67.65]
  [76.15]
  [77.05]
  [75.55]
  [ 2.9 ]]

 [[72.15]
  [76.1 ]
  [74.25]
  [63.5 ]
  [70.45]
  [ 2.3 ]]

 [[77.95]
  [85.45]
  [82.4 ]
  [82.45]
  [68.15]
  [ 2.6 ]]

 [[73.35]
  [80.4 ]
  [84.1 ]
  [83.95]
  [73.95]
  [ 2.7 ]]]
INFO:root:Average accuracies [73.27 77.94 80.17 77.19 71.24  2.57]
INFO:root:f1 score [1.  1.  1.  1.  0.6 0. ]
