INFO:root:Created new directory ./experiments_distribution/mnist/SF/homogeneous/n_20_m_64_f_3_T_100_runs_5_alpha_1000.0
INFO:root:Initial dataloading done
INFO:root:runtime [65.95052433013916, 65.75793766975403, 65.67860436439514, 65.61871528625488, 65.68128108978271]
INFO:root:results [[[72.9 ]
  [84.7 ]
  [88.15]
  [89.5 ]
  [90.25]
  [90.1 ]]

 [[77.85]
  [88.1 ]
  [89.95]
  [90.6 ]
  [90.9 ]
  [83.6 ]]

 [[74.1 ]
  [86.25]
  [88.65]
  [90.2 ]
  [90.95]
  [91.7 ]]

 [[78.45]
  [86.95]
  [89.05]
  [90.35]
  [91.05]
  [91.7 ]]

 [[70.2 ]
  [86.25]
  [88.95]
  [90.75]
  [91.5 ]
  [91.55]]]
INFO:root:Average accuracies [74.7  86.45 88.95 90.28 90.93 89.73]
INFO:root:f1 score [0.99949109 0.9995086  1.         1.         1.         1.        ]
