INFO:root:Created new directory ./experiments/mnist/auto_ALIE/dirichlet_mnist/n_20_m_64_f_0_T_100_runs_5_alpha_0.5
INFO:root:Initial dataloading done
INFO:root:runtime [50.107717752456665, 49.99508810043335, 50.03601884841919, 50.01126408576965, 50.05483651161194]
INFO:root:results [[[75.95]
  [81.6 ]
  [73.7 ]
  [86.95]
  [83.7 ]
  [30.4 ]]

 [[75.3 ]
  [76.85]
  [79.8 ]
  [58.65]
  [82.  ]
  [80.5 ]]

 [[73.95]
  [79.75]
  [82.55]
  [80.7 ]
  [84.75]
  [79.9 ]]

 [[83.05]
  [85.7 ]
  [84.6 ]
  [80.75]
  [88.15]
  [85.15]]

 [[70.45]
  [87.55]
  [88.75]
  [78.35]
  [87.35]
  [82.5 ]]]
INFO:root:Average accuracies [75.74 82.29 81.88 77.08 85.19 71.69]
INFO:root:f1 score [1. 1. 1. 1. 1. 1.]
