INFO:root:Created new directory ./experiments/mnist/auto_FOE/dirichlet_mnist/n_20_m_32_f_6_T_100_runs_5_alpha_0.5
INFO:root:Initial dataloading done
INFO:root:runtime [110.33557486534119, 109.97006034851074, 109.94610476493835, 110.02196931838989, 110.0201826095581]
INFO:root:results [[[73.7 ]
  [79.4 ]
  [81.4 ]
  [80.9 ]
  [72.15]
  [ 2.65]]

 [[68.3 ]
  [72.8 ]
  [75.6 ]
  [74.35]
  [68.35]
  [ 2.9 ]]

 [[70.75]
  [75.3 ]
  [75.25]
  [69.95]
  [60.  ]
  [20.85]]

 [[77.95]
  [84.8 ]
  [78.7 ]
  [77.2 ]
  [74.2 ]
  [ 2.65]]

 [[73.3 ]
  [80.3 ]
  [80.3 ]
  [78.95]
  [55.5 ]
  [14.85]]]
INFO:root:Average accuracies [72.8  78.52 78.25 76.27 66.04  8.78]
INFO:root:f1 score [1.  1.  1.  1.  0.6 0.2]
