INFO:root:Created new directory ./experiments/mnist/SF/dirichlet_mnist/n_20_m_32_f_9_T_100_runs_5_alpha_0.5
INFO:root:Initial dataloading done
INFO:root:runtime [137.2809338569641, 135.96929240226746, 135.98528456687927, 135.9989378452301, 136.0208716392517]
INFO:root:results [[[73.9 ]
  [75.4 ]
  [75.95]
  [70.35]
  [57.6 ]
  [59.5 ]]

 [[72.3 ]
  [74.55]
  [72.75]
  [63.55]
  [56.75]
  [55.8 ]]

 [[72.65]
  [73.9 ]
  [73.6 ]
  [64.1 ]
  [58.5 ]
  [ 3.  ]]

 [[69.8 ]
  [69.  ]
  [68.5 ]
  [65.5 ]
  [58.35]
  [13.9 ]]

 [[71.5 ]
  [74.2 ]
  [72.8 ]
  [67.45]
  [58.5 ]
  [ 7.25]]]
INFO:root:Average accuracies [72.03 73.41 72.72 66.19 57.94 27.89]
INFO:root:f1 score [1.  1.  1.  0.8 0.  0. ]
