Namespace(n=20, m=64, test_m=2000, f=0, T=100, heterogeneity='dirichlet_mnist', alpha=0.5, attack='SF', agg='trmean', nb_run=5, dataset='mnist', model='cnn', lr=0.05, batch_size=32, nb_main_client=1, nb_classes=10, algo='IPGDW', eval_every=1, m_list='36,23,40,42,14,20,34,29,32,24,40,39,33,43,36,24,36,23,40,32')
device: cuda
{'n': 20, 'm': 64, 'test_m': 2000, 'f': 0, 'T': 100, 'heterogeneity': 'dirichlet_mnist', 'alpha': 0.5, 'attack': 'SF', 'agg': 'trmean', 'nb_run': 5, 'dataset': 'mnist', 'model': 'cnn', 'lr': 0.05, 'gamma': 0.2, 'nb_classes': 10, 'optim': 'gd', 'device': device(type='cuda'), 'seed': 0, 'batch_size': 32, 'nb_main_client': 1, 'eval_every': 1, 'algo': 'IPGDW'}
Namespace(n=20, m=64, test_m=2000, f=3, T=100, heterogeneity='dirichlet_mnist', alpha=0.5, attack='SF', agg='trmean', nb_run=5, dataset='mnist', model='cnn', lr=0.05, batch_size=32, nb_main_client=1, nb_classes=10, algo='IPGDW', eval_every=1, m_list='36,23,40,42,14,20,33,29,32,24,40,39,33,43,36,24,36')
device: cuda
{'n': 20, 'm': 64, 'test_m': 2000, 'f': 3, 'T': 100, 'heterogeneity': 'dirichlet_mnist', 'alpha': 0.5, 'attack': 'SF', 'agg': 'trmean', 'nb_run': 5, 'dataset': 'mnist', 'model': 'cnn', 'lr': 0.05, 'gamma': 0.2, 'nb_classes': 10, 'optim': 'gd', 'device': device(type='cuda'), 'seed': 0, 'batch_size': 32, 'nb_main_client': 1, 'eval_every': 1, 'algo': 'IPGDW'}
Namespace(n=20, m=64, test_m=2000, f=6, T=100, heterogeneity='dirichlet_mnist', alpha=0.5, attack='SF', agg='trmean', nb_run=5, dataset='mnist', model='cnn', lr=0.05, batch_size=32, nb_main_client=1, nb_classes=10, algo='IPGDW', eval_every=1, m_list='36,22,40,42,13,19,33,29,32,24,41,40,33,44')
device: cuda
{'n': 20, 'm': 64, 'test_m': 2000, 'f': 6, 'T': 100, 'heterogeneity': 'dirichlet_mnist', 'alpha': 0.5, 'attack': 'SF', 'agg': 'trmean', 'nb_run': 5, 'dataset': 'mnist', 'model': 'cnn', 'lr': 0.05, 'gamma': 0.2, 'nb_classes': 10, 'optim': 'gd', 'device': device(type='cuda'), 'seed': 0, 'batch_size': 32, 'nb_main_client': 1, 'eval_every': 1, 'algo': 'IPGDW'}
Namespace(n=20, m=64, test_m=2000, f=9, T=100, heterogeneity='dirichlet_mnist', alpha=0.5, attack='SF', agg='trmean', nb_run=5, dataset='mnist', model='cnn', lr=0.05, batch_size=32, nb_main_client=1, nb_classes=10, algo='IPGDW', eval_every=1, m_list='38,24,42,44,14,20,36,31,34,26,43')
device: cuda
{'n': 20, 'm': 64, 'test_m': 2000, 'f': 9, 'T': 100, 'heterogeneity': 'dirichlet_mnist', 'alpha': 0.5, 'attack': 'SF', 'agg': 'trmean', 'nb_run': 5, 'dataset': 'mnist', 'model': 'cnn', 'lr': 0.05, 'gamma': 0.2, 'nb_classes': 10, 'optim': 'gd', 'device': device(type='cuda'), 'seed': 0, 'batch_size': 32, 'nb_main_client': 1, 'eval_every': 1, 'algo': 'IPGDW'}
Namespace(n=20, m=64, test_m=2000, f=0, T=100, heterogeneity='dirichlet_mnist', alpha=0.5, attack='SF', agg='trmean', nb_run=5, dataset='mnist', model='cnn', lr=0.05, batch_size=64, nb_main_client=1, nb_classes=10, algo='IPGDW', eval_every=1, m_list='70,43,78,83,27,39,67,59,65,48,82,80,66,87,74,48,72,46,82,64')
device: cuda
{'n': 20, 'm': 64, 'test_m': 2000, 'f': 0, 'T': 100, 'heterogeneity': 'dirichlet_mnist', 'alpha': 0.5, 'attack': 'SF', 'agg': 'trmean', 'nb_run': 5, 'dataset': 'mnist', 'model': 'cnn', 'lr': 0.05, 'gamma': 0.2, 'nb_classes': 10, 'optim': 'gd', 'device': device(type='cuda'), 'seed': 0, 'batch_size': 64, 'nb_main_client': 1, 'eval_every': 1, 'algo': 'IPGDW'}
Namespace(n=20, m=64, test_m=2000, f=3, T=100, heterogeneity='dirichlet_mnist', alpha=0.5, attack='SF', agg='trmean', nb_run=5, dataset='mnist', model='cnn', lr=0.05, batch_size=64, nb_main_client=1, nb_classes=10, algo='IPGDW', eval_every=1, m_list='70,43,79,83,27,39,67,58,65,48,82,80,66,87,74,48,72')
device: cuda
{'n': 20, 'm': 64, 'test_m': 2000, 'f': 3, 'T': 100, 'heterogeneity': 'dirichlet_mnist', 'alpha': 0.5, 'attack': 'SF', 'agg': 'trmean', 'nb_run': 5, 'dataset': 'mnist', 'model': 'cnn', 'lr': 0.05, 'gamma': 0.2, 'nb_classes': 10, 'optim': 'gd', 'device': device(type='cuda'), 'seed': 0, 'batch_size': 64, 'nb_main_client': 1, 'eval_every': 1, 'algo': 'IPGDW'}
Namespace(n=20, m=64, test_m=2000, f=6, T=100, heterogeneity='dirichlet_mnist', alpha=0.5, attack='SF', agg='trmean', nb_run=5, dataset='mnist', model='cnn', lr=0.05, batch_size=64, nb_main_client=1, nb_classes=10, algo='IPGDW', eval_every=1, m_list='70,44,79,83,27,39,67,59,65,48,82,80,66,87')
device: cuda
{'n': 20, 'm': 64, 'test_m': 2000, 'f': 6, 'T': 100, 'heterogeneity': 'dirichlet_mnist', 'alpha': 0.5, 'attack': 'SF', 'agg': 'trmean', 'nb_run': 5, 'dataset': 'mnist', 'model': 'cnn', 'lr': 0.05, 'gamma': 0.2, 'nb_classes': 10, 'optim': 'gd', 'device': device(type='cuda'), 'seed': 0, 'batch_size': 64, 'nb_main_client': 1, 'eval_every': 1, 'algo': 'IPGDW'}
Namespace(n=20, m=64, test_m=2000, f=9, T=100, heterogeneity='dirichlet_mnist', alpha=0.5, attack='SF', agg='trmean', nb_run=5, dataset='mnist', model='cnn', lr=0.05, batch_size=64, nb_main_client=1, nb_classes=10, algo='IPGDW', eval_every=1, m_list='74,47,84,88,29,42,71,62,69,51,87')
device: cuda
{'n': 20, 'm': 64, 'test_m': 2000, 'f': 9, 'T': 100, 'heterogeneity': 'dirichlet_mnist', 'alpha': 0.5, 'attack': 'SF', 'agg': 'trmean', 'nb_run': 5, 'dataset': 'mnist', 'model': 'cnn', 'lr': 0.05, 'gamma': 0.2, 'nb_classes': 10, 'optim': 'gd', 'device': device(type='cuda'), 'seed': 0, 'batch_size': 64, 'nb_main_client': 1, 'eval_every': 1, 'algo': 'IPGDW'}
