Namespace(n=20, m=16, test_m=512, f=9, T=500, heterogeneity='dirichlet_phishing', alpha=3.0, attack='NS', agg='trmean', nb_run=5, dataset='phishing', model='logistic_phishing', lr=0.1, batch_size=16, nb_main_client=1, nb_classes=2, algo='IPGD', eval_every=1)
device: cpu
{'n': 20, 'm': 16, 'test_m': 512, 'f': 9, 'T': 500, 'heterogeneity': 'dirichlet_phishing', 'alpha': 3.0, 'attack': 'NS', 'agg': 'trmean', 'nb_run': 5, 'dataset': 'phishing', 'model': 'logistic_phishing', 'lr': 0.1, 'gamma': 0.2, 'nb_classes': 2, 'optim': 'gd', 'device': device(type='cpu'), 'seed': 0, 'batch_size': 16, 'nb_main_client': 1, 'eval_every': 1, 'algo': 'IPGD'}
Created new directory  ./experiments/phishing/NS/dirichlet_phishing/n_20_m_16_f_9_T_500_runs_5_alpha_3.0
Initial dataloading done
Run  0
Run  1
Run  2
Run  3
Run  4
runtime [14.331126928329468, 14.364582061767578, 14.397059679031372, 14.384243488311768, 14.377947568893433]
results [[[85.15625  ]
  [87.109375 ]
  [88.671875 ]
  [89.2578125]
  [90.8203125]
  [89.84375  ]]

 [[83.0078125]
  [85.7421875]
  [87.3046875]
  [88.0859375]
  [89.453125 ]
  [90.234375 ]]

 [[57.421875 ]
  [58.203125 ]
  [66.796875 ]
  [78.7109375]
  [85.15625  ]
  [88.0859375]]

 [[77.34375  ]
  [79.4921875]
  [83.7890625]
  [85.9375   ]
  [87.890625 ]
  [89.2578125]]

 [[60.7421875]
  [70.8984375]
  [81.4453125]
  [87.5      ]
  [90.4296875]
  [90.625    ]]]
Average accuracies for last run  [60.7421875 70.8984375 81.4453125 87.5       90.4296875 90.625    ]
f1 score for last run  [[0.63783784]
 [0.70377734]
 [0.78555305]
 [0.84236453]
 [0.87272727]
 [0.86885246]]
Average accuracies  [72.734375  76.2890625 81.6015625 85.8984375 88.75      89.609375 ]
F1 score [0.57471129 0.6196158  0.72543335 0.81029639 0.85625611 0.87038756]
Namespace(n=20, m=16, test_m=512, f=6, T=500, heterogeneity='dirichlet_phishing', alpha=3.0, attack='NS', agg='trmean', nb_run=5, dataset='phishing', model='logistic_phishing', lr=0.1, batch_size=16, nb_main_client=1, nb_classes=2, algo='IPGD', eval_every=1)
device: cpu
{'n': 20, 'm': 16, 'test_m': 512, 'f': 6, 'T': 500, 'heterogeneity': 'dirichlet_phishing', 'alpha': 3.0, 'attack': 'NS', 'agg': 'trmean', 'nb_run': 5, 'dataset': 'phishing', 'model': 'logistic_phishing', 'lr': 0.1, 'gamma': 0.2, 'nb_classes': 2, 'optim': 'gd', 'device': device(type='cpu'), 'seed': 0, 'batch_size': 16, 'nb_main_client': 1, 'eval_every': 1, 'algo': 'IPGD'}
Created new directory  ./experiments/phishing/NS/dirichlet_phishing/n_20_m_16_f_6_T_500_runs_5_alpha_3.0
Initial dataloading done
Run  0
Run  1
Run  2
Run  3
Run  4
runtime [17.22476863861084, 17.428840398788452, 17.180102586746216, 17.363940715789795, 17.345484256744385]
results [[[85.15625  ]
  [87.890625 ]
  [88.8671875]
  [89.84375  ]
  [88.8671875]
  [85.3515625]]

 [[83.0078125]
  [85.9375   ]
  [87.6953125]
  [88.671875 ]
  [90.8203125]
  [91.796875 ]]

 [[57.421875 ]
  [59.765625 ]
  [74.21875  ]
  [84.375    ]
  [87.3046875]
  [88.671875 ]]

 [[77.34375  ]
  [81.640625 ]
  [85.9375   ]
  [88.8671875]
  [89.6484375]
  [89.453125 ]]

 [[60.7421875]
  [70.703125 ]
  [81.0546875]
  [85.3515625]
  [89.84375  ]
  [91.2109375]]]
Average accuracies for last run  [60.7421875 70.703125  81.0546875 85.3515625 89.84375   91.2109375]
f1 score for last run  [[0.63783784]
 [0.70238095]
 [0.77904328]
 [0.81927711]
 [0.86666667]
 [0.8787062 ]]
Average accuracies  [72.734375  77.1875    83.5546875 87.421875  89.296875  89.296875 ]
F1 score [0.57471129 0.64484433 0.7757748  0.84176749 0.8686062  0.8727542 ]
Namespace(n=20, m=16, test_m=512, f=3, T=500, heterogeneity='dirichlet_phishing', alpha=3.0, attack='NS', agg='trmean', nb_run=5, dataset='phishing', model='logistic_phishing', lr=0.1, batch_size=16, nb_main_client=1, nb_classes=2, algo='IPGD', eval_every=1)
device: cpu
{'n': 20, 'm': 16, 'test_m': 512, 'f': 3, 'T': 500, 'heterogeneity': 'dirichlet_phishing', 'alpha': 3.0, 'attack': 'NS', 'agg': 'trmean', 'nb_run': 5, 'dataset': 'phishing', 'model': 'logistic_phishing', 'lr': 0.1, 'gamma': 0.2, 'nb_classes': 2, 'optim': 'gd', 'device': device(type='cpu'), 'seed': 0, 'batch_size': 16, 'nb_main_client': 1, 'eval_every': 1, 'algo': 'IPGD'}
Created new directory  ./experiments/phishing/NS/dirichlet_phishing/n_20_m_16_f_3_T_500_runs_5_alpha_3.0
Initial dataloading done
Run  0
Run  1
Run  2
Run  3
Run  4
runtime [19.987008094787598, 19.973397254943848, 20.032907724380493, 20.029714822769165, 19.999825716018677]
results [[[85.15625  ]
  [87.890625 ]
  [88.4765625]
  [88.671875 ]
  [88.28125  ]
  [83.59375  ]]

 [[83.0078125]
  [85.9375   ]
  [86.9140625]
  [89.2578125]
  [90.0390625]
  [91.015625 ]]

 [[57.421875 ]
  [61.5234375]
  [78.125    ]
  [87.3046875]
  [89.0625   ]
  [88.671875 ]]

 [[77.34375  ]
  [82.421875 ]
  [85.9375   ]
  [87.5      ]
  [89.2578125]
  [87.3046875]]

 [[60.7421875]
  [67.578125 ]
  [78.125    ]
  [83.203125 ]
  [88.0859375]
  [89.84375  ]]]
Average accuracies for last run  [60.7421875 67.578125  78.125     83.203125  88.0859375 89.84375  ]
f1 score for last run  [[0.63783784]
 [0.68199234]
 [0.76271186]
 [0.80630631]
 [0.85230024]
 [0.87      ]]
Average accuracies  [72.734375  77.0703125 83.515625  87.1875    88.9453125 88.0859375]
F1 score [0.57471129 0.65970828 0.79042464 0.84658193 0.86939996 0.86365576]
Namespace(n=20, m=16, test_m=512, f=0, T=500, heterogeneity='dirichlet_phishing', alpha=3.0, attack='NS', agg='trmean', nb_run=5, dataset='phishing', model='logistic_phishing', lr=0.1, batch_size=16, nb_main_client=1, nb_classes=2, algo='IPGD', eval_every=1)
device: cpu
{'n': 20, 'm': 16, 'test_m': 512, 'f': 0, 'T': 500, 'heterogeneity': 'dirichlet_phishing', 'alpha': 3.0, 'attack': 'NS', 'agg': 'trmean', 'nb_run': 5, 'dataset': 'phishing', 'model': 'logistic_phishing', 'lr': 0.1, 'gamma': 0.2, 'nb_classes': 2, 'optim': 'gd', 'device': device(type='cpu'), 'seed': 0, 'batch_size': 16, 'nb_main_client': 1, 'eval_every': 1, 'algo': 'IPGD'}
Created new directory  ./experiments/phishing/NS/dirichlet_phishing/n_20_m_16_f_0_T_500_runs_5_alpha_3.0
Initial dataloading done
Run  0
Run  1
Run  2
Run  3
Run  4
runtime [22.74912691116333, 22.567992210388184, 22.70706844329834, 22.711782455444336, 22.602560997009277]
results [[[85.15625  ]
  [87.890625 ]
  [88.671875 ]
  [89.2578125]
  [90.0390625]
  [89.2578125]]

 [[83.0078125]
  [86.1328125]
  [87.5      ]
  [89.2578125]
  [90.234375 ]
  [90.8203125]]

 [[57.421875 ]
  [64.453125 ]
  [79.8828125]
  [88.671875 ]
  [90.234375 ]
  [89.0625   ]]

 [[77.34375  ]
  [83.203125 ]
  [86.1328125]
  [88.4765625]
  [90.234375 ]
  [90.234375 ]]

 [[60.7421875]
  [69.7265625]
  [81.25     ]
  [86.71875  ]
  [89.0625   ]
  [90.4296875]]]
Average accuracies for last run  [60.7421875 69.7265625 81.25      86.71875   89.0625    90.4296875]
f1 score for last run  [[0.63783784]
 [0.69667319]
 [0.79039301]
 [0.84037559]
 [0.86206897]
 [0.87531807]]
Average accuracies  [72.734375  78.28125   84.6875    88.4765625 89.9609375 89.9609375]
F1 score [0.57471129 0.68597794 0.80484961 0.86032581 0.88043899 0.8825514 ]
Namespace(n=20, m=48, test_m=512, f=9, T=500, heterogeneity='dirichlet_phishing', alpha=3.0, attack='NS', agg='trmean', nb_run=5, dataset='phishing', model='logistic_phishing', lr=0.1, batch_size=48, nb_main_client=1, nb_classes=2, algo='IPGD', eval_every=1)
device: cpu
{'n': 20, 'm': 48, 'test_m': 512, 'f': 9, 'T': 500, 'heterogeneity': 'dirichlet_phishing', 'alpha': 3.0, 'attack': 'NS', 'agg': 'trmean', 'nb_run': 5, 'dataset': 'phishing', 'model': 'logistic_phishing', 'lr': 0.1, 'gamma': 0.2, 'nb_classes': 2, 'optim': 'gd', 'device': device(type='cpu'), 'seed': 0, 'batch_size': 48, 'nb_main_client': 1, 'eval_every': 1, 'algo': 'IPGD'}
Created new directory  ./experiments/phishing/NS/dirichlet_phishing/n_20_m_48_f_9_T_500_runs_5_alpha_3.0
Initial dataloading done
Run  0
Run  1
Run  2
Run  3
Run  4
runtime [18.038094758987427, 17.997743368148804, 17.810989379882812, 18.009033203125, 18.133913040161133]
results [[[90.4296875]
  [90.0390625]
  [89.84375  ]
  [90.234375 ]
  [90.4296875]
  [90.4296875]]

 [[91.2109375]
  [91.6015625]
  [91.796875 ]
  [90.8203125]
  [91.015625 ]
  [89.84375  ]]

 [[72.0703125]
  [77.34375  ]
  [81.4453125]
  [83.984375 ]
  [86.71875  ]
  [90.0390625]]

 [[85.3515625]
  [85.9375   ]
  [87.3046875]
  [89.453125 ]
  [91.40625  ]
  [92.3828125]]

 [[88.0859375]
  [88.4765625]
  [89.2578125]
  [89.2578125]
  [90.0390625]
  [90.234375 ]]]
Average accuracies for last run  [88.0859375 88.4765625 89.2578125 89.2578125 90.0390625 90.234375 ]
f1 score for last run  [[0.85230024]
 [0.85574572]
 [0.86552567]
 [0.86552567]
 [0.87407407]
 [0.87623762]]
Average accuracies  [85.4296875 86.6796875 87.9296875 88.75      89.921875  90.5859375]
F1 score [0.78625296 0.81635159 0.84113424 0.8566344  0.87475267 0.88517916]
Namespace(n=20, m=48, test_m=512, f=6, T=500, heterogeneity='dirichlet_phishing', alpha=3.0, attack='NS', agg='trmean', nb_run=5, dataset='phishing', model='logistic_phishing', lr=0.1, batch_size=48, nb_main_client=1, nb_classes=2, algo='IPGD', eval_every=1)
device: cpu
{'n': 20, 'm': 48, 'test_m': 512, 'f': 6, 'T': 500, 'heterogeneity': 'dirichlet_phishing', 'alpha': 3.0, 'attack': 'NS', 'agg': 'trmean', 'nb_run': 5, 'dataset': 'phishing', 'model': 'logistic_phishing', 'lr': 0.1, 'gamma': 0.2, 'nb_classes': 2, 'optim': 'gd', 'device': device(type='cpu'), 'seed': 0, 'batch_size': 48, 'nb_main_client': 1, 'eval_every': 1, 'algo': 'IPGD'}
Created new directory  ./experiments/phishing/NS/dirichlet_phishing/n_20_m_48_f_6_T_500_runs_5_alpha_3.0
Initial dataloading done
Run  0
Run  1
Run  2
Run  3
Run  4
runtime [21.930934190750122, 21.90355372428894, 21.924795866012573, 21.47351837158203, 21.22386646270752]
results [[[90.4296875]
  [90.4296875]
  [90.0390625]
  [90.0390625]
  [91.2109375]
  [91.2109375]]

 [[91.2109375]
  [91.6015625]
  [91.6015625]
  [91.40625  ]
  [91.40625  ]
  [91.2109375]]

 [[72.0703125]
  [78.3203125]
  [82.421875 ]
  [86.328125 ]
  [89.6484375]
  [91.015625 ]]

 [[85.3515625]
  [86.328125 ]
  [88.4765625]
  [90.234375 ]
  [91.015625 ]
  [92.1875   ]]

 [[88.0859375]
  [87.890625 ]
  [89.0625   ]
  [89.2578125]
  [89.453125 ]
  [89.84375  ]]]
Average accuracies for last run  [88.0859375 87.890625  89.0625    89.2578125 89.453125  89.84375  ]
f1 score for last run  [[0.85230024]
 [0.84951456]
 [0.86407767]
 [0.86618005]
 [0.86829268]
 [0.87317073]]
Average accuracies  [85.4296875 86.9140625 88.3203125 89.453125  90.546875  91.09375  ]
F1 score [0.78625296 0.82330799 0.84979667 0.86943639 0.88523367 0.89294587]
Namespace(n=20, m=48, test_m=512, f=3, T=500, heterogeneity='dirichlet_phishing', alpha=3.0, attack='NS', agg='trmean', nb_run=5, dataset='phishing', model='logistic_phishing', lr=0.1, batch_size=48, nb_main_client=1, nb_classes=2, algo='IPGD', eval_every=1)
device: cpu
{'n': 20, 'm': 48, 'test_m': 512, 'f': 3, 'T': 500, 'heterogeneity': 'dirichlet_phishing', 'alpha': 3.0, 'attack': 'NS', 'agg': 'trmean', 'nb_run': 5, 'dataset': 'phishing', 'model': 'logistic_phishing', 'lr': 0.1, 'gamma': 0.2, 'nb_classes': 2, 'optim': 'gd', 'device': device(type='cpu'), 'seed': 0, 'batch_size': 48, 'nb_main_client': 1, 'eval_every': 1, 'algo': 'IPGD'}
Created new directory  ./experiments/phishing/NS/dirichlet_phishing/n_20_m_48_f_3_T_500_runs_5_alpha_3.0
Initial dataloading done
Run  0
Run  1
Run  2
Run  3
Run  4
runtime [25.15661859512329, 25.266674280166626, 25.2724027633667, 25.172805786132812, 25.20184087753296]
results [[[90.4296875]
  [89.84375  ]
  [90.4296875]
  [90.8203125]
  [91.2109375]
  [90.0390625]]

 [[91.2109375]
  [91.9921875]
  [91.796875 ]
  [91.796875 ]
  [91.2109375]
  [91.6015625]]

 [[72.0703125]
  [79.296875 ]
  [83.203125 ]
  [87.6953125]
  [91.40625  ]
  [90.234375 ]]

 [[85.3515625]
  [86.1328125]
  [88.671875 ]
  [88.4765625]
  [90.4296875]
  [90.0390625]]

 [[88.0859375]
  [88.4765625]
  [88.671875 ]
  [89.2578125]
  [89.0625   ]
  [88.8671875]]]
Average accuracies for last run  [88.0859375 88.4765625 88.671875  89.2578125 89.0625    88.8671875]
f1 score for last run  [[0.85230024]
 [0.85714286]
 [0.86057692]
 [0.86682809]
 [0.8647343 ]
 [0.8626506 ]]
Average accuracies  [85.4296875 87.1484375 88.5546875 89.609375  90.6640625 90.15625  ]
F1 score [0.78625296 0.8287053  0.85542299 0.87421046 0.88958673 0.88534689]
Namespace(n=20, m=48, test_m=512, f=0, T=500, heterogeneity='dirichlet_phishing', alpha=3.0, attack='NS', agg='trmean', nb_run=5, dataset='phishing', model='logistic_phishing', lr=0.1, batch_size=48, nb_main_client=1, nb_classes=2, algo='IPGD', eval_every=1)
device: cpu
{'n': 20, 'm': 48, 'test_m': 512, 'f': 0, 'T': 500, 'heterogeneity': 'dirichlet_phishing', 'alpha': 3.0, 'attack': 'NS', 'agg': 'trmean', 'nb_run': 5, 'dataset': 'phishing', 'model': 'logistic_phishing', 'lr': 0.1, 'gamma': 0.2, 'nb_classes': 2, 'optim': 'gd', 'device': device(type='cpu'), 'seed': 0, 'batch_size': 48, 'nb_main_client': 1, 'eval_every': 1, 'algo': 'IPGD'}
Created new directory  ./experiments/phishing/NS/dirichlet_phishing/n_20_m_48_f_0_T_500_runs_5_alpha_3.0
Initial dataloading done
Run  0
Run  1
Run  2
Run  3
Run  4
runtime [28.663976669311523, 28.687851190567017, 28.56926918029785, 28.596099853515625, 28.63789463043213]
results [[[90.4296875]
  [89.84375  ]
  [90.4296875]
  [90.4296875]
  [91.40625  ]
  [90.8203125]]

 [[91.2109375]
  [91.9921875]
  [91.796875 ]
  [91.6015625]
  [91.9921875]
  [91.796875 ]]

 [[72.0703125]
  [79.4921875]
  [84.9609375]
  [89.2578125]
  [90.8203125]
  [90.0390625]]

 [[85.3515625]
  [85.9375   ]
  [88.671875 ]
  [89.2578125]
  [90.4296875]
  [90.625    ]]

 [[88.0859375]
  [88.671875 ]
  [89.0625   ]
  [89.453125 ]
  [89.84375  ]
  [89.453125 ]]]
Average accuracies for last run  [88.0859375 88.671875  89.0625    89.453125  89.84375   89.453125 ]
f1 score for last run  [[0.85230024]
 [0.8592233 ]
 [0.86407767]
 [0.86893204]
 [0.87317073]
 [0.86893204]]
Average accuracies  [85.4296875 87.1875    88.984375  90.        90.8984375 90.546875 ]
F1 score [0.78625296 0.82941195 0.86247589 0.87962637 0.89246472 0.88957745]
Namespace(n=20, m=128, test_m=512, f=9, T=500, heterogeneity='dirichlet_phishing', alpha=3.0, attack='NS', agg='trmean', nb_run=5, dataset='phishing', model='logistic_phishing', lr=0.1, batch_size=128, nb_main_client=1, nb_classes=2, algo='IPGD', eval_every=1)
device: cpu
{'n': 20, 'm': 128, 'test_m': 512, 'f': 9, 'T': 500, 'heterogeneity': 'dirichlet_phishing', 'alpha': 3.0, 'attack': 'NS', 'agg': 'trmean', 'nb_run': 5, 'dataset': 'phishing', 'model': 'logistic_phishing', 'lr': 0.1, 'gamma': 0.2, 'nb_classes': 2, 'optim': 'gd', 'device': device(type='cpu'), 'seed': 0, 'batch_size': 128, 'nb_main_client': 1, 'eval_every': 1, 'algo': 'IPGD'}
Created new directory  ./experiments/phishing/NS/dirichlet_phishing/n_20_m_128_f_9_T_500_runs_5_alpha_3.0
Initial dataloading done
Run  0
Run  1
Run  2
Run  3
Run  4
runtime [26.72069501876831, 26.753907918930054, 26.695944786071777, 26.762638330459595, 26.710957765579224]
results [[[91.015625 ]
  [91.2109375]
  [91.2109375]
  [91.015625 ]
  [91.2109375]
  [91.2109375]]

 [[90.8203125]
  [91.2109375]
  [91.9921875]
  [92.1875   ]
  [91.796875 ]
  [91.9921875]]

 [[80.2734375]
  [81.640625 ]
  [84.765625 ]
  [87.109375 ]
  [88.28125  ]
  [89.84375  ]]

 [[88.4765625]
  [89.2578125]
  [90.4296875]
  [91.6015625]
  [91.9921875]
  [92.578125 ]]

 [[92.1875   ]
  [92.1875   ]
  [91.6015625]
  [92.3828125]
  [92.1875   ]
  [91.9921875]]]
Average accuracies for last run  [92.1875    92.1875    91.6015625 92.3828125 92.1875    91.9921875]
f1 score for last run  [[0.89690722]
 [0.89690722]
 [0.88888889]
 [0.89817232]
 [0.89583333]
 [0.89238845]]
Average accuracies  [88.5546875 89.1015625 90.        90.859375  91.09375   91.5234375]
F1 score [0.84479665 0.85633655 0.87175346 0.88513885 0.8890811  0.89576983]
Namespace(n=20, m=128, test_m=512, f=6, T=500, heterogeneity='dirichlet_phishing', alpha=3.0, attack='NS', agg='trmean', nb_run=5, dataset='phishing', model='logistic_phishing', lr=0.1, batch_size=128, nb_main_client=1, nb_classes=2, algo='IPGD', eval_every=1)
device: cpu
{'n': 20, 'm': 128, 'test_m': 512, 'f': 6, 'T': 500, 'heterogeneity': 'dirichlet_phishing', 'alpha': 3.0, 'attack': 'NS', 'agg': 'trmean', 'nb_run': 5, 'dataset': 'phishing', 'model': 'logistic_phishing', 'lr': 0.1, 'gamma': 0.2, 'nb_classes': 2, 'optim': 'gd', 'device': device(type='cpu'), 'seed': 0, 'batch_size': 128, 'nb_main_client': 1, 'eval_every': 1, 'algo': 'IPGD'}
Created new directory  ./experiments/phishing/NS/dirichlet_phishing/n_20_m_128_f_6_T_500_runs_5_alpha_3.0
Initial dataloading done
Run  0
Run  1
Run  2
Run  3
Run  4
runtime [32.737112283706665, 32.884485483169556, 32.652101039886475, 32.766326904296875, 32.79084372520447]
results [[[91.015625 ]
  [91.40625  ]
  [91.796875 ]
  [91.796875 ]
  [92.1875   ]
  [91.796875 ]]

 [[90.8203125]
  [91.796875 ]
  [92.1875   ]
  [92.1875   ]
  [92.7734375]
  [92.96875  ]]

 [[80.2734375]
  [82.8125   ]
  [86.5234375]
  [88.671875 ]
  [89.6484375]
  [90.4296875]]

 [[88.4765625]
  [89.6484375]
  [90.4296875]
  [91.796875 ]
  [91.9921875]
  [91.9921875]]

 [[92.1875   ]
  [92.3828125]
  [92.1875   ]
  [91.6015625]
  [92.1875   ]
  [92.96875  ]]]
Average accuracies for last run  [92.1875    92.3828125 92.1875    91.6015625 92.1875    92.96875  ]
f1 score for last run  [[0.89690722]
 [0.89974293]
 [0.89795918]
 [0.89058524]
 [0.8989899 ]
 [0.90862944]]
Average accuracies  [88.5546875 89.609375  90.625     91.2109375 91.7578125 92.03125  ]
F1 score [0.84479665 0.86475467 0.88256739 0.89133939 0.90012397 0.90508068]
Namespace(n=20, m=128, test_m=512, f=3, T=500, heterogeneity='dirichlet_phishing', alpha=3.0, attack='NS', agg='trmean', nb_run=5, dataset='phishing', model='logistic_phishing', lr=0.1, batch_size=128, nb_main_client=1, nb_classes=2, algo='IPGD', eval_every=1)
device: cpu
{'n': 20, 'm': 128, 'test_m': 512, 'f': 3, 'T': 500, 'heterogeneity': 'dirichlet_phishing', 'alpha': 3.0, 'attack': 'NS', 'agg': 'trmean', 'nb_run': 5, 'dataset': 'phishing', 'model': 'logistic_phishing', 'lr': 0.1, 'gamma': 0.2, 'nb_classes': 2, 'optim': 'gd', 'device': device(type='cpu'), 'seed': 0, 'batch_size': 128, 'nb_main_client': 1, 'eval_every': 1, 'algo': 'IPGD'}
Created new directory  ./experiments/phishing/NS/dirichlet_phishing/n_20_m_128_f_3_T_500_runs_5_alpha_3.0
Initial dataloading done
Run  0
Run  1
Run  2
Run  3
Run  4
runtime [39.710933208465576, 39.771281719207764, 39.75623297691345, 39.78321409225464, 39.76494359970093]
results [[[91.015625 ]
  [91.6015625]
  [91.9921875]
  [91.796875 ]
  [91.2109375]
  [91.015625 ]]

 [[90.8203125]
  [91.9921875]
  [92.1875   ]
  [92.578125 ]
  [92.3828125]
  [92.1875   ]]

 [[80.2734375]
  [84.1796875]
  [87.109375 ]
  [90.234375 ]
  [90.0390625]
  [89.0625   ]]

 [[88.4765625]
  [89.84375  ]
  [91.6015625]
  [91.796875 ]
  [91.9921875]
  [91.9921875]]

 [[92.1875   ]
  [91.6015625]
  [91.796875 ]
  [92.3828125]
  [92.1875   ]
  [91.796875 ]]]
Average accuracies for last run  [92.1875    91.6015625 91.796875  92.3828125 92.1875    91.796875 ]
f1 score for last run  [[0.89690722]
 [0.89113924]
 [0.89552239]
 [0.9037037 ]
 [0.90147783]
 [0.89805825]]
Average accuracies  [88.5546875 89.84375   90.9375    91.7578125 91.5625    91.2109375]
F1 score [0.84479665 0.86983526 0.88802695 0.9006189  0.90031738 0.89820862]
Namespace(n=20, m=128, test_m=512, f=0, T=500, heterogeneity='dirichlet_phishing', alpha=3.0, attack='NS', agg='trmean', nb_run=5, dataset='phishing', model='logistic_phishing', lr=0.1, batch_size=128, nb_main_client=1, nb_classes=2, algo='IPGD', eval_every=1)
device: cpu
{'n': 20, 'm': 128, 'test_m': 512, 'f': 0, 'T': 500, 'heterogeneity': 'dirichlet_phishing', 'alpha': 3.0, 'attack': 'NS', 'agg': 'trmean', 'nb_run': 5, 'dataset': 'phishing', 'model': 'logistic_phishing', 'lr': 0.1, 'gamma': 0.2, 'nb_classes': 2, 'optim': 'gd', 'device': device(type='cpu'), 'seed': 0, 'batch_size': 128, 'nb_main_client': 1, 'eval_every': 1, 'algo': 'IPGD'}
Created new directory  ./experiments/phishing/NS/dirichlet_phishing/n_20_m_128_f_0_T_500_runs_5_alpha_3.0
Initial dataloading done
Run  0
Run  1
Run  2
Run  3
Run  4
runtime [44.42265200614929, 44.665892362594604, 43.79385685920715, 43.615853786468506, 43.68546676635742]
results [[[91.015625 ]
  [91.6015625]
  [91.9921875]
  [91.796875 ]
  [91.2109375]
  [91.2109375]]

 [[90.8203125]
  [91.9921875]
  [92.1875   ]
  [92.7734375]
  [92.578125 ]
  [91.9921875]]

 [[80.2734375]
  [84.375    ]
  [88.4765625]
  [90.0390625]
  [90.4296875]
  [89.0625   ]]

 [[88.4765625]
  [90.234375 ]
  [91.9921875]
  [91.9921875]
  [92.1875   ]
  [92.1875   ]]

 [[92.1875   ]
  [91.6015625]
  [91.9921875]
  [92.1875   ]
  [91.6015625]
  [91.6015625]]]
Average accuracies for last run  [92.1875    91.6015625 91.9921875 92.1875    91.6015625 91.6015625]
f1 score for last run  [[0.89690722]
 [0.89168766]
 [0.89826303]
 [0.90147783]
 [0.89537713]
 [0.89588378]]
Average accuracies  [88.5546875 89.9609375 91.328125  91.7578125 91.6015625 91.2109375]
F1 score [0.84479665 0.8719646  0.89365118 0.90093805 0.90111737 0.89827147]
