INFO:root:Created new directory ./experiments/mnist/SF/dirichlet_mnist/n_20_m_32_f_3_T_100_runs_5_alpha_0.5
INFO:root:Initial dataloading done
INFO:root:runtime [209.5974862575531, 176.24301481246948, 176.15855383872986, 175.27232599258423, 174.745192527771]
INFO:root:results [[[68.45]
  [69.55]
  [78.45]
  [83.25]
  [61.6 ]
  [77.4 ]]

 [[73.05]
  [80.45]
  [82.1 ]
  [83.75]
  [83.85]
  [74.8 ]]

 [[73.7 ]
  [79.8 ]
  [77.95]
  [75.35]
  [75.4 ]
  [46.25]]

 [[80.85]
  [85.8 ]
  [86.15]
  [63.85]
  [45.65]
  [75.05]]

 [[64.55]
  [72.25]
  [76.45]
  [79.05]
  [81.  ]
  [65.25]]]
INFO:root:Average accuracies [72.12 77.57 80.22 77.05 69.5  67.75]
INFO:root:f1 score [0.6 0.8 1.  1.  1.  1. ]
