INFO:root:Created new directory ./experiments/mnist/auto_FOE/homogeneous/n_20_m_64_f_9_T_100_runs_5_alpha_1000.0
INFO:root:Initial dataloading done
INFO:root:runtime [123.09593224525452, 122.98464775085449, 122.88789558410645, 122.85914015769958, 123.08378887176514]
INFO:root:results [[[73.85]
  [75.45]
  [75.4 ]
  [77.65]
  [77.9 ]
  [38.95]]

 [[81.4 ]
  [78.05]
  [75.15]
  [76.05]
  [69.95]
  [66.95]]

 [[80.45]
  [78.55]
  [77.15]
  [77.5 ]
  [73.25]
  [67.25]]

 [[73.75]
  [75.  ]
  [73.4 ]
  [74.25]
  [67.1 ]
  [37.  ]]

 [[76.1 ]
  [77.8 ]
  [78.5 ]
  [79.65]
  [78.45]
  [42.3 ]]]
INFO:root:Average accuracies [77.11 76.97 75.92 77.02 73.33 50.49]
INFO:root:f1 score [0.99903286 0.99903779 0.99903286 0.99904735 0.99953162 0.99854446]
