INFO:root:Created new directory ./experiments/mnist/PR/dirichlet_mnist/n_20_m_64_f_3_T_100_runs_5_alpha_0.5
INFO:root:Initial dataloading done
INFO:root:runtime [46.16122007369995, 45.88200306892395, 45.89017200469971, 45.773199796676636, 45.932647943496704]
INFO:root:results [[[73.2 ]
  [84.8 ]
  [87.15]
  [88.65]
  [81.5 ]
  [65.  ]]

 [[72.55]
  [85.2 ]
  [86.1 ]
  [83.  ]
  [81.05]
  [79.5 ]]

 [[76.6 ]
  [80.9 ]
  [49.9 ]
  [73.  ]
  [85.05]
  [80.3 ]]

 [[82.55]
  [87.85]
  [84.7 ]
  [76.15]
  [57.8 ]
  [77.95]]

 [[75.25]
  [82.15]
  [82.15]
  [71.75]
  [78.95]
  [43.8 ]]]
INFO:root:Average accuracies [76.03 84.18 78.   78.51 76.87 69.31]
INFO:root:f1 score [1. 1. 1. 1. 1. 1.]
