INFO:root:Created new directory ./experiments/mnist/SF/dirichlet_mnist/n_20_m_64_f_3_T_100_runs_5_alpha_0.5
INFO:root:Initial dataloading done
INFO:root:runtime [46.78664588928223, 46.281726121902466, 46.38989615440369, 46.386221170425415, 46.581387758255005]
INFO:root:results [[[73.15]
  [85.25]
  [85.3 ]
  [53.  ]
  [81.2 ]
  [67.4 ]]

 [[81.  ]
  [85.4 ]
  [67.3 ]
  [84.2 ]
  [84.7 ]
  [69.5 ]]

 [[76.25]
  [79.35]
  [74.95]
  [83.35]
  [76.5 ]
  [54.7 ]]

 [[82.45]
  [88.5 ]
  [84.25]
  [82.15]
  [77.45]
  [74.35]]

 [[75.2 ]
  [82.45]
  [80.9 ]
  [81.1 ]
  [62.95]
  [69.25]]]
INFO:root:Average accuracies [77.61 84.19 78.54 76.76 76.56 67.04]
INFO:root:f1 score [1. 1. 1. 1. 1. 1.]
