INFO:root:Created new directory ./experiments/phishing/SF/dirichlet_phishing/n_20_m_48_f_3_T_500_runs_5_alpha_3.0
INFO:root:Initial dataloading done
INFO:root:[[0.66531973 0.33468027]
 [0.83704334 0.16295666]
 [0.42425258 0.57574742]
 [0.58894357 0.41105643]
 [0.51562438 0.48437562]
 [0.71644541 0.28355459]
 [0.0701312  0.9298688 ]
 [0.90013737 0.09986263]
 [0.50743154 0.49256846]
 [0.72199581 0.27800419]
 [0.50342302 0.49657698]
 [0.57550563 0.42449437]
 [0.48787059 0.51212941]
 [0.25621851 0.74378149]
 [0.30288402 0.69711598]
 [0.43320979 0.56679021]
 [0.45382971 0.54617029]
 [0.6810999  0.3189001 ]
 [0.18472966 0.81527034]
 [0.58376666 0.41623334]]
INFO:root:[[0.66531973 0.33468027]
 [0.83704334 0.16295666]
 [0.42425258 0.57574742]
 [0.58894357 0.41105643]
 [0.51562438 0.48437562]
 [0.71644541 0.28355459]
 [0.0701312  0.9298688 ]
 [0.90013737 0.09986263]
 [0.50743154 0.49256846]
 [0.72199581 0.27800419]
 [0.50342302 0.49657698]
 [0.57550563 0.42449437]
 [0.48787059 0.51212941]
 [0.25621851 0.74378149]
 [0.30288402 0.69711598]
 [0.43320979 0.56679021]
 [0.45382971 0.54617029]
 [0.6810999  0.3189001 ]
 [0.18472966 0.81527034]
 [0.58376666 0.41623334]]
INFO:root:[[0.66531973 0.33468027]
 [0.83704334 0.16295666]
 [0.42425258 0.57574742]
 [0.58894357 0.41105643]
 [0.51562438 0.48437562]
 [0.71644541 0.28355459]
 [0.0701312  0.9298688 ]
 [0.90013737 0.09986263]
 [0.50743154 0.49256846]
 [0.72199581 0.27800419]
 [0.50342302 0.49657698]
 [0.57550563 0.42449437]
 [0.48787059 0.51212941]
 [0.25621851 0.74378149]
 [0.30288402 0.69711598]
 [0.43320979 0.56679021]
 [0.45382971 0.54617029]
 [0.6810999  0.3189001 ]
 [0.18472966 0.81527034]
 [0.58376666 0.41623334]]
INFO:root:[[0.66531973 0.33468027]
 [0.83704334 0.16295666]
 [0.42425258 0.57574742]
 [0.58894357 0.41105643]
 [0.51562438 0.48437562]
 [0.71644541 0.28355459]
 [0.0701312  0.9298688 ]
 [0.90013737 0.09986263]
 [0.50743154 0.49256846]
 [0.72199581 0.27800419]
 [0.50342302 0.49657698]
 [0.57550563 0.42449437]
 [0.48787059 0.51212941]
 [0.25621851 0.74378149]
 [0.30288402 0.69711598]
 [0.43320979 0.56679021]
 [0.45382971 0.54617029]
 [0.6810999  0.3189001 ]
 [0.18472966 0.81527034]
 [0.58376666 0.41623334]]
INFO:root:[[0.66531973 0.33468027]
 [0.83704334 0.16295666]
 [0.42425258 0.57574742]
 [0.58894357 0.41105643]
 [0.51562438 0.48437562]
 [0.71644541 0.28355459]
 [0.0701312  0.9298688 ]
 [0.90013737 0.09986263]
 [0.50743154 0.49256846]
 [0.72199581 0.27800419]
 [0.50342302 0.49657698]
 [0.57550563 0.42449437]
 [0.48787059 0.51212941]
 [0.25621851 0.74378149]
 [0.30288402 0.69711598]
 [0.43320979 0.56679021]
 [0.45382971 0.54617029]
 [0.6810999  0.3189001 ]
 [0.18472966 0.81527034]
 [0.58376666 0.41623334]]
INFO:root:runtime [31.81861639022827, 31.783010959625244, 31.83505129814148, 31.665771961212158, 31.662019968032837]
INFO:root:results [[[90.4296875]
  [90.0390625]
  [89.6484375]
  [90.0390625]
  [90.4296875]
  [88.671875 ]]

 [[91.2109375]
  [91.796875 ]
  [91.9921875]
  [91.796875 ]
  [91.6015625]
  [89.84375  ]]

 [[72.0703125]
  [77.5390625]
  [81.4453125]
  [83.7890625]
  [87.3046875]
  [90.8203125]]

 [[85.3515625]
  [85.7421875]
  [87.5      ]
  [88.8671875]
  [88.28125  ]
  [86.71875  ]]

 [[88.0859375]
  [87.890625 ]
  [88.28125  ]
  [88.0859375]
  [87.890625 ]
  [86.328125 ]]]
INFO:root:Average accuracies [85.4296875 86.6015625 87.7734375 88.515625  89.1015625 88.4765625]
INFO:root:f1 score [0.78625296 0.81653479 0.84056264 0.85664402 0.87005259 0.87025682]
