INFO:root:Created new directory ./experiments/mnist/PR/dirichlet_mnist/n_20_m_64_f_0_T_100_runs_5_alpha_0.5_q
INFO:root:Initial dataloading done
INFO:root:runtime [358.2704870700836, 357.62399435043335, 363.1412501335144, 362.08436393737793, 363.50326895713806]
INFO:root:results [[[74.85]
  [80.1 ]
  [89.1 ]
  [88.65]
  [83.6 ]
  [87.55]]

 [[75.5 ]
  [77.8 ]
  [79.65]
  [82.8 ]
  [82.5 ]
  [80.95]]

 [[73.55]
  [73.25]
  [82.15]
  [81.2 ]
  [79.3 ]
  [82.05]]

 [[85.45]
  [85.65]
  [86.6 ]
  [88.25]
  [83.55]
  [81.55]]

 [[82.25]
  [87.45]
  [89.05]
  [89.  ]
  [87.  ]
  [82.75]]]
INFO:root:Average accuracies [78.32 80.85 85.31 85.98 83.19 82.97]
INFO:root:f1 score [1. 1. 1. 1. 1. 1.]
