INFO:root:Created new directory ./experiments/mnist/SF/homogeneous/n_20_m_32_f_9_T_100_runs_5_alpha_1000.0
INFO:root:Initial dataloading done
INFO:root:runtime [252.6953501701355, 255.0152189731598, 256.3413133621216, 254.03208827972412, 254.01619577407837]
INFO:root:results [[[58.2 ]
  [65.45]
  [65.45]
  [66.5 ]
  [58.85]
  [19.35]]

 [[64.6 ]
  [63.15]
  [64.3 ]
  [60.25]
  [61.65]
  [28.1 ]]

 [[61.55]
  [58.35]
  [57.7 ]
  [56.6 ]
  [52.6 ]
  [28.25]]

 [[60.4 ]
  [62.15]
  [63.65]
  [62.6 ]
  [61.05]
  [58.45]]

 [[57.75]
  [60.95]
  [62.75]
  [66.3 ]
  [63.3 ]
  [39.15]]]
INFO:root:Average accuracies [60.5  62.01 62.77 62.45 59.49 34.66]
INFO:root:f1 score [1.         0.99947507 0.99947507 0.99931741 1.         0.39951574]
