INFO:root:Created new directory ./experiments/mnist/auto_ALIE/homogeneous/n_20_m_32_f_3_T_100_runs_5_alpha_1000.0
INFO:root:Initial dataloading done
INFO:root:runtime [141.63270926475525, 141.13065433502197, 140.94194436073303, 141.0158703327179, 141.03090953826904]
INFO:root:results [[[58.2 ]
  [85.15]
  [87.35]
  [88.35]
  [88.6 ]
  [88.8 ]]

 [[64.3 ]
  [83.55]
  [86.9 ]
  [88.4 ]
  [89.6 ]
  [89.35]]

 [[61.6 ]
  [83.9 ]
  [87.  ]
  [88.65]
  [89.35]
  [89.55]]

 [[60.4 ]
  [83.4 ]
  [86.6 ]
  [87.35]
  [88.25]
  [88.35]]

 [[57.45]
  [85.2 ]
  [87.75]
  [89.  ]
  [88.85]
  [89.35]]]
INFO:root:Average accuracies [60.39 84.24 87.12 88.35 88.93 89.08]
INFO:root:f1 score [1. 1. 1. 1. 1. 1.]
