INFO:root:Created new directory ./experiments/mnist/PR/homogeneous/n_20_m_64_f_3_T_100_runs_5_alpha_1000.0
INFO:root:Initial dataloading done
INFO:root:runtime [73.1565432548523, 73.04583311080933, 72.84759163856506, 72.81880688667297, 72.61397385597229]
INFO:root:results [[[73.9 ]
  [86.55]
  [89.15]
  [90.55]
  [91.25]
  [90.4 ]]

 [[80.7 ]
  [88.05]
  [90.3 ]
  [91.1 ]
  [90.15]
  [92.25]]

 [[80.1 ]
  [87.9 ]
  [90.35]
  [91.15]
  [91.7 ]
  [82.1 ]]

 [[73.65]
  [86.65]
  [89.6 ]
  [90.65]
  [87.1 ]
  [91.05]]

 [[75.8 ]
  [86.4 ]
  [88.65]
  [89.6 ]
  [90.85]
  [90.95]]]
INFO:root:Average accuracies [76.83 87.11 89.61 90.61 90.21 89.35]
INFO:root:f1 score [0.99903534 1.         1.         1.         1.         1.        ]
