INFO:root:Created new directory ./experiments/mnist/SF/dirichlet_mnist/n_20_m_64_f_9_T_100_runs_5_alpha_0.5
INFO:root:Initial dataloading done
INFO:root:runtime [177.16512751579285, 175.80709791183472, 176.06907725334167, 175.99943709373474, 176.07332110404968]
INFO:root:results [[[7.290e+01]
  [7.125e+01]
  [7.230e+01]
  [6.615e+01]
  [6.300e+01]
  [1.245e+01]]

 [[7.535e+01]
  [7.605e+01]
  [7.360e+01]
  [6.625e+01]
  [5.590e+01]
  [2.700e+00]]

 [[8.340e+01]
  [7.980e+01]
  [8.050e+01]
  [6.770e+01]
  [5.560e+01]
  [5.000e-02]]

 [[4.770e+01]
  [7.725e+01]
  [7.000e+01]
  [6.555e+01]
  [5.925e+01]
  [8.250e+00]]

 [[8.100e+01]
  [7.630e+01]
  [6.405e+01]
  [6.370e+01]
  [6.320e+01]
  [1.255e+01]]]
INFO:root:Average accuracies [72.07 76.13 72.09 65.87 59.39  7.2 ]
INFO:root:f1 score [1.  1.  0.6 0.2 0.  0.2]
