INFO:root:Created new directory ./experiments/mnist/auto_ALIE/homogeneous/n_20_m_64_f_0_T_100_runs_5_alpha_1000.0
INFO:root:Initial dataloading done
INFO:root:runtime [80.65058827400208, 80.16151785850525, 79.91990780830383, 79.91425371170044, 80.02622652053833]
INFO:root:results [[[73.8 ]
  [87.85]
  [91.  ]
  [91.5 ]
  [92.05]
  [92.  ]]

 [[80.95]
  [88.95]
  [90.85]
  [91.95]
  [92.3 ]
  [92.35]]

 [[80.3 ]
  [89.  ]
  [91.15]
  [91.75]
  [92.25]
  [92.35]]

 [[74.6 ]
  [88.25]
  [89.1 ]
  [91.25]
  [91.85]
  [92.2 ]]

 [[75.95]
  [87.1 ]
  [89.6 ]
  [91.3 ]
  [92.25]
  [92.3 ]]]
INFO:root:Average accuracies [77.12 88.23 90.34 91.55 92.14 92.24]
INFO:root:f1 score [0.99903534 1.         1.         1.         1.         1.        ]
