INFO:root:Created new directory ./experiments/mnist/SF/dirichlet_mnist/n_20_m_32_f_6_T_100_runs_5_alpha_0.5_U
INFO:root:Initial dataloading done
INFO:root:runtime [32.12046527862549, 31.786003589630127, 31.76576590538025, 31.627837896347046, 31.71913981437683]
INFO:root:results [[[73.65]
  [79.55]
  [81.9 ]
  [81.75]
  [72.3 ]
  [ 2.4 ]]

 [[68.45]
  [75.5 ]
  [74.45]
  [16.  ]
  [69.3 ]
  [ 7.  ]]

 [[72.2 ]
  [75.3 ]
  [75.4 ]
  [75.1 ]
  [17.5 ]
  [ 2.3 ]]

 [[77.95]
  [83.65]
  [85.05]
  [82.15]
  [70.8 ]
  [ 2.8 ]]

 [[73.25]
  [79.6 ]
  [81.65]
  [85.2 ]
  [71.8 ]
  [17.3 ]]]
INFO:root:Average accuracies [73.1  78.72 79.69 68.04 60.34  6.36]
INFO:root:f1 score [1.  1.  1.  1.  0.6 0. ]
