INFO:root:Created new directory ./experiments/mnist/auto_FOE/homogeneous/n_20_m_32_f_9_T_100_runs_5_alpha_1000.0
INFO:root:Initial dataloading done
INFO:root:runtime [110.25498104095459, 110.02391147613525, 110.03428244590759, 110.03088712692261, 110.27056527137756]
INFO:root:results [[[58.35]
  [65.35]
  [65.95]
  [65.15]
  [58.  ]
  [25.9 ]]

 [[64.4 ]
  [62.65]
  [63.05]
  [61.25]
  [61.8 ]
  [31.75]]

 [[61.55]
  [57.7 ]
  [56.45]
  [55.15]
  [49.2 ]
  [40.5 ]]

 [[60.65]
  [62.1 ]
  [62.35]
  [61.4 ]
  [59.95]
  [38.7 ]]

 [[57.35]
  [61.1 ]
  [61.5 ]
  [61.75]
  [62.45]
  [40.25]]]
INFO:root:Average accuracies [60.46 61.78 61.86 60.94 58.28 35.42]
INFO:root:f1 score [1.         0.99946667 0.9994695  0.99945799 1.         0.59950617]
