INFO:root:Created new directory ./experiments/mnist/auto_ALIE/dirichlet_mnist/n_20_m_64_f_9_T_100_runs_5_alpha_0.5
INFO:root:Initial dataloading done
INFO:root:runtime [103.31489109992981, 103.03275299072266, 103.04447221755981, 103.09679055213928, 103.0939109325409]
INFO:root:results [[[73.05]
  [70.05]
  [72.85]
  [67.9 ]
  [58.85]
  [ 3.85]]

 [[75.4 ]
  [76.  ]
  [65.5 ]
  [58.05]
  [55.4 ]
  [15.3 ]]

 [[79.  ]
  [83.1 ]
  [55.05]
  [70.3 ]
  [62.55]
  [16.35]]

 [[78.15]
  [76.95]
  [76.8 ]
  [71.6 ]
  [59.6 ]
  [ 2.45]]

 [[81.6 ]
  [68.55]
  [75.45]
  [64.85]
  [56.  ]
  [18.35]]]
INFO:root:Average accuracies [77.44 74.93 69.13 66.54 58.48 11.26]
INFO:root:f1 score [0.99918367 1.         0.99999999 0.4        0.4        0.4       ]
