INFO:root:Created new directory ./experiments/mnist/auto_FOE/homogeneous/n_20_m_32_f_3_T_100_runs_5_alpha_1000.0
INFO:root:Initial dataloading done
INFO:root:runtime [141.37445640563965, 141.25202465057373, 141.2197780609131, 141.0459041595459, 140.9255063533783]
INFO:root:results [[[58.3 ]
  [83.45]
  [86.2 ]
  [87.15]
  [87.35]
  [87.3 ]]

 [[64.5 ]
  [81.85]
  [85.8 ]
  [87.4 ]
  [88.2 ]
  [88.3 ]]

 [[61.65]
  [82.85]
  [85.7 ]
  [87.  ]
  [87.35]
  [87.05]]

 [[60.6 ]
  [82.25]
  [85.35]
  [86.95]
  [86.75]
  [87.45]]

 [[57.6 ]
  [84.5 ]
  [86.9 ]
  [87.75]
  [88.85]
  [87.8 ]]]
INFO:root:Average accuracies [60.53 82.98 85.99 87.25 87.7  87.58]
INFO:root:f1 score [1. 1. 1. 1. 1. 1.]
