INFO:root:Created new directory ./experiments/mnist/auto_FOE/dirichlet_mnist/n_20_m_64_f_6_T_100_runs_5_alpha_0.5
INFO:root:Initial dataloading done
INFO:root:runtime [119.03867554664612, 118.50073456764221, 118.61346459388733, 118.48021841049194, 118.65166640281677]
INFO:root:results [[[75.55]
  [81.9 ]
  [82.85]
  [30.1 ]
  [71.1 ]
  [ 2.3 ]]

 [[78.15]
  [76.6 ]
  [83.25]
  [81.  ]
  [74.7 ]
  [ 3.2 ]]

 [[81.3 ]
  [77.5 ]
  [70.6 ]
  [61.25]
  [72.2 ]
  [15.6 ]]

 [[77.95]
  [77.6 ]
  [79.55]
  [76.2 ]
  [73.  ]
  [ 3.75]]

 [[76.7 ]
  [77.25]
  [81.3 ]
  [75.9 ]
  [75.2 ]
  [ 2.75]]]
INFO:root:Average accuracies [77.93 78.17 79.51 64.89 73.24  5.52]
INFO:root:f1 score [1.  1.  1.  1.  1.  0.2]
