INFO:root:Created new directory ./experiments/mnist/auto_ALIE/homogeneous/n_20_m_32_f_0_T_100_runs_5_alpha_1000.0
INFO:root:Initial dataloading done
INFO:root:runtime [57.20949125289917, 56.76562309265137, 56.73656916618347, 56.692145109176636, 60.30247139930725]
INFO:root:results [[[58.45]
  [86.25]
  [88.25]
  [89.  ]
  [89.8 ]
  [89.85]]

 [[64.9 ]
  [85.45]
  [88.85]
  [89.45]
  [90.75]
  [91.25]]

 [[61.55]
  [86.05]
  [89.25]
  [90.45]
  [91.35]
  [92.  ]]

 [[60.5 ]
  [84.45]
  [87.6 ]
  [88.7 ]
  [89.2 ]
  [90.05]]

 [[57.4 ]
  [86.65]
  [88.55]
  [89.85]
  [90.5 ]
  [91.15]]]
INFO:root:Average accuracies [60.56 85.77 88.5  89.49 90.32 90.86]
INFO:root:f1 score [1. 1. 1. 1. 1. 1.]
