INFO:root:Created new directory ./experiments/mnist/GR/homogeneous/n_20_m_32_f_6_T_100_runs_5_alpha_1000.0
INFO:root:Initial dataloading done
INFO:root:runtime [47.0542471408844, 46.80458879470825, 46.86643171310425, 46.82697343826294, 46.93344783782959]
INFO:root:results [[[57.75]
  [78.55]
  [82.55]
  [82.35]
  [83.3 ]
  [81.2 ]]

 [[64.3 ]
  [76.  ]
  [80.  ]
  [81.4 ]
  [83.05]
  [82.8 ]]

 [[61.4 ]
  [76.85]
  [81.45]
  [82.9 ]
  [83.75]
  [79.15]]

 [[60.65]
  [78.8 ]
  [80.35]
  [80.45]
  [82.  ]
  [80.6 ]]

 [[57.5 ]
  [78.4 ]
  [82.85]
  [84.7 ]
  [85.1 ]
  [83.5 ]]]
INFO:root:Average accuracies [60.32 77.72 81.44 82.36 83.44 81.45]
INFO:root:f1 score [1. 1. 1. 1. 1. 1.]
