INFO:root:Created new directory ./experiments/mnist/SF/dirichlet_mnist/n_20_m_32_f_9_T_100_runs_5_alpha_0.5
INFO:root:Initial dataloading done
INFO:root:runtime [28.07816791534424, 27.81115436553955, 27.960217475891113, 27.94697093963623, 27.90638256072998]
INFO:root:results [[[73.65]
  [75.3 ]
  [75.85]
  [70.35]
  [57.6 ]
  [59.5 ]]

 [[72.35]
  [74.05]
  [72.75]
  [63.55]
  [56.75]
  [55.8 ]]

 [[72.65]
  [73.9 ]
  [73.6 ]
  [65.7 ]
  [58.5 ]
  [ 1.4 ]]

 [[69.95]
  [69.1 ]
  [68.45]
  [65.55]
  [58.15]
  [16.15]]

 [[71.6 ]
  [74.25]
  [72.25]
  [62.4 ]
  [58.5 ]
  [ 7.25]]]
INFO:root:Average accuracies [72.04 73.32 72.58 65.51 57.9  28.02]
INFO:root:f1 score [1.  1.  1.  0.8 0.  0. ]
