INFO:root:Created new directory ./experiments/mnist/NS/homogeneous/n_20_m_32_f_6_T_100_runs_5_alpha_1000.0_D
INFO:root:Initial dataloading done
INFO:root:runtime [321.40199089050293, 321.4170341491699, 321.85620880126953, 321.51100993156433, 322.93755984306335]
INFO:root:results [[[58.25]
  [82.2 ]
  [84.3 ]
  [85.9 ]
  [86.3 ]
  [85.95]]

 [[64.65]
  [78.8 ]
  [84.  ]
  [85.7 ]
  [87.2 ]
  [86.6 ]]

 [[61.55]
  [80.05]
  [84.  ]
  [85.1 ]
  [86.15]
  [85.95]]

 [[60.4 ]
  [79.15]
  [83.45]
  [84.95]
  [85.95]
  [85.9 ]]

 [[57.75]
  [80.65]
  [85.05]
  [86.75]
  [87.35]
  [86.85]]]
INFO:root:Average accuracies [60.52 80.17 84.16 85.68 86.59 86.25]
INFO:root:f1 score [1. 1. 1. 1. 1. 1.]
