INFO:root:Created new directory ./experiments/mnist/PR/homogeneous/n_20_m_64_f_9_T_100_runs_5_alpha_1000.0
INFO:root:Initial dataloading done
INFO:root:runtime [53.09532952308655, 52.58555269241333, 52.61324381828308, 52.57918190956116, 52.45087909698486]
INFO:root:results [[[73.75]
  [79.  ]
  [83.5 ]
  [84.45]
  [85.35]
  [81.5 ]]

 [[81.45]
  [87.25]
  [86.65]
  [86.85]
  [87.15]
  [72.9 ]]

 [[79.8 ]
  [84.3 ]
  [86.7 ]
  [88.3 ]
  [87.1 ]
  [85.  ]]

 [[73.75]
  [78.8 ]
  [81.5 ]
  [82.8 ]
  [83.6 ]
  [82.7 ]]

 [[76.15]
  [81.9 ]
  [83.25]
  [84.15]
  [86.8 ]
  [85.8 ]]]
INFO:root:Average accuracies [76.98 82.25 84.32 85.31 86.   81.58]
INFO:root:f1 score [0.99903534 0.99951574 1.         1.         1.         1.        ]
