INFO:root:Created new directory ./experiments/mnist/PR/homogeneous/n_20_m_64_f_0_T_100_runs_5_alpha_1000.0
INFO:root:Initial dataloading done
INFO:root:runtime [78.62134957313538, 78.74403309822083, 78.53775763511658, 78.53067827224731, 78.35472893714905]
INFO:root:results [[[73.55]
  [88.4 ]
  [90.35]
  [91.35]
  [92.  ]
  [91.85]]

 [[80.95]
  [89.  ]
  [90.95]
  [91.9 ]
  [92.35]
  [92.6 ]]

 [[80.25]
  [89.25]
  [91.3 ]
  [91.7 ]
  [92.15]
  [92.05]]

 [[73.85]
  [88.2 ]
  [90.5 ]
  [91.25]
  [91.8 ]
  [92.45]]

 [[76.05]
  [87.25]
  [89.1 ]
  [90.9 ]
  [92.2 ]
  [92.4 ]]]
INFO:root:Average accuracies [76.93 88.42 90.44 91.42 92.1  92.27]
INFO:root:f1 score [0.99903286 1.         1.         1.         1.         1.        ]
