INFO:root:Created new directory ./experiments/mnist/GR/dirichlet_mnist/n_20_m_64_f_9_T_100_runs_5_alpha_0.5
INFO:root:Initial dataloading done
INFO:root:runtime [34.30129289627075, 34.015883684158325, 34.02195692062378, 34.12599754333496, 34.12145280838013]
INFO:root:results [[[7.310e+01]
  [7.120e+01]
  [6.975e+01]
  [6.600e+01]
  [6.295e+01]
  [1.235e+01]]

 [[7.535e+01]
  [7.605e+01]
  [7.315e+01]
  [6.635e+01]
  [5.600e+01]
  [5.530e+01]]

 [[7.685e+01]
  [7.995e+01]
  [8.055e+01]
  [7.815e+01]
  [5.560e+01]
  [5.000e-02]]

 [[7.775e+01]
  [7.700e+01]
  [7.045e+01]
  [6.525e+01]
  [5.925e+01]
  [8.350e+00]]

 [[8.000e+01]
  [7.570e+01]
  [6.705e+01]
  [6.520e+01]
  [6.180e+01]
  [1.255e+01]]]
INFO:root:Average accuracies [76.61 75.98 72.19 68.19 59.12 17.72]
INFO:root:f1 score [1.  1.  0.6 0.2 0.  0.2]
