INFO:root:Created new directory ./experiments/mnist/GR/dirichlet_mnist/n_20_m_64_f_3_T_100_runs_5_alpha_0.5
INFO:root:Initial dataloading done
INFO:root:runtime [46.1177544593811, 45.78251552581787, 45.90336465835571, 45.72926998138428, 45.81370735168457]
INFO:root:results [[[72.8 ]
  [61.95]
  [86.8 ]
  [86.45]
  [77.45]
  [43.75]]

 [[71.6 ]
  [85.2 ]
  [85.85]
  [85.5 ]
  [78.55]
  [64.65]]

 [[76.35]
  [75.05]
  [82.3 ]
  [83.  ]
  [72.6 ]
  [38.1 ]]

 [[82.2 ]
  [56.2 ]
  [77.9 ]
  [82.9 ]
  [48.9 ]
  [71.9 ]]

 [[75.3 ]
  [78.5 ]
  [83.85]
  [80.95]
  [63.25]
  [45.1 ]]]
INFO:root:Average accuracies [75.65 71.38 83.34 83.76 68.15 52.7 ]
INFO:root:f1 score [1. 1. 1. 1. 1. 1.]
