INFO:root:Created new directory ./experiments/mnist/SF/dirichlet_mnist/n_20_m_64_f_6_T_100_runs_5_alpha_0.5
INFO:root:Initial dataloading done
INFO:root:runtime [40.10317587852478, 39.75163650512695, 39.6675124168396, 39.567304372787476, 39.62423276901245]
INFO:root:results [[[75.4 ]
  [82.6 ]
  [83.2 ]
  [80.85]
  [71.55]
  [ 2.3 ]]

 [[77.35]
  [79.05]
  [83.35]
  [72.45]
  [73.7 ]
  [ 3.2 ]]

 [[81.85]
  [67.25]
  [82.4 ]
  [75.5 ]
  [72.9 ]
  [26.8 ]]

 [[78.  ]
  [81.5 ]
  [77.2 ]
  [75.4 ]
  [73.9 ]
  [ 2.65]]

 [[76.55]
  [81.25]
  [76.6 ]
  [81.8 ]
  [22.85]
  [ 2.75]]]
INFO:root:Average accuracies [77.83 78.33 80.55 77.2  62.98  7.54]
INFO:root:f1 score [1.  1.  1.  1.  1.  0.2]
