INFO:root:Created new directory ./experiments_distribution/mnist/SF/dirichlet_mnist/n_20_m_32_f_9_T_100_runs_5_alpha_0.5
INFO:root:Initial dataloading done
INFO:root:runtime [125.98866248130798, 125.76014471054077, 125.15638303756714, 124.76330494880676, 124.83730983734131]
INFO:root:results [[[75.9 ]
  [79.2 ]
  [80.7 ]
  [65.9 ]
  [73.75]
  [ 6.3 ]]

 [[70.15]
  [77.9 ]
  [80.45]
  [72.35]
  [66.55]
  [57.2 ]]

 [[73.7 ]
  [75.2 ]
  [77.15]
  [70.25]
  [68.1 ]
  [ 3.1 ]]

 [[75.8 ]
  [80.  ]
  [80.2 ]
  [79.35]
  [72.  ]
  [ 2.25]]

 [[76.85]
  [78.3 ]
  [80.05]
  [76.7 ]
  [67.8 ]
  [ 2.5 ]]]
INFO:root:Average accuracies [74.48 78.12 79.71 72.91 69.64 14.27]
INFO:root:f1 score [0.8 0.8 0.8 1.  0.6 0.2]
