INFO:root:Created new directory ./experiments/mnist/auto_ALIE/dirichlet_mnist/n_20_m_32_f_0_T_100_runs_5_alpha_0.5
INFO:root:Initial dataloading done
INFO:root:runtime [40.75295925140381, 40.57176327705383, 40.55378603935242, 40.541069746017456, 40.53246521949768]
INFO:root:results [[[73.7 ]
  [84.75]
  [87.7 ]
  [88.7 ]
  [87.95]
  [83.3 ]]

 [[77.7 ]
  [81.85]
  [84.15]
  [85.25]
  [85.45]
  [36.9 ]]

 [[68.1 ]
  [76.65]
  [76.65]
  [62.8 ]
  [56.1 ]
  [84.65]]

 [[71.35]
  [81.2 ]
  [82.65]
  [72.85]
  [86.55]
  [84.45]]

 [[70.2 ]
  [77.35]
  [71.85]
  [82.85]
  [58.75]
  [83.35]]]
INFO:root:Average accuracies [72.21 80.36 80.6  78.49 74.96 74.53]
INFO:root:f1 score [1. 1. 1. 1. 1. 1.]
