INFO:root:Created new directory ./experiments/mnist/NS/dirichlet_mnist/n_20_m_32_f_0_T_100_runs_5_alpha_0.5_D
INFO:root:Initial dataloading done
INFO:root:runtime [189.30643725395203, 188.00457954406738, 188.15305733680725, 188.0101146697998, 188.2856252193451]
INFO:root:results [[[73.8 ]
  [84.85]
  [87.75]
  [89.45]
  [87.5 ]
  [81.7 ]]

 [[77.65]
  [82.15]
  [84.15]
  [83.7 ]
  [74.8 ]
  [82.95]]

 [[67.85]
  [76.2 ]
  [38.6 ]
  [77.5 ]
  [84.9 ]
  [67.45]]

 [[71.3 ]
  [81.05]
  [77.65]
  [79.75]
  [84.85]
  [82.45]]

 [[70.35]
  [77.1 ]
  [81.05]
  [42.65]
  [83.85]
  [48.35]]]
INFO:root:Average accuracies [72.19 80.27 73.84 74.61 83.18 72.58]
INFO:root:f1 score [1. 1. 1. 1. 1. 1.]
