INFO:root:Created new directory ./experiments/mnist/PR/dirichlet_mnist/n_20_m_32_f_6_T_100_runs_5_alpha_0.5
INFO:root:Initial dataloading done
INFO:root:runtime [31.9142484664917, 31.596953868865967, 31.688933849334717, 31.64515447616577, 31.710328102111816]
INFO:root:results [[[73.7 ]
  [80.3 ]
  [83.  ]
  [76.55]
  [75.15]
  [66.8 ]]

 [[68.6 ]
  [74.45]
  [77.  ]
  [20.45]
  [79.55]
  [49.65]]

 [[71.5 ]
  [75.25]
  [72.4 ]
  [76.25]
  [71.2 ]
  [62.4 ]]

 [[77.95]
  [82.1 ]
  [84.2 ]
  [83.7 ]
  [72.8 ]
  [51.85]]

 [[73.4 ]
  [80.5 ]
  [82.2 ]
  [84.9 ]
  [83.5 ]
  [67.9 ]]]
INFO:root:Average accuracies [73.03 78.52 79.76 68.37 76.44 59.72]
INFO:root:f1 score [1. 1. 1. 1. 1. 1.]
