INFO:root:Created new directory ./experiments/mnist/auto_ALIE/dirichlet_mnist/n_20_m_32_f_9_T_100_runs_5_alpha_0.5
INFO:root:Initial dataloading done
INFO:root:runtime [98.18557286262512, 97.44003415107727, 97.40341019630432, 97.39753150939941, 97.37799787521362]
INFO:root:results [[[73.75]
  [76.55]
  [77.3 ]
  [71.  ]
  [62.05]
  [14.35]]

 [[72.3 ]
  [74.1 ]
  [74.8 ]
  [62.65]
  [55.55]
  [12.1 ]]

 [[72.65]
  [73.95]
  [73.1 ]
  [63.55]
  [55.2 ]
  [ 2.35]]

 [[69.9 ]
  [70.3 ]
  [69.65]
  [62.5 ]
  [58.15]
  [ 2.55]]

 [[71.6 ]
  [74.55]
  [76.7 ]
  [63.25]
  [55.35]
  [24.  ]]]
INFO:root:Average accuracies [72.04 73.89 74.31 64.59 57.26 11.07]
INFO:root:f1 score [1.  1.  1.  0.4 0.  0.2]
