INFO:root:Created new directory ./experiments/mnist/PR/dirichlet_mnist/n_20_m_64_f_9_T_100_runs_5_alpha_0.5
INFO:root:Initial dataloading done
INFO:root:runtime [34.410890102386475, 34.11686658859253, 34.253450870513916, 34.15549969673157, 34.210148334503174]
INFO:root:results [[[72.95]
  [74.9 ]
  [75.45]
  [72.1 ]
  [70.25]
  [71.3 ]]

 [[75.4 ]
  [76.05]
  [77.25]
  [76.25]
  [69.25]
  [62.05]]

 [[83.15]
  [84.05]
  [81.95]
  [80.95]
  [66.65]
  [61.45]]

 [[77.4 ]
  [78.05]
  [77.3 ]
  [76.15]
  [74.15]
  [63.7 ]]

 [[80.2 ]
  [71.4 ]
  [81.4 ]
  [79.75]
  [65.65]
  [51.15]]]
INFO:root:Average accuracies [77.82 76.89 78.67 77.04 69.19 61.93]
INFO:root:f1 score [1.         1.         1.         0.99999999 0.6        1.        ]
