INFO:root:Created new directory ./experiments/mnist/PR/dirichlet_mnist/n_20_m_32_f_3_T_100_runs_5_alpha_0.5_W
INFO:root:Initial dataloading done
INFO:root:runtime [332.78039622306824, 329.7243776321411, 331.1871976852417, 330.79395151138306, 332.9110610485077]
INFO:root:results [[[73.85]
  [82.85]
  [82.95]
  [87.85]
  [81.6 ]
  [59.8 ]]

 [[72.75]
  [77.1 ]
  [71.  ]
  [83.2 ]
  [75.35]
  [40.05]]

 [[74.95]
  [81.8 ]
  [82.45]
  [80.3 ]
  [52.85]
  [74.45]]

 [[78.4 ]
  [83.75]
  [84.9 ]
  [80.  ]
  [77.8 ]
  [60.75]]

 [[74.25]
  [79.05]
  [73.  ]
  [67.9 ]
  [78.9 ]
  [54.25]]]
INFO:root:Average accuracies [74.84 80.91 78.86 79.85 73.3  57.86]
INFO:root:f1 score [1. 1. 1. 1. 1. 1.]
