INFO:root:Created new directory ./experiments_distribution/mnist/SF/dirichlet_mnist/n_20_m_32_f_0_T_100_runs_5_alpha_0.5_I
INFO:root:Initial dataloading done
INFO:root:runtime [40.00545144081116, 34.88078427314758, 34.84777331352234, 34.97392797470093, 34.79919672012329]
INFO:root:results [[[77.8 ]
  [82.9 ]
  [85.3 ]
  [85.65]
  [83.7 ]
  [62.2 ]]

 [[75.95]
  [84.2 ]
  [86.7 ]
  [87.15]
  [65.05]
  [85.15]]

 [[71.9 ]
  [77.05]
  [80.8 ]
  [82.45]
  [76.5 ]
  [81.6 ]]

 [[75.65]
  [79.95]
  [83.85]
  [80.35]
  [77.05]
  [81.85]]

 [[77.7 ]
  [84.75]
  [80.45]
  [79.8 ]
  [83.3 ]
  [45.45]]]
INFO:root:Average accuracies [75.8  81.77 83.42 83.08 77.12 71.25]
INFO:root:f1 score [1. 1. 1. 1. 1. 1.]
