INFO:root:Created new directory ./experiments_distribution/mnist/SF/homogeneous/n_20_m_32_f_3_T_100_runs_5_alpha_1000.0
INFO:root:Initial dataloading done
INFO:root:runtime [47.89816761016846, 47.717214822769165, 47.65968680381775, 47.731635093688965, 47.68431615829468]
INFO:root:results [[[64.8 ]
  [63.8 ]
  [85.7 ]
  [87.4 ]
  [88.4 ]
  [88.55]]

 [[64.35]
  [84.9 ]
  [88.1 ]
  [89.2 ]
  [89.55]
  [89.1 ]]

 [[60.75]
  [83.1 ]
  [86.25]
  [88.75]
  [89.2 ]
  [89.5 ]]

 [[65.6 ]
  [83.15]
  [86.75]
  [88.35]
  [89.3 ]
  [89.6 ]]

 [[76.35]
  [86.3 ]
  [87.75]
  [88.9 ]
  [89.45]
  [90.45]]]
INFO:root:Average accuracies [66.37 80.25 86.91 88.52 89.18 89.44]
INFO:root:f1 score [0.99941691 1.         1.         1.         1.         1.        ]
