INFO:root:Created new directory ./experiments/mnist/GR/homogeneous/n_20_m_32_f_3_T_100_runs_5_alpha_1000.0
INFO:root:Initial dataloading done
INFO:root:runtime [52.959901332855225, 52.8412446975708, 52.7629656791687, 52.67452549934387, 52.669023275375366]
INFO:root:results [[[58.4 ]
  [84.05]
  [86.25]
  [87.35]
  [87.3 ]
  [87.4 ]]

 [[64.3 ]
  [82.  ]
  [85.85]
  [87.35]
  [87.95]
  [88.15]]

 [[61.5 ]
  [83.  ]
  [85.8 ]
  [87.  ]
  [87.65]
  [88.1 ]]

 [[60.5 ]
  [82.2 ]
  [85.6 ]
  [86.85]
  [86.75]
  [87.05]]

 [[57.55]
  [84.7 ]
  [87.  ]
  [88.1 ]
  [88.75]
  [88.55]]]
INFO:root:Average accuracies [60.45 83.19 86.1  87.33 87.68 87.85]
INFO:root:f1 score [1. 1. 1. 1. 1. 1.]
