INFO:root:Created new directory ./experiments/mnist/PR/dirichlet_mnist/n_20_m_32_f_0_T_100_runs_5_alpha_0.5_C
INFO:root:Initial dataloading done
INFO:root:runtime [311.6388373374939, 312.852379322052, 312.8535647392273, 313.12563276290894, 313.1923191547394]
INFO:root:results [[[73.95]
  [84.65]
  [88.2 ]
  [87.55]
  [86.45]
  [81.2 ]]

 [[77.5 ]
  [81.75]
  [66.25]
  [83.4 ]
  [54.8 ]
  [58.5 ]]

 [[67.6 ]
  [76.7 ]
  [81.  ]
  [80.05]
  [85.  ]
  [44.45]]

 [[72.3 ]
  [81.35]
  [85.95]
  [85.55]
  [86.  ]
  [66.  ]]

 [[70.25]
  [77.15]
  [80.3 ]
  [81.8 ]
  [75.95]
  [65.05]]]
INFO:root:Average accuracies [72.32 80.32 80.34 83.67 77.64 63.04]
INFO:root:f1 score [1. 1. 1. 1. 1. 1.]
