INFO:root:Created new directory ./experiments/mnist/NS/dirichlet_mnist/n_20_m_64_f_6_T_100_runs_5_alpha_0.5_W
INFO:root:Initial dataloading done
INFO:root:runtime [197.18760871887207, 195.67909955978394, 195.74140787124634, 195.48023915290833, 195.5207657814026]
INFO:root:results [[[75.45]
  [82.9 ]
  [67.5 ]
  [81.85]
  [82.55]
  [31.65]]

 [[77.  ]
  [82.6 ]
  [83.45]
  [75.1 ]
  [75.4 ]
  [34.65]]

 [[80.8 ]
  [82.7 ]
  [83.55]
  [78.7 ]
  [74.65]
  [48.1 ]]

 [[78.  ]
  [72.5 ]
  [77.25]
  [78.5 ]
  [80.8 ]
  [75.5 ]]

 [[76.5 ]
  [82.05]
  [82.15]
  [81.8 ]
  [82.3 ]
  [67.55]]]
INFO:root:Average accuracies [77.55 80.55 78.78 79.19 79.14 51.49]
INFO:root:f1 score [1. 1. 1. 1. 1. 1.]
