INFO:root:Created new directory ./experiments/phishing/SF/dirichlet_phishing/n_20_m_16_f_9_T_500_runs_5_alpha_3.0
INFO:root:Initial dataloading done
INFO:root:[[0.66531973 0.33468027]
 [0.83704334 0.16295666]
 [0.42425258 0.57574742]
 [0.58894357 0.41105643]
 [0.51562438 0.48437562]
 [0.71644541 0.28355459]
 [0.0701312  0.9298688 ]
 [0.90013737 0.09986263]
 [0.50743154 0.49256846]
 [0.72199581 0.27800419]
 [0.50342302 0.49657698]
 [0.57550563 0.42449437]
 [0.48787059 0.51212941]
 [0.25621851 0.74378149]
 [0.30288402 0.69711598]
 [0.43320979 0.56679021]
 [0.45382971 0.54617029]
 [0.6810999  0.3189001 ]
 [0.18472966 0.81527034]
 [0.58376666 0.41623334]]
INFO:root:[[0.66531973 0.33468027]
 [0.83704334 0.16295666]
 [0.42425258 0.57574742]
 [0.58894357 0.41105643]
 [0.51562438 0.48437562]
 [0.71644541 0.28355459]
 [0.0701312  0.9298688 ]
 [0.90013737 0.09986263]
 [0.50743154 0.49256846]
 [0.72199581 0.27800419]
 [0.50342302 0.49657698]
 [0.57550563 0.42449437]
 [0.48787059 0.51212941]
 [0.25621851 0.74378149]
 [0.30288402 0.69711598]
 [0.43320979 0.56679021]
 [0.45382971 0.54617029]
 [0.6810999  0.3189001 ]
 [0.18472966 0.81527034]
 [0.58376666 0.41623334]]
INFO:root:[[0.66531973 0.33468027]
 [0.83704334 0.16295666]
 [0.42425258 0.57574742]
 [0.58894357 0.41105643]
 [0.51562438 0.48437562]
 [0.71644541 0.28355459]
 [0.0701312  0.9298688 ]
 [0.90013737 0.09986263]
 [0.50743154 0.49256846]
 [0.72199581 0.27800419]
 [0.50342302 0.49657698]
 [0.57550563 0.42449437]
 [0.48787059 0.51212941]
 [0.25621851 0.74378149]
 [0.30288402 0.69711598]
 [0.43320979 0.56679021]
 [0.45382971 0.54617029]
 [0.6810999  0.3189001 ]
 [0.18472966 0.81527034]
 [0.58376666 0.41623334]]
INFO:root:[[0.66531973 0.33468027]
 [0.83704334 0.16295666]
 [0.42425258 0.57574742]
 [0.58894357 0.41105643]
 [0.51562438 0.48437562]
 [0.71644541 0.28355459]
 [0.0701312  0.9298688 ]
 [0.90013737 0.09986263]
 [0.50743154 0.49256846]
 [0.72199581 0.27800419]
 [0.50342302 0.49657698]
 [0.57550563 0.42449437]
 [0.48787059 0.51212941]
 [0.25621851 0.74378149]
 [0.30288402 0.69711598]
 [0.43320979 0.56679021]
 [0.45382971 0.54617029]
 [0.6810999  0.3189001 ]
 [0.18472966 0.81527034]
 [0.58376666 0.41623334]]
INFO:root:[[0.66531973 0.33468027]
 [0.83704334 0.16295666]
 [0.42425258 0.57574742]
 [0.58894357 0.41105643]
 [0.51562438 0.48437562]
 [0.71644541 0.28355459]
 [0.0701312  0.9298688 ]
 [0.90013737 0.09986263]
 [0.50743154 0.49256846]
 [0.72199581 0.27800419]
 [0.50342302 0.49657698]
 [0.57550563 0.42449437]
 [0.48787059 0.51212941]
 [0.25621851 0.74378149]
 [0.30288402 0.69711598]
 [0.43320979 0.56679021]
 [0.45382971 0.54617029]
 [0.6810999  0.3189001 ]
 [0.18472966 0.81527034]
 [0.58376666 0.41623334]]
INFO:root:runtime [21.1608247756958, 19.80220365524292, 19.76002025604248, 19.72335171699524, 19.742759943008423]
INFO:root:results [[[85.15625  ]
  [80.859375 ]
  [63.28125  ]
  [61.1328125]
  [61.1328125]
  [61.1328125]]

 [[83.0078125]
  [78.3203125]
  [67.1875   ]
  [46.875    ]
  [41.9921875]
  [41.796875 ]]

 [[57.421875 ]
  [57.421875 ]
  [57.421875 ]
  [57.421875 ]
  [41.40625  ]
  [42.578125 ]]

 [[77.34375  ]
  [68.9453125]
  [58.59375  ]
  [58.3984375]
  [41.6015625]
  [41.6015625]]

 [[60.7421875]
  [53.7109375]
  [48.046875 ]
  [39.453125 ]
  [36.71875  ]
  [36.71875  ]]]
INFO:root:Average accuracies [72.734375  67.8515625 58.90625   52.65625   44.5703125 44.765625 ]
INFO:root:f1 score [0.57471129 0.49152863 0.27913247 0.23190671 0.45991229 0.4623042 ]
