INFO:root:Created new directory ./experiments_distribution/mnist/SF/homogeneous/n_20_m_32_f_0_T_100_runs_5_alpha_1000.0_z
INFO:root:Initial dataloading done
INFO:root:runtime [255.06249523162842, 284.5026435852051, 249.83326268196106, 250.6122715473175, 249.3595597743988]
INFO:root:results [[[64.6 ]
  [82.55]
  [86.85]
  [88.6 ]
  [88.7 ]
  [89.85]]

 [[63.9 ]
  [86.65]
  [89.3 ]
  [90.35]
  [91.35]
  [83.85]]

 [[60.85]
  [85.1 ]
  [89.25]
  [90.85]
  [91.55]
  [83.25]]

 [[64.95]
  [85.2 ]
  [87.7 ]
  [89.45]
  [90.5 ]
  [91.35]]

 [[76.2 ]
  [87.55]
  [89.45]
  [89.85]
  [90.35]
  [87.6 ]]]
INFO:root:Average accuracies [66.1  85.41 88.51 89.82 90.49 87.18]
INFO:root:f1 score [0.99941349 1.         1.         1.         1.         1.        ]
