INFO:root:Created new directory ./experiments/mnist/PR/dirichlet_mnist/n_20_m_64_f_6_T_100_runs_5_alpha_0.5
INFO:root:Initial dataloading done
INFO:root:runtime [40.05820107460022, 39.73512053489685, 39.8330979347229, 39.76097559928894, 39.865129232406616]
INFO:root:results [[[75.45]
  [79.8 ]
  [83.75]
  [72.8 ]
  [74.6 ]
  [58.9 ]]

 [[76.65]
  [82.9 ]
  [83.6 ]
  [85.1 ]
  [64.9 ]
  [59.5 ]]

 [[81.55]
  [83.  ]
  [83.7 ]
  [74.5 ]
  [58.6 ]
  [58.15]]

 [[77.95]
  [76.9 ]
  [79.55]
  [80.6 ]
  [82.65]
  [75.6 ]]

 [[76.05]
  [81.5 ]
  [81.8 ]
  [82.75]
  [35.05]
  [68.9 ]]]
INFO:root:Average accuracies [77.53 80.82 82.48 79.15 63.16 64.21]
INFO:root:f1 score [1. 1. 1. 1. 1. 1.]
