INFO:root:Created new directory ./experiments/mnist/GR/dirichlet_mnist/n_20_m_64_f_0_T_100_runs_5_alpha_0.5
INFO:root:Initial dataloading done
INFO:root:runtime [51.84869575500488, 51.64626693725586, 51.54677629470825, 51.46818971633911, 51.58700108528137]
INFO:root:results [[[77.1 ]
  [76.5 ]
  [87.35]
  [83.7 ]
  [84.2 ]
  [57.85]]

 [[74.7 ]
  [77.75]
  [79.3 ]
  [83.75]
  [70.7 ]
  [81.35]]

 [[73.75]
  [79.9 ]
  [82.5 ]
  [84.2 ]
  [77.25]
  [79.4 ]]

 [[82.8 ]
  [85.55]
  [86.4 ]
  [69.05]
  [83.95]
  [82.65]]

 [[82.3 ]
  [87.5 ]
  [88.9 ]
  [88.25]
  [87.2 ]
  [60.9 ]]]
INFO:root:Average accuracies [78.13 81.44 84.89 81.79 80.66 72.43]
INFO:root:f1 score [1. 1. 1. 1. 1. 1.]
