INFO:root:Created new directory ./experiments/mnist/GR/homogeneous/n_20_m_64_f_9_T_100_runs_5_alpha_1000.0
INFO:root:Initial dataloading done
INFO:root:runtime [53.62880182266235, 53.49568152427673, 53.37822365760803, 53.65871500968933, 53.442649841308594]
INFO:root:results [[[73.65]
  [76.4 ]
  [76.45]
  [78.4 ]
  [78.1 ]
  [68.9 ]]

 [[81.2 ]
  [78.35]
  [78.7 ]
  [76.45]
  [75.3 ]
  [74.15]]

 [[79.9 ]
  [79.4 ]
  [78.3 ]
  [76.05]
  [81.2 ]
  [73.05]]

 [[73.45]
  [75.5 ]
  [73.4 ]
  [73.1 ]
  [76.95]
  [64.05]]

 [[76.  ]
  [78.65]
  [80.15]
  [83.55]
  [81.65]
  [75.75]]]
INFO:root:Average accuracies [76.84 77.66 77.4  77.51 78.64 71.18]
INFO:root:f1 score [0.99903534 0.99903779 0.99903505 0.9990424  0.99951574 1.        ]
