INFO:root:Created new directory ./experiments/mnist/NS/homogeneous/n_20_m_32_f_9_T_100_runs_5_alpha_1000.0_d
INFO:root:Initial dataloading done
INFO:root:runtime [276.05655121803284, 277.6195476055145, 276.3327419757843, 278.3614857196808, 278.2521061897278]
INFO:root:results [[[58.15]
  [68.6 ]
  [73.6 ]
  [76.1 ]
  [79.05]
  [72.5 ]]

 [[64.6 ]
  [68.85]
  [72.15]
  [74.25]
  [73.05]
  [77.65]]

 [[61.55]
  [66.7 ]
  [69.95]
  [72.75]
  [75.2 ]
  [74.75]]

 [[60.4 ]
  [69.65]
  [73.25]
  [75.  ]
  [73.6 ]
  [72.45]]

 [[57.75]
  [62.8 ]
  [69.  ]
  [73.65]
  [74.1 ]
  [74.4 ]]]
INFO:root:Average accuracies [60.49 67.32 71.59 74.35 75.   74.35]
INFO:root:f1 score [1. 1. 1. 1. 1. 1.]
