INFO:root:Created new directory ./experiments/mnist/auto_ALIE/homogeneous/n_20_m_64_f_3_T_100_runs_5_alpha_1000.0
INFO:root:Initial dataloading done
INFO:root:runtime [160.21916127204895, 160.05044507980347, 159.7777545452118, 160.11550116539001, 159.9565145969391]
INFO:root:results [[[73.95]
  [86.75]
  [89.4 ]
  [90.6 ]
  [90.65]
  [90.4 ]]

 [[81.85]
  [88.25]
  [90.3 ]
  [91.1 ]
  [91.9 ]
  [91.85]]

 [[79.95]
  [88.25]
  [90.55]
  [91.45]
  [91.8 ]
  [91.05]]

 [[73.8 ]
  [87.05]
  [89.65]
  [90.65]
  [91.2 ]
  [90.85]]

 [[75.85]
  [86.5 ]
  [88.75]
  [89.65]
  [90.4 ]
  [90.85]]]
INFO:root:Average accuracies [77.08 87.36 89.73 90.69 91.19 91.  ]
INFO:root:f1 score [0.99903779 1.         1.         1.         1.         1.        ]
