INFO:root:Created new directory ./experiments/mnist/NS/dirichlet_mnist/n_20_m_32_f_3_T_100_runs_5_alpha_0.5_W
INFO:root:Initial dataloading done
INFO:root:runtime [174.24007868766785, 173.21682977676392, 173.28855919837952, 173.19214415550232, 173.2764594554901]
INFO:root:results [[[73.7 ]
  [82.6 ]
  [86.85]
  [74.3 ]
  [84.55]
  [81.5 ]]

 [[72.75]
  [76.9 ]
  [79.9 ]
  [82.55]
  [73.6 ]
  [63.55]]

 [[75.1 ]
  [82.1 ]
  [85.7 ]
  [86.2 ]
  [62.55]
  [75.45]]

 [[78.4 ]
  [83.75]
  [84.4 ]
  [83.65]
  [67.75]
  [36.1 ]]

 [[74.  ]
  [78.05]
  [80.7 ]
  [81.05]
  [67.5 ]
  [65.65]]]
INFO:root:Average accuracies [74.79 80.68 83.51 81.55 71.19 64.45]
INFO:root:f1 score [1. 1. 1. 1. 1. 1.]
