INFO:root:Created new directory ./experiments/mnist/PR/homogeneous/n_20_m_64_f_6_T_100_runs_5_alpha_1000.0
INFO:root:Initial dataloading done
INFO:root:runtime [62.83511781692505, 62.79760670661926, 62.748779296875, 62.67414045333862, 62.60348963737488]
INFO:root:results [[[74.6 ]
  [84.25]
  [87.6 ]
  [88.65]
  [89.5 ]
  [87.4 ]]

 [[81.3 ]
  [87.3 ]
  [90.05]
  [89.8 ]
  [90.55]
  [88.95]]

 [[80.3 ]
  [86.6 ]
  [88.75]
  [89.65]
  [90.7 ]
  [90.7 ]]

 [[73.7 ]
  [84.  ]
  [87.95]
  [81.8 ]
  [89.75]
  [85.95]]

 [[75.75]
  [85.25]
  [87.55]
  [88.8 ]
  [89.2 ]
  [88.9 ]]]
INFO:root:Average accuracies [77.13 85.48 88.38 87.74 89.94 88.38]
INFO:root:f1 score [0.99903286 1.         1.         1.         1.         1.        ]
