INFO:root:Created new directory ./experiments/mnist/NS/homogeneous/n_20_m_64_f_9_T_100_runs_5_alpha_1000.0_s
INFO:root:Initial dataloading done
INFO:root:runtime [312.09360337257385, 276.43407106399536, 278.39859342575073, 276.0877351760864, 275.8722279071808]
INFO:root:results [[[73.9 ]
  [79.15]
  [82.05]
  [83.1 ]
  [82.9 ]
  [79.  ]]

 [[81.55]
  [82.7 ]
  [83.8 ]
  [85.25]
  [85.75]
  [82.4 ]]

 [[80.5 ]
  [81.75]
  [83.65]
  [84.75]
  [84.4 ]
  [82.45]]

 [[73.55]
  [78.4 ]
  [79.75]
  [81.6 ]
  [81.9 ]
  [80.2 ]]

 [[75.45]
  [79.15]
  [82.85]
  [84.25]
  [83.85]
  [82.8 ]]]
INFO:root:Average accuracies [76.99 80.23 82.42 83.79 83.76 81.37]
INFO:root:f1 score [0.99903534 0.99951574 0.99951807 1.         1.         1.        ]
