INFO:root:Created new directory ./experiments/mnist/PR/dirichlet_mnist/n_20_m_64_f_6_T_100_runs_5_alpha_0.5_P
INFO:root:Initial dataloading done
INFO:root:runtime [328.0854742527008, 328.2409317493439, 328.7915072441101, 329.00161242485046, 329.5605089664459]
INFO:root:results [[[74.7 ]
  [85.4 ]
  [82.75]
  [80.6 ]
  [72.05]
  [ 2.3 ]]

 [[74.7 ]
  [82.6 ]
  [76.  ]
  [67.7 ]
  [71.5 ]
  [ 3.2 ]]

 [[81.1 ]
  [66.25]
  [68.5 ]
  [77.3 ]
  [69.6 ]
  [ 2.25]]

 [[75.85]
  [78.85]
  [79.45]
  [78.9 ]
  [75.7 ]
  [ 2.5 ]]

 [[76.7 ]
  [81.4 ]
  [82.65]
  [83.4 ]
  [80.2 ]
  [ 2.75]]]
INFO:root:Average accuracies [76.61 78.9  77.87 77.58 73.81  2.6 ]
INFO:root:f1 score [1. 1. 1. 1. 1. 0.]
