INFO:root:Created new directory ./experiments/mnist/SF/dirichlet_mnist/n_20_m_64_f_0_T_100_runs_5_alpha_0.5
INFO:root:Initial dataloading done
INFO:root:runtime [51.155701637268066, 50.84113883972168, 50.73635411262512, 51.677377700805664, 50.85752058029175]
INFO:root:results [[[76.65]
  [80.05]
  [88.2 ]
  [89.45]
  [81.5 ]
  [52.3 ]]

 [[65.1 ]
  [77.8 ]
  [80.2 ]
  [65.6 ]
  [82.2 ]
  [81.65]]

 [[73.9 ]
  [79.8 ]
  [80.1 ]
  [81.2 ]
  [83.3 ]
  [49.55]]

 [[75.5 ]
  [85.65]
  [87.15]
  [87.6 ]
  [74.8 ]
  [83.4 ]]

 [[71.2 ]
  [87.35]
  [85.9 ]
  [89.05]
  [87.9 ]
  [52.8 ]]]
INFO:root:Average accuracies [72.47 82.13 84.31 82.58 81.94 63.94]
INFO:root:f1 score [1. 1. 1. 1. 1. 1.]
