INFO:root:Created new directory ./experiments/phishing/PR/dirichlet_phishing/n_20_m_128_f_6_T_500_runs_5_alpha_3.0
INFO:root:Initial dataloading done
INFO:root:[[0.66531973 0.33468027]
 [0.83704334 0.16295666]
 [0.42425258 0.57574742]
 [0.58894357 0.41105643]
 [0.51562438 0.48437562]
 [0.71644541 0.28355459]
 [0.0701312  0.9298688 ]
 [0.90013737 0.09986263]
 [0.50743154 0.49256846]
 [0.72199581 0.27800419]
 [0.50342302 0.49657698]
 [0.57550563 0.42449437]
 [0.48787059 0.51212941]
 [0.25621851 0.74378149]
 [0.30288402 0.69711598]
 [0.43320979 0.56679021]
 [0.45382971 0.54617029]
 [0.6810999  0.3189001 ]
 [0.18472966 0.81527034]
 [0.58376666 0.41623334]]
INFO:root:[[0.66531973 0.33468027]
 [0.83704334 0.16295666]
 [0.42425258 0.57574742]
 [0.58894357 0.41105643]
 [0.51562438 0.48437562]
 [0.71644541 0.28355459]
 [0.0701312  0.9298688 ]
 [0.90013737 0.09986263]
 [0.50743154 0.49256846]
 [0.72199581 0.27800419]
 [0.50342302 0.49657698]
 [0.57550563 0.42449437]
 [0.48787059 0.51212941]
 [0.25621851 0.74378149]
 [0.30288402 0.69711598]
 [0.43320979 0.56679021]
 [0.45382971 0.54617029]
 [0.6810999  0.3189001 ]
 [0.18472966 0.81527034]
 [0.58376666 0.41623334]]
INFO:root:[[0.66531973 0.33468027]
 [0.83704334 0.16295666]
 [0.42425258 0.57574742]
 [0.58894357 0.41105643]
 [0.51562438 0.48437562]
 [0.71644541 0.28355459]
 [0.0701312  0.9298688 ]
 [0.90013737 0.09986263]
 [0.50743154 0.49256846]
 [0.72199581 0.27800419]
 [0.50342302 0.49657698]
 [0.57550563 0.42449437]
 [0.48787059 0.51212941]
 [0.25621851 0.74378149]
 [0.30288402 0.69711598]
 [0.43320979 0.56679021]
 [0.45382971 0.54617029]
 [0.6810999  0.3189001 ]
 [0.18472966 0.81527034]
 [0.58376666 0.41623334]]
INFO:root:[[0.66531973 0.33468027]
 [0.83704334 0.16295666]
 [0.42425258 0.57574742]
 [0.58894357 0.41105643]
 [0.51562438 0.48437562]
 [0.71644541 0.28355459]
 [0.0701312  0.9298688 ]
 [0.90013737 0.09986263]
 [0.50743154 0.49256846]
 [0.72199581 0.27800419]
 [0.50342302 0.49657698]
 [0.57550563 0.42449437]
 [0.48787059 0.51212941]
 [0.25621851 0.74378149]
 [0.30288402 0.69711598]
 [0.43320979 0.56679021]
 [0.45382971 0.54617029]
 [0.6810999  0.3189001 ]
 [0.18472966 0.81527034]
 [0.58376666 0.41623334]]
INFO:root:[[0.66531973 0.33468027]
 [0.83704334 0.16295666]
 [0.42425258 0.57574742]
 [0.58894357 0.41105643]
 [0.51562438 0.48437562]
 [0.71644541 0.28355459]
 [0.0701312  0.9298688 ]
 [0.90013737 0.09986263]
 [0.50743154 0.49256846]
 [0.72199581 0.27800419]
 [0.50342302 0.49657698]
 [0.57550563 0.42449437]
 [0.48787059 0.51212941]
 [0.25621851 0.74378149]
 [0.30288402 0.69711598]
 [0.43320979 0.56679021]
 [0.45382971 0.54617029]
 [0.6810999  0.3189001 ]
 [0.18472966 0.81527034]
 [0.58376666 0.41623334]]
INFO:root:runtime [32.992477893829346, 32.896254777908325, 32.79554867744446, 32.98048257827759, 32.99344038963318]
INFO:root:results [[[91.015625 ]
  [91.40625  ]
  [91.6015625]
  [91.9921875]
  [91.796875 ]
  [91.40625  ]]

 [[90.8203125]
  [91.9921875]
  [92.3828125]
  [92.1875   ]
  [92.578125 ]
  [92.3828125]]

 [[80.2734375]
  [83.59375  ]
  [87.5      ]
  [90.0390625]
  [90.0390625]
  [90.0390625]]

 [[88.4765625]
  [89.6484375]
  [91.015625 ]
  [92.1875   ]
  [92.3828125]
  [92.3828125]]

 [[92.1875   ]
  [92.1875   ]
  [91.40625  ]
  [91.9921875]
  [92.578125 ]
  [92.1875   ]]]
INFO:root:Average accuracies [88.5546875 89.765625  90.78125   91.6796875 91.875     91.6796875]
INFO:root:f1 score [0.84479665 0.8681474  0.88580342 0.89904988 0.90288716 0.90140218]
