INFO:root:Created new directory ./experiments/mnist/auto_FOE/dirichlet_mnist/n_20_m_64_f_9_T_100_runs_5_alpha_0.5
INFO:root:Initial dataloading done
INFO:root:runtime [103.09394764900208, 102.72655415534973, 102.76516652107239, 102.79979872703552, 102.75608015060425]
INFO:root:results [[[7.285e+01]
  [7.130e+01]
  [7.205e+01]
  [6.525e+01]
  [6.310e+01]
  [1.010e+01]]

 [[7.520e+01]
  [7.500e+01]
  [7.290e+01]
  [6.575e+01]
  [5.655e+01]
  [3.200e+00]]

 [[8.345e+01]
  [8.375e+01]
  [8.060e+01]
  [6.745e+01]
  [5.560e+01]
  [5.000e-02]]

 [[7.670e+01]
  [7.735e+01]
  [7.530e+01]
  [6.695e+01]
  [6.640e+01]
  [8.300e+00]]

 [[8.175e+01]
  [7.885e+01]
  [3.205e+01]
  [6.475e+01]
  [6.210e+01]
  [1.235e+01]]]
INFO:root:Average accuracies [77.99 77.25 66.58 66.03 60.75  6.8 ]
INFO:root:f1 score [1.  1.  0.6 0.2 0.  0.2]
