INFO:root:Created new directory ./experiments/mnist/SF/homogeneous/n_20_m_64_f_9_T_100_runs_5_alpha_1000.0
INFO:root:Initial dataloading done
INFO:root:runtime [274.05370807647705, 269.66651916503906, 270.4115788936615, 268.72745418548584, 269.7779266834259]
INFO:root:results [[[73.75]
  [77.4 ]
  [78.25]
  [77.75]
  [76.3 ]
  [64.7 ]]

 [[81.75]
  [78.45]
  [77.95]
  [75.95]
  [77.1 ]
  [84.1 ]]

 [[80.5 ]
  [79.15]
  [78.95]
  [76.7 ]
  [79.35]
  [80.1 ]]

 [[73.55]
  [75.05]
  [75.5 ]
  [72.9 ]
  [74.1 ]
  [65.65]]

 [[75.45]
  [78.75]
  [81.9 ]
  [84.  ]
  [80.6 ]
  [76.9 ]]]
INFO:root:Average accuracies [77.   77.76 78.51 77.46 77.49 74.29]
INFO:root:f1 score [0.99903534 0.99903779 0.99904718 0.9990424  0.99904969 0.99948052]
