INFO:root:Created new directory ./experiments_distribution/mnist/SF/dirichlet_mnist/n_20_m_64_f_3_T_100_runs_5_alpha_0.5
INFO:root:Initial dataloading done
INFO:root:runtime [208.5689561367035, 207.76198959350586, 208.21407270431519, 207.90137362480164, 208.22097849845886]
INFO:root:results [[[84.2 ]
  [81.25]
  [79.  ]
  [83.6 ]
  [83.7 ]
  [41.45]]

 [[74.3 ]
  [79.  ]
  [80.2 ]
  [58.9 ]
  [80.45]
  [68.35]]

 [[82.45]
  [82.9 ]
  [83.8 ]
  [83.05]
  [81.3 ]
  [83.95]]

 [[81.75]
  [84.15]
  [83.45]
  [83.5 ]
  [48.1 ]
  [81.6 ]]

 [[80.  ]
  [82.95]
  [85.6 ]
  [78.75]
  [68.85]
  [28.3 ]]]
INFO:root:Average accuracies [80.54 82.05 82.41 77.56 72.48 60.73]
INFO:root:f1 score [1. 1. 1. 1. 1. 1.]
