INFO:root:Created new directory ./experiments/mnist/PR/homogeneous/n_20_m_32_f_6_T_100_runs_5_alpha_1000.0
INFO:root:Initial dataloading done
INFO:root:runtime [47.587669134140015, 47.36477613449097, 47.44645667076111, 47.396284103393555, 47.328346252441406]
INFO:root:results [[[57.75]
  [82.2 ]
  [86.1 ]
  [86.7 ]
  [87.1 ]
  [86.4 ]]

 [[64.45]
  [79.65]
  [84.1 ]
  [86.15]
  [87.  ]
  [85.15]]

 [[61.7 ]
  [80.3 ]
  [85.05]
  [85.7 ]
  [86.95]
  [84.45]]

 [[60.55]
  [79.65]
  [83.85]
  [85.95]
  [86.6 ]
  [86.95]]

 [[57.5 ]
  [81.4 ]
  [85.7 ]
  [87.2 ]
  [86.2 ]
  [87.65]]]
INFO:root:Average accuracies [60.39 80.64 84.96 86.34 86.77 86.12]
INFO:root:f1 score [1. 1. 1. 1. 1. 1.]
