INFO:root:Created new directory ./experiments/mnist/GR/dirichlet_mnist/n_20_m_64_f_6_T_100_runs_5_alpha_0.5
INFO:root:Initial dataloading done
INFO:root:runtime [40.36187148094177, 40.11699032783508, 40.14776659011841, 40.12880277633667, 40.166664123535156]
INFO:root:results [[[75.45]
  [84.35]
  [83.15]
  [77.25]
  [74.1 ]
  [ 2.3 ]]

 [[76.15]
  [83.  ]
  [78.2 ]
  [67.  ]
  [74.  ]
  [ 6.65]]

 [[80.9 ]
  [81.05]
  [82.8 ]
  [78.85]
  [73.4 ]
  [16.1 ]]

 [[77.95]
  [80.  ]
  [77.65]
  [76.25]
  [73.  ]
  [ 2.5 ]]

 [[76.7 ]
  [80.7 ]
  [76.5 ]
  [82.1 ]
  [66.85]
  [ 2.75]]]
INFO:root:Average accuracies [77.43 81.82 79.66 76.29 72.27  6.06]
INFO:root:f1 score [1.  1.  1.  1.  1.  0.2]
