INFO:root:Created new directory ./experiments/mnist/SF/homogeneous/n_20_m_64_f_3_T_100_runs_5_alpha_1000.0
INFO:root:Initial dataloading done
INFO:root:runtime [393.64399337768555, 391.9846386909485, 395.1000406742096, 393.921067237854, 393.6674151420593]
INFO:root:results [[[73.7 ]
  [85.85]
  [88.95]
  [90.  ]
  [90.25]
  [89.6 ]]

 [[81.9 ]
  [87.5 ]
  [89.35]
  [90.45]
  [90.9 ]
  [91.25]]

 [[80.5 ]
  [87.05]
  [89.55]
  [90.65]
  [91.15]
  [91.45]]

 [[73.55]
  [86.25]
  [88.9 ]
  [90.15]
  [90.6 ]
  [90.2 ]]

 [[75.7 ]
  [86.05]
  [87.85]
  [89.4 ]
  [90.35]
  [90.25]]]
INFO:root:Average accuracies [77.07 86.54 88.92 90.13 90.65 90.55]
INFO:root:f1 score [0.99903534 1.         1.         1.         1.         1.        ]
