INFO:root:Created new directory ./experiments_distribution/mnist/SF/dirichlet_mnist/n_20_m_64_f_0_T_100_runs_5_alpha_0.5
INFO:root:Initial dataloading done
INFO:root:runtime [271.43077325820923, 269.41678166389465, 227.38664031028748, 227.34171605110168, 227.92792439460754]
INFO:root:results [[[82.6 ]
  [74.2 ]
  [87.25]
  [84.75]
  [84.45]
  [42.35]]

 [[83.35]
  [88.3 ]
  [90.  ]
  [83.45]
  [78.85]
  [63.35]]

 [[78.45]
  [81.45]
  [78.8 ]
  [83.3 ]
  [72.25]
  [81.1 ]]

 [[85.05]
  [87.95]
  [88.3 ]
  [84.8 ]
  [85.25]
  [81.4 ]]

 [[82.15]
  [86.3 ]
  [87.15]
  [65.05]
  [62.3 ]
  [86.2 ]]]
INFO:root:Average accuracies [82.32 83.64 86.3  80.27 76.62 70.88]
INFO:root:f1 score [1. 1. 1. 1. 1. 1.]
