INFO:root:Created new directory ./experiments/mnist/PR/homogeneous/n_20_m_32_f_0_T_100_runs_5_alpha_1000.0
INFO:root:Initial dataloading done
INFO:root:runtime [57.8160502910614, 57.781827449798584, 57.67105293273926, 57.696534872055054, 57.65361666679382]
INFO:root:results [[[58.2 ]
  [86.25]
  [88.05]
  [88.75]
  [89.95]
  [90.  ]]

 [[64.6 ]
  [85.2 ]
  [88.75]
  [89.3 ]
  [90.7 ]
  [91.7 ]]

 [[61.6 ]
  [85.75]
  [89.05]
  [90.1 ]
  [91.15]
  [91.9 ]]

 [[60.5 ]
  [84.75]
  [87.6 ]
  [88.55]
  [89.9 ]
  [89.9 ]]

 [[57.5 ]
  [86.3 ]
  [88.9 ]
  [89.7 ]
  [90.6 ]
  [91.2 ]]]
INFO:root:Average accuracies [60.48 85.65 88.47 89.28 90.46 90.94]
INFO:root:f1 score [1. 1. 1. 1. 1. 1.]
