INFO:root:Created new directory ./experiments/mnist/SF/dirichlet_mnist/n_20_m_32_f_6_T_100_runs_5_alpha_0.5
INFO:root:Initial dataloading done
INFO:root:runtime [159.60072469711304, 158.57703042030334, 158.5464072227478, 158.11486291885376, 158.27307748794556]
INFO:root:results [[[74.85]
  [78.75]
  [80.7 ]
  [78.65]
  [70.7 ]
  [ 7.2 ]]

 [[73.3 ]
  [74.7 ]
  [73.65]
  [74.85]
  [68.85]
  [ 9.15]]

 [[68.1 ]
  [71.75]
  [74.35]
  [73.6 ]
  [12.95]
  [13.1 ]]

 [[71.4 ]
  [74.6 ]
  [75.4 ]
  [73.9 ]
  [50.85]
  [15.2 ]]

 [[70.6 ]
  [75.8 ]
  [75.55]
  [77.7 ]
  [70.95]
  [ 2.35]]]
INFO:root:Average accuracies [71.65 75.12 75.93 75.74 54.86  9.4 ]
INFO:root:f1 score [1.  1.  1.  1.  0.8 0. ]
