INFO:root:Created new directory ./experiments/mnist/SF/dirichlet_mnist/n_20_m_64_f_0_T_100_runs_5_alpha_0.5
INFO:root:Initial dataloading done
INFO:root:runtime [246.59645056724548, 245.453861951828, 245.5248601436615, 245.1546597480774, 245.1382110118866]
INFO:root:results [[[72.8 ]
  [85.  ]
  [78.65]
  [88.65]
  [87.45]
  [56.3 ]]

 [[75.5 ]
  [78.05]
  [77.75]
  [75.3 ]
  [81.2 ]
  [81.35]]

 [[73.9 ]
  [79.95]
  [82.35]
  [84.2 ]
  [80.35]
  [56.85]]

 [[80.9 ]
  [85.7 ]
  [86.45]
  [87.4 ]
  [82.65]
  [83.35]]

 [[82.75]
  [86.6 ]
  [88.95]
  [80.45]
  [60.3 ]
  [82.75]]]
INFO:root:Average accuracies [77.17 83.06 82.83 83.2  78.39 72.12]
INFO:root:f1 score [1. 1. 1. 1. 1. 1.]
