INFO:root:Created new directory ./experiments/mnist/PR/dirichlet_mnist/n_20_m_32_f_3_T_100_runs_5_alpha_0.5
INFO:root:Initial dataloading done
INFO:root:runtime [36.205119609832764, 36.05483436584473, 36.063762187957764, 36.009222745895386, 36.08311581611633]
INFO:root:results [[[73.75]
  [82.1 ]
  [87.  ]
  [82.65]
  [85.3 ]
  [48.8 ]]

 [[72.75]
  [76.7 ]
  [79.6 ]
  [83.05]
  [80.2 ]
  [53.  ]]

 [[75.15]
  [82.55]
  [85.25]
  [86.3 ]
  [64.5 ]
  [82.3 ]]

 [[78.4 ]
  [84.  ]
  [84.  ]
  [85.1 ]
  [79.  ]
  [44.1 ]]

 [[74.2 ]
  [78.7 ]
  [80.15]
  [71.65]
  [57.05]
  [65.9 ]]]
INFO:root:Average accuracies [74.85 80.81 83.2  81.75 73.21 58.82]
INFO:root:f1 score [1. 1. 1. 1. 1. 1.]
