INFO:root:Created new directory ./experiments_distribution/mnist/SF/dirichlet_mnist/n_20_m_64_f_9_T_100_runs_5_alpha_0.5
INFO:root:Initial dataloading done
INFO:root:runtime [169.11012053489685, 204.1095836162567, 202.78536558151245, 164.49939942359924, 163.79871940612793]
INFO:root:results [[[81.55]
  [83.45]
  [84.55]
  [73.05]
  [75.5 ]
  [56.1 ]]

 [[81.4 ]
  [81.55]
  [81.35]
  [76.7 ]
  [74.1 ]
  [ 3.1 ]]

 [[79.55]
  [77.25]
  [80.9 ]
  [78.95]
  [72.25]
  [55.45]]

 [[84.15]
  [85.45]
  [78.9 ]
  [79.3 ]
  [71.7 ]
  [50.9 ]]

 [[82.35]
  [83.7 ]
  [81.25]
  [74.8 ]
  [71.4 ]
  [42.4 ]]]
INFO:root:Average accuracies [81.8  82.28 81.39 76.56 72.99 41.59]
INFO:root:f1 score [1. 1. 1. 1. 1. 0.]
