INFO:root:Created new directory ./experiments_distribution/mnist/SF/dirichlet_mnist/n_20_m_32_f_6_T_100_runs_5_alpha_0.5
INFO:root:Initial dataloading done
INFO:root:runtime [149.35188627243042, 147.92740607261658, 147.82338213920593, 147.8189001083374, 147.69589805603027]
INFO:root:results [[[77.85]
  [85.4 ]
  [87.15]
  [86.5 ]
  [82.95]
  [65.75]]

 [[78.15]
  [81.7 ]
  [72.15]
  [82.6 ]
  [74.85]
  [41.15]]

 [[78.5 ]
  [83.45]
  [82.  ]
  [80.85]
  [76.55]
  [47.6 ]]

 [[73.35]
  [78.  ]
  [80.  ]
  [80.8 ]
  [44.2 ]
  [59.55]]

 [[74.2 ]
  [75.6 ]
  [75.7 ]
  [79.9 ]
  [75.3 ]
  [31.95]]]
INFO:root:Average accuracies [76.41 80.83 79.4  82.13 70.77 49.2 ]
INFO:root:f1 score [1. 1. 1. 1. 1. 1.]
