INFO:root:Created new directory ./experiments/mnist/auto_FOE/dirichlet_mnist/n_20_m_32_f_3_T_100_runs_5_alpha_0.5
INFO:root:Initial dataloading done
INFO:root:runtime [125.01264572143555, 134.71008133888245, 144.4855010509491, 144.5821568965912, 134.42246007919312]
INFO:root:results [[[73.7 ]
  [82.35]
  [85.95]
  [85.2 ]
  [83.75]
  [64.45]]

 [[72.85]
  [76.8 ]
  [78.7 ]
  [82.1 ]
  [44.85]
  [35.3 ]]

 [[74.8 ]
  [76.  ]
  [75.45]
  [83.4 ]
  [84.9 ]
  [47.85]]

 [[78.4 ]
  [83.8 ]
  [83.2 ]
  [77.55]
  [53.75]
  [74.05]]

 [[74.25]
  [79.05]
  [80.25]
  [80.75]
  [80.15]
  [39.55]]]
INFO:root:Average accuracies [74.8  79.6  80.71 81.8  69.48 52.24]
INFO:root:f1 score [1. 1. 1. 1. 1. 1.]
