INFO:root:Created new directory ./experiments/mnist/SF/dirichlet_mnist/n_20_m_32_f_3_T_100_runs_5_alpha_0.5_L
INFO:root:Initial dataloading done
INFO:root:runtime [36.95914149284363, 36.44295883178711, 36.43217921257019, 36.40965437889099, 36.50279211997986]
INFO:root:results [[[73.6 ]
  [82.7 ]
  [82.95]
  [76.8 ]
  [54.1 ]
  [52.6 ]]

 [[72.8 ]
  [76.95]
  [75.55]
  [58.55]
  [70.05]
  [49.05]]

 [[75.05]
  [82.6 ]
  [84.45]
  [83.3 ]
  [79.7 ]
  [67.15]]

 [[78.4 ]
  [81.1 ]
  [76.9 ]
  [79.4 ]
  [78.25]
  [77.4 ]]

 [[74.25]
  [78.95]
  [79.1 ]
  [72.8 ]
  [53.15]
  [54.25]]]
INFO:root:Average accuracies [74.82 80.46 79.79 74.17 67.05 60.09]
INFO:root:f1 score [1. 1. 1. 1. 1. 1.]
