INFO:root:Created new directory ./experiments/mnist/SF/homogeneous/n_20_m_32_f_0_T_100_runs_5_alpha_1000.0
INFO:root:Initial dataloading done
INFO:root:runtime [299.4271776676178, 298.1739819049835, 297.3920829296112, 298.4198114871979, 298.3996515274048]
INFO:root:results [[[58.2 ]
  [86.  ]
  [88.05]
  [89.3 ]
  [87.75]
  [89.8 ]]

 [[64.6 ]
  [85.2 ]
  [88.85]
  [86.  ]
  [90.7 ]
  [91.5 ]]

 [[61.55]
  [86.  ]
  [89.15]
  [90.35]
  [91.3 ]
  [92.1 ]]

 [[60.4 ]
  [84.65]
  [87.6 ]
  [89.05]
  [89.6 ]
  [89.3 ]]

 [[57.95]
  [86.35]
  [88.85]
  [89.85]
  [89.1 ]
  [91.55]]]
INFO:root:Average accuracies [60.54 85.64 88.5  88.91 89.69 90.85]
INFO:root:f1 score [1. 1. 1. 1. 1. 1.]
