INFO:root:Created new directory ./experiments/mnist/GR/homogeneous/n_20_m_64_f_6_T_100_runs_5_alpha_1000.0
INFO:root:Initial dataloading done
INFO:root:runtime [63.393848180770874, 63.20195913314819, 63.42065072059631, 63.32528495788574, 63.11679816246033]
INFO:root:results [[[74.  ]
  [82.6 ]
  [85.55]
  [86.3 ]
  [86.  ]
  [83.55]]

 [[81.45]
  [84.65]
  [85.9 ]
  [86.4 ]
  [87.85]
  [88.25]]

 [[80.05]
  [84.2 ]
  [85.8 ]
  [85.6 ]
  [86.6 ]
  [83.9 ]]

 [[73.75]
  [81.7 ]
  [84.75]
  [86.45]
  [86.9 ]
  [87.25]]

 [[75.9 ]
  [83.1 ]
  [85.65]
  [86.9 ]
  [87.35]
  [86.7 ]]]
INFO:root:Average accuracies [77.03 83.25 85.53 86.33 86.94 85.93]
INFO:root:f1 score [0.99950372 0.99951807 1.         1.         1.         1.        ]
