INFO:root:Created new directory ./experiments/mnist/SF/homogeneous/n_20_m_32_f_6_T_100_runs_5_alpha_1000.0
INFO:root:Initial dataloading done
INFO:root:runtime [297.6836268901825, 298.2202877998352, 299.2687768936157, 297.8632264137268, 296.3128023147583]
INFO:root:results [[[58.2 ]
  [79.5 ]
  [82.65]
  [82.6 ]
  [82.75]
  [72.9 ]]

 [[64.6 ]
  [74.75]
  [79.15]
  [81.15]
  [83.2 ]
  [83.05]]

 [[61.55]
  [76.85]
  [80.25]
  [82.65]
  [83.65]
  [78.45]]

 [[60.4 ]
  [76.85]
  [79.75]
  [81.15]
  [82.  ]
  [81.5 ]]

 [[57.95]
  [78.2 ]
  [82.5 ]
  [83.95]
  [85.25]
  [82.25]]]
INFO:root:Average accuracies [60.54 77.23 80.86 82.3  83.37 79.63]
INFO:root:f1 score [1.        1.        1.        1.        1.        0.9995086]
