INFO:root:Created new directory ./experiments/phishing/NS/dirichlet_phishing/n_20_m_16_f_6_T_500_runs_5_alpha_3.0
INFO:root:Initial dataloading done
INFO:root:[[0.66531973 0.33468027]
 [0.83704334 0.16295666]
 [0.42425258 0.57574742]
 [0.58894357 0.41105643]
 [0.51562438 0.48437562]
 [0.71644541 0.28355459]
 [0.0701312  0.9298688 ]
 [0.90013737 0.09986263]
 [0.50743154 0.49256846]
 [0.72199581 0.27800419]
 [0.50342302 0.49657698]
 [0.57550563 0.42449437]
 [0.48787059 0.51212941]
 [0.25621851 0.74378149]
 [0.30288402 0.69711598]
 [0.43320979 0.56679021]
 [0.45382971 0.54617029]
 [0.6810999  0.3189001 ]
 [0.18472966 0.81527034]
 [0.58376666 0.41623334]]
INFO:root:[[0.66531973 0.33468027]
 [0.83704334 0.16295666]
 [0.42425258 0.57574742]
 [0.58894357 0.41105643]
 [0.51562438 0.48437562]
 [0.71644541 0.28355459]
 [0.0701312  0.9298688 ]
 [0.90013737 0.09986263]
 [0.50743154 0.49256846]
 [0.72199581 0.27800419]
 [0.50342302 0.49657698]
 [0.57550563 0.42449437]
 [0.48787059 0.51212941]
 [0.25621851 0.74378149]
 [0.30288402 0.69711598]
 [0.43320979 0.56679021]
 [0.45382971 0.54617029]
 [0.6810999  0.3189001 ]
 [0.18472966 0.81527034]
 [0.58376666 0.41623334]]
INFO:root:[[0.66531973 0.33468027]
 [0.83704334 0.16295666]
 [0.42425258 0.57574742]
 [0.58894357 0.41105643]
 [0.51562438 0.48437562]
 [0.71644541 0.28355459]
 [0.0701312  0.9298688 ]
 [0.90013737 0.09986263]
 [0.50743154 0.49256846]
 [0.72199581 0.27800419]
 [0.50342302 0.49657698]
 [0.57550563 0.42449437]
 [0.48787059 0.51212941]
 [0.25621851 0.74378149]
 [0.30288402 0.69711598]
 [0.43320979 0.56679021]
 [0.45382971 0.54617029]
 [0.6810999  0.3189001 ]
 [0.18472966 0.81527034]
 [0.58376666 0.41623334]]
INFO:root:[[0.66531973 0.33468027]
 [0.83704334 0.16295666]
 [0.42425258 0.57574742]
 [0.58894357 0.41105643]
 [0.51562438 0.48437562]
 [0.71644541 0.28355459]
 [0.0701312  0.9298688 ]
 [0.90013737 0.09986263]
 [0.50743154 0.49256846]
 [0.72199581 0.27800419]
 [0.50342302 0.49657698]
 [0.57550563 0.42449437]
 [0.48787059 0.51212941]
 [0.25621851 0.74378149]
 [0.30288402 0.69711598]
 [0.43320979 0.56679021]
 [0.45382971 0.54617029]
 [0.6810999  0.3189001 ]
 [0.18472966 0.81527034]
 [0.58376666 0.41623334]]
INFO:root:[[0.66531973 0.33468027]
 [0.83704334 0.16295666]
 [0.42425258 0.57574742]
 [0.58894357 0.41105643]
 [0.51562438 0.48437562]
 [0.71644541 0.28355459]
 [0.0701312  0.9298688 ]
 [0.90013737 0.09986263]
 [0.50743154 0.49256846]
 [0.72199581 0.27800419]
 [0.50342302 0.49657698]
 [0.57550563 0.42449437]
 [0.48787059 0.51212941]
 [0.25621851 0.74378149]
 [0.30288402 0.69711598]
 [0.43320979 0.56679021]
 [0.45382971 0.54617029]
 [0.6810999  0.3189001 ]
 [0.18472966 0.81527034]
 [0.58376666 0.41623334]]
INFO:root:runtime [17.22476863861084, 17.428840398788452, 17.180102586746216, 17.363940715789795, 17.345484256744385]
INFO:root:results [[[85.15625  ]
  [87.890625 ]
  [88.8671875]
  [89.84375  ]
  [88.8671875]
  [85.3515625]]

 [[83.0078125]
  [85.9375   ]
  [87.6953125]
  [88.671875 ]
  [90.8203125]
  [91.796875 ]]

 [[57.421875 ]
  [59.765625 ]
  [74.21875  ]
  [84.375    ]
  [87.3046875]
  [88.671875 ]]

 [[77.34375  ]
  [81.640625 ]
  [85.9375   ]
  [88.8671875]
  [89.6484375]
  [89.453125 ]]

 [[60.7421875]
  [70.703125 ]
  [81.0546875]
  [85.3515625]
  [89.84375  ]
  [91.2109375]]]
INFO:root:Average accuracies [72.734375  77.1875    83.5546875 87.421875  89.296875  89.296875 ]
INFO:root:f1 score [0.57471129 0.64484433 0.7757748  0.84176749 0.8686062  0.8727542 ]
