INFO:root:Created new directory ./experiments/mnist/NS/homogeneous/n_20_m_32_f_3_T_100_runs_5_alpha_1000.0_p
INFO:root:Initial dataloading done
INFO:root:runtime [362.5928564071655, 362.87028408050537, 361.63513350486755, 362.7875645160675, 360.72304248809814]
INFO:root:results [[[58.2 ]
  [84.85]
  [87.1 ]
  [87.8 ]
  [88.15]
  [88.55]]

 [[64.6 ]
  [82.85]
  [87.  ]
  [88.25]
  [89.3 ]
  [89.05]]

 [[61.55]
  [84.  ]
  [86.9 ]
  [88.25]
  [89.1 ]
  [89.05]]

 [[60.4 ]
  [83.1 ]
  [86.7 ]
  [87.8 ]
  [87.3 ]
  [88.3 ]]

 [[57.7 ]
  [85.1 ]
  [87.55]
  [89.2 ]
  [89.3 ]
  [85.55]]]
INFO:root:Average accuracies [60.49 83.98 87.05 88.26 88.63 88.1 ]
INFO:root:f1 score [1. 1. 1. 1. 1. 1.]
