INFO:root:Created new directory ./experiments/mnist/auto_FOE/homogeneous/n_20_m_64_f_6_T_100_runs_5_alpha_1000.0
INFO:root:Initial dataloading done
INFO:root:runtime [141.84392833709717, 141.2595772743225, 141.24460911750793, 141.25437474250793, 141.05545258522034]
INFO:root:results [[[73.75]
  [82.45]
  [84.85]
  [85.4 ]
  [86.1 ]
  [83.05]]

 [[81.45]
  [84.1 ]
  [85.75]
  [86.65]
  [87.7 ]
  [87.95]]

 [[80.05]
  [83.8 ]
  [85.4 ]
  [86.1 ]
  [84.8 ]
  [82.65]]

 [[73.95]
  [81.65]
  [84.2 ]
  [86.  ]
  [86.95]
  [86.  ]]

 [[75.85]
  [83.55]
  [86.  ]
  [87.  ]
  [87.1 ]
  [86.25]]]
INFO:root:Average accuracies [77.01 83.11 85.24 86.23 86.53 85.18]
INFO:root:f1 score [0.99903534 0.99951807 1.         1.         0.99952267 0.99952719]
