INFO:root:Created new directory ./experiments/mnist/auto_FOE/homogeneous/n_20_m_32_f_6_T_100_runs_5_alpha_1000.0
INFO:root:Initial dataloading done
INFO:root:runtime [125.53590226173401, 135.19693779945374, 144.96239757537842, 145.36403226852417, 135.2699601650238]
INFO:root:results [[[57.75]
  [80.  ]
  [82.35]
  [83.05]
  [82.6 ]
  [81.25]]

 [[64.35]
  [75.95]
  [79.3 ]
  [81.05]
  [81.9 ]
  [83.8 ]]

 [[61.45]
  [76.8 ]
  [80.8 ]
  [82.65]
  [82.1 ]
  [78.3 ]]

 [[60.55]
  [77.8 ]
  [79.95]
  [81.55]
  [81.3 ]
  [82.2 ]]

 [[57.75]
  [78.3 ]
  [81.95]
  [84.45]
  [84.85]
  [82.15]]]
INFO:root:Average accuracies [60.37 77.77 80.87 82.55 82.55 81.54]
INFO:root:f1 score [1. 1. 1. 1. 1. 1.]
