INFO:root:Created new directory ./experiments/mnist/SF/homogeneous/n_20_m_32_f_3_T_100_runs_5_alpha_1000.0
INFO:root:Initial dataloading done
INFO:root:runtime [336.0876703262329, 335.3864417076111, 333.5449833869934, 333.5741307735443, 332.85410237312317]
INFO:root:results [[[58.15]
  [84.2 ]
  [86.8 ]
  [87.25]
  [87.6 ]
  [87.95]]

 [[64.6 ]
  [82.4 ]
  [85.85]
  [87.4 ]
  [88.4 ]
  [88.9 ]]

 [[61.55]
  [83.  ]
  [85.45]
  [87.35]
  [87.75]
  [88.45]]

 [[60.4 ]
  [82.2 ]
  [86.  ]
  [86.85]
  [87.  ]
  [87.75]]

 [[57.95]
  [84.65]
  [87.25]
  [88.3 ]
  [88.5 ]
  [88.8 ]]]
INFO:root:Average accuracies [60.53 83.29 86.27 87.43 87.85 88.37]
INFO:root:f1 score [1. 1. 1. 1. 1. 1.]
