INFO:root:Created new directory ./experiments_distribution/mnist/SF/homogeneous/n_20_m_32_f_9_T_100_runs_5_alpha_1000.0
INFO:root:Initial dataloading done
INFO:root:runtime [37.004196882247925, 36.74181771278381, 36.77443790435791, 36.78958201408386, 36.77438044548035]
INFO:root:results [[[61.75]
  [77.5 ]
  [81.7 ]
  [82.55]
  [83.6 ]
  [62.8 ]]

 [[63.1 ]
  [79.25]
  [81.9 ]
  [83.9 ]
  [84.4 ]
  [64.7 ]]

 [[60.6 ]
  [76.2 ]
  [80.6 ]
  [81.7 ]
  [84.05]
  [79.6 ]]

 [[64.7 ]
  [77.6 ]
  [81.65]
  [82.4 ]
  [83.8 ]
  [75.45]]

 [[61.55]
  [79.65]
  [83.05]
  [85.45]
  [85.75]
  [77.05]]]
INFO:root:Average accuracies [62.34 78.04 81.78 83.2  84.32 71.92]
INFO:root:f1 score [0.99892566 1.         1.         1.         1.         1.        ]
