INFO:root:Created new directory ./experiments/mnist/auto_FOE/dirichlet_mnist/n_20_m_32_f_9_T_100_runs_5_alpha_0.5
INFO:root:Initial dataloading done
INFO:root:runtime [96.92769885063171, 96.59188079833984, 96.6093065738678, 96.6146502494812, 96.72395348548889]
INFO:root:results [[[73.75]
  [74.9 ]
  [74.95]
  [70.5 ]
  [57.45]
  [56.7 ]]

 [[72.3 ]
  [73.85]
  [69.65]
  [70.5 ]
  [56.35]
  [ 5.8 ]]

 [[72.7 ]
  [73.7 ]
  [71.85]
  [64.9 ]
  [57.25]
  [ 8.05]]

 [[70.15]
  [70.5 ]
  [65.95]
  [64.8 ]
  [58.15]
  [ 2.85]]

 [[71.5 ]
  [63.85]
  [71.95]
  [67.35]
  [58.5 ]
  [ 7.3 ]]]
INFO:root:Average accuracies [72.08 71.36 70.87 67.61 57.54 16.14]
INFO:root:f1 score [1.  1.  1.  0.4 0.  0.2]
