INFO:root:Created new directory ./experiments/mnist/NS/dirichlet_mnist/n_20_m_64_f_3_T_100_runs_5_alpha_0.5_h
INFO:root:Initial dataloading done
INFO:root:runtime [217.38547587394714, 216.49990344047546, 216.45273780822754, 216.28427600860596, 216.25623488426208]
INFO:root:results [[[73.  ]
  [85.75]
  [87.  ]
  [80.3 ]
  [80.75]
  [76.7 ]]

 [[77.4 ]
  [86.45]
  [86.1 ]
  [45.45]
  [82.75]
  [80.85]]

 [[76.35]
  [72.  ]
  [83.  ]
  [84.  ]
  [81.25]
  [53.55]]

 [[82.4 ]
  [82.15]
  [88.1 ]
  [77.9 ]
  [62.25]
  [70.95]]

 [[75.1 ]
  [77.7 ]
  [83.45]
  [80.85]
  [82.15]
  [82.85]]]
INFO:root:Average accuracies [76.85 80.81 85.53 73.7  77.83 72.98]
INFO:root:f1 score [1. 1. 1. 1. 1. 1.]
