INFO:root:Created new directory ./experiments/mnist/auto_ALIE/homogeneous/n_20_m_64_f_6_T_100_runs_5_alpha_1000.0
INFO:root:Initial dataloading done
INFO:root:runtime [141.88631868362427, 142.02857780456543, 141.9329113960266, 141.7687017917633, 141.64371967315674]
INFO:root:results [[[73.55]
  [85.1 ]
  [88.  ]
  [89.  ]
  [88.9 ]
  [89.25]]

 [[81.25]
  [87.1 ]
  [89.15]
  [90.25]
  [90.8 ]
  [90.05]]

 [[80.3 ]
  [87.2 ]
  [89.85]
  [91.1 ]
  [90.9 ]
  [90.5 ]]

 [[74.  ]
  [85.1 ]
  [88.9 ]
  [89.65]
  [90.1 ]
  [89.75]]

 [[75.9 ]
  [85.25]
  [88.  ]
  [89.45]
  [90.45]
  [90.6 ]]]
INFO:root:Average accuracies [77.   85.95 88.78 89.89 90.23 90.03]
INFO:root:f1 score [0.99903534 1.         1.         1.         1.         1.        ]
