INFO:root:Created new directory ./experiments/mnist/auto_FOE/homogeneous/n_20_m_32_f_0_T_100_runs_5_alpha_1000.0
INFO:root:Initial dataloading done
INFO:root:runtime [57.829384088516235, 57.740549087524414, 57.64655923843384, 57.59011507034302, 57.61011219024658]
INFO:root:results [[[58.3 ]
  [86.25]
  [88.1 ]
  [89.25]
  [89.85]
  [89.9 ]]

 [[64.3 ]
  [85.3 ]
  [88.8 ]
  [89.65]
  [90.7 ]
  [91.4 ]]

 [[61.65]
  [86.15]
  [89.2 ]
  [90.65]
  [91.1 ]
  [91.35]]

 [[60.6 ]
  [84.8 ]
  [87.45]
  [89.  ]
  [89.55]
  [90.1 ]]

 [[57.65]
  [86.5 ]
  [88.9 ]
  [89.7 ]
  [90.75]
  [90.8 ]]]
INFO:root:Average accuracies [60.5  85.8  88.49 89.65 90.39 90.71]
INFO:root:f1 score [1. 1. 1. 1. 1. 1.]
