INFO:root:Created new directory ./experiments/mnist/NS/dirichlet_mnist/n_20_m_64_f_9_T_100_runs_5_alpha_0.5_G
INFO:root:Initial dataloading done
INFO:root:runtime [171.50307989120483, 170.32707262039185, 170.45772862434387, 170.5418930053711, 170.4857039451599]
INFO:root:results [[[72.8 ]
  [80.35]
  [73.45]
  [69.6 ]
  [64.  ]
  [12.5 ]]

 [[75.35]
  [76.5 ]
  [75.2 ]
  [67.  ]
  [57.  ]
  [13.55]]

 [[83.5 ]
  [83.1 ]
  [82.8 ]
  [74.  ]
  [57.95]
  [62.15]]

 [[79.1 ]
  [77.75]
  [76.35]
  [74.75]
  [65.5 ]
  [ 2.65]]

 [[81.65]
  [80.85]
  [68.7 ]
  [63.1 ]
  [62.8 ]
  [63.65]]]
INFO:root:Average accuracies [78.48 79.71 75.3  69.69 61.45 30.9 ]
INFO:root:f1 score [1.         0.99914894 0.8        0.6        0.2        0.4       ]
