INFO:root:Created new directory ./experiments/mnist/NS/homogeneous/n_20_m_64_f_6_T_100_runs_5_alpha_1000.0_D
INFO:root:Initial dataloading done
INFO:root:runtime [370.6547224521637, 365.8059446811676, 371.1295235157013, 369.8242037296295, 370.0389528274536]
INFO:root:results [[[73.65]
  [84.25]
  [87.1 ]
  [88.4 ]
  [88.8 ]
  [87.9 ]]

 [[81.9 ]
  [86.75]
  [88.95]
  [89.65]
  [90.3 ]
  [90.4 ]]

 [[80.5 ]
  [85.9 ]
  [88.05]
  [89.05]
  [90.  ]
  [90.15]]

 [[73.55]
  [83.65]
  [87.15]
  [89.05]
  [89.35]
  [89.15]]

 [[75.55]
  [85.25]
  [86.95]
  [88.25]
  [89.3 ]
  [89.25]]]
INFO:root:Average accuracies [77.03 85.16 87.64 88.88 89.55 89.37]
INFO:root:f1 score [0.99903534 1.         1.         1.         1.         1.        ]
