INFO:root:Created new directory ./experiments/mnist/auto_ALIE/homogeneous/n_20_m_32_f_6_T_100_runs_5_alpha_1000.0
INFO:root:Initial dataloading done
INFO:root:runtime [126.29075813293457, 127.9644877910614, 126.24271059036255, 126.14763569831848, 126.13338851928711]
INFO:root:results [[[57.75]
  [82.25]
  [85.8 ]
  [86.95]
  [87.55]
  [87.2 ]]

 [[64.8 ]
  [81.05]
  [84.15]
  [87.45]
  [87.7 ]
  [86.8 ]]

 [[61.65]
  [80.55]
  [85.35]
  [87.2 ]
  [87.85]
  [87.3 ]]

 [[60.6 ]
  [80.2 ]
  [84.45]
  [86.3 ]
  [86.6 ]
  [85.9 ]]

 [[57.55]
  [81.45]
  [85.9 ]
  [87.2 ]
  [88.6 ]
  [88.6 ]]]
INFO:root:Average accuracies [60.47 81.1  85.13 87.02 87.66 87.16]
INFO:root:f1 score [1. 1. 1. 1. 1. 1.]
