INFO:root:Created new directory ./experiments/mnist/auto_ALIE/homogeneous/n_20_m_64_f_9_T_100_runs_5_alpha_1000.0
INFO:root:Initial dataloading done
INFO:root:runtime [122.16112112998962, 122.07578134536743, 122.0909469127655, 122.07635617256165, 122.30978488922119]
INFO:root:results [[[74.  ]
  [82.35]
  [85.6 ]
  [86.65]
  [87.35]
  [85.85]]

 [[80.95]
  [85.15]
  [87.45]
  [89.7 ]
  [89.  ]
  [88.  ]]

 [[80.1 ]
  [84.6 ]
  [87.8 ]
  [89.6 ]
  [88.8 ]
  [88.8 ]]

 [[74.  ]
  [81.5 ]
  [86.3 ]
  [87.55]
  [87.75]
  [88.  ]]

 [[75.8 ]
  [82.  ]
  [85.15]
  [88.35]
  [86.7 ]
  [88.2 ]]]
INFO:root:Average accuracies [76.97 83.12 86.46 88.37 87.92 87.77]
INFO:root:f1 score [0.99950372 1.         1.         1.         1.         1.        ]
