INFO:root:Created new directory ./experiments/mnist/PR/dirichlet_mnist/n_20_m_64_f_3_T_100_runs_5_alpha_0.5_A
INFO:root:Initial dataloading done
INFO:root:runtime [381.26110458374023, 379.8773260116577, 374.66015672683716, 375.26807475090027, 374.09831070899963]
INFO:root:results [[[74.7 ]
  [85.45]
  [86.25]
  [88.25]
  [85.3 ]
  [55.95]]

 [[70.85]
  [85.2 ]
  [86.15]
  [79.45]
  [68.1 ]
  [48.95]]

 [[76.15]
  [80.35]
  [83.  ]
  [84.05]
  [71.25]
  [57.75]]

 [[81.6 ]
  [84.2 ]
  [75.75]
  [76.45]
  [77.95]
  [76.35]]

 [[75.6 ]
  [86.1 ]
  [83.5 ]
  [66.05]
  [57.6 ]
  [65.8 ]]]
INFO:root:Average accuracies [75.78 84.26 82.93 78.85 72.04 60.96]
INFO:root:f1 score [1. 1. 1. 1. 1. 1.]
