INFO:root:Created new directory ./experiments/mnist/GR/homogeneous/n_20_m_32_f_0_T_100_runs_5_alpha_1000.0
INFO:root:Initial dataloading done
INFO:root:runtime [57.90225577354431, 57.819109201431274, 57.669809103012085, 57.72301888465881, 57.62059044837952]
INFO:root:results [[[58.4 ]
  [86.05]
  [88.  ]
  [89.2 ]
  [89.85]
  [89.9 ]]

 [[64.65]
  [84.7 ]
  [88.65]
  [89.7 ]
  [90.75]
  [91.65]]

 [[61.5 ]
  [85.8 ]
  [89.25]
  [90.15]
  [91.5 ]
  [91.75]]

 [[60.5 ]
  [85.  ]
  [87.65]
  [80.  ]
  [89.6 ]
  [89.95]]

 [[57.45]
  [86.45]
  [88.7 ]
  [89.95]
  [90.25]
  [90.6 ]]]
INFO:root:Average accuracies [60.5  85.6  88.45 87.8  90.39 90.77]
INFO:root:f1 score [1. 1. 1. 1. 1. 1.]
