INFO:root:Created new directory ./experiments/mnist/PR/homogeneous/n_20_m_32_f_3_T_100_runs_5_alpha_1000.0
INFO:root:Initial dataloading done
INFO:root:runtime [52.236661195755005, 52.23147010803223, 52.010998249053955, 52.093000173568726, 51.95207905769348]
INFO:root:results [[[58.4 ]
  [84.8 ]
  [87.4 ]
  [88.25]
  [88.35]
  [89.1 ]]

 [[64.4 ]
  [83.2 ]
  [87.6 ]
  [88.4 ]
  [88.7 ]
  [89.1 ]]

 [[61.75]
  [84.15]
  [86.5 ]
  [88.1 ]
  [88.8 ]
  [88.7 ]]

 [[60.45]
  [83.05]
  [86.7 ]
  [87.65]
  [87.7 ]
  [88.2 ]]

 [[57.35]
  [85.3 ]
  [87.65]
  [88.9 ]
  [89.3 ]
  [88.45]]]
INFO:root:Average accuracies [60.47 84.1  87.17 88.26 88.57 88.71]
INFO:root:f1 score [1. 1. 1. 1. 1. 1.]
