INFO:root:Created new directory ./experiments/mnist/NS/homogeneous/n_20_m_64_f_3_T_100_runs_5_alpha_1000.0_E
INFO:root:Initial dataloading done
INFO:root:runtime [421.1377339363098, 418.64253520965576, 419.70707273483276, 420.3451793193817, 421.5160663127899]
INFO:root:results [[[73.7 ]
  [86.85]
  [89.4 ]
  [90.65]
  [90.75]
  [84.05]]

 [[81.8 ]
  [88.05]
  [89.75]
  [90.8 ]
  [91.55]
  [92.  ]]

 [[80.5 ]
  [88.1 ]
  [90.25]
  [91.35]
  [91.65]
  [91.8 ]]

 [[73.55]
  [86.75]
  [90.  ]
  [90.7 ]
  [91.1 ]
  [91.15]]

 [[75.65]
  [86.4 ]
  [88.85]
  [90.  ]
  [90.3 ]
  [90.05]]]
INFO:root:Average accuracies [77.04 87.23 89.65 90.7  91.07 89.81]
INFO:root:f1 score [0.99903534 1.         1.         1.         1.         1.        ]
