INFO:root:Created new directory ./experiments/mnist/PR/dirichlet_mnist/n_20_m_64_f_9_T_100_runs_5_alpha_0.5_x
INFO:root:Initial dataloading done
INFO:root:runtime [281.4336223602295, 281.70011258125305, 282.26469135284424, 281.0196442604065, 282.7518148422241]
INFO:root:results [[[74.75]
  [83.25]
  [81.15]
  [61.7 ]
  [33.05]
  [27.35]]

 [[75.15]
  [76.65]
  [77.35]
  [69.7 ]
  [75.4 ]
  [ 3.25]]

 [[83.7 ]
  [84.2 ]
  [82.1 ]
  [77.15]
  [72.45]
  [ 2.4 ]]

 [[78.8 ]
  [72.05]
  [75.45]
  [77.  ]
  [75.25]
  [ 2.45]]

 [[81.95]
  [75.15]
  [67.7 ]
  [79.75]
  [72.45]
  [ 3.2 ]]]
INFO:root:Average accuracies [78.87 78.26 76.75 73.06 65.72  7.73]
INFO:root:f1 score [1.         1.         1.         0.99917695 0.8        0.2       ]
