INFO:root:Created new directory ./experiments/phishing/SF/dirichlet_phishing/n_20_m_48_f_0_T_500_runs_5_alpha_3.0
INFO:root:Initial dataloading done
INFO:root:[[0.66531973 0.33468027]
 [0.83704334 0.16295666]
 [0.42425258 0.57574742]
 [0.58894357 0.41105643]
 [0.51562438 0.48437562]
 [0.71644541 0.28355459]
 [0.0701312  0.9298688 ]
 [0.90013737 0.09986263]
 [0.50743154 0.49256846]
 [0.72199581 0.27800419]
 [0.50342302 0.49657698]
 [0.57550563 0.42449437]
 [0.48787059 0.51212941]
 [0.25621851 0.74378149]
 [0.30288402 0.69711598]
 [0.43320979 0.56679021]
 [0.45382971 0.54617029]
 [0.6810999  0.3189001 ]
 [0.18472966 0.81527034]
 [0.58376666 0.41623334]]
INFO:root:[[0.66531973 0.33468027]
 [0.83704334 0.16295666]
 [0.42425258 0.57574742]
 [0.58894357 0.41105643]
 [0.51562438 0.48437562]
 [0.71644541 0.28355459]
 [0.0701312  0.9298688 ]
 [0.90013737 0.09986263]
 [0.50743154 0.49256846]
 [0.72199581 0.27800419]
 [0.50342302 0.49657698]
 [0.57550563 0.42449437]
 [0.48787059 0.51212941]
 [0.25621851 0.74378149]
 [0.30288402 0.69711598]
 [0.43320979 0.56679021]
 [0.45382971 0.54617029]
 [0.6810999  0.3189001 ]
 [0.18472966 0.81527034]
 [0.58376666 0.41623334]]
INFO:root:[[0.66531973 0.33468027]
 [0.83704334 0.16295666]
 [0.42425258 0.57574742]
 [0.58894357 0.41105643]
 [0.51562438 0.48437562]
 [0.71644541 0.28355459]
 [0.0701312  0.9298688 ]
 [0.90013737 0.09986263]
 [0.50743154 0.49256846]
 [0.72199581 0.27800419]
 [0.50342302 0.49657698]
 [0.57550563 0.42449437]
 [0.48787059 0.51212941]
 [0.25621851 0.74378149]
 [0.30288402 0.69711598]
 [0.43320979 0.56679021]
 [0.45382971 0.54617029]
 [0.6810999  0.3189001 ]
 [0.18472966 0.81527034]
 [0.58376666 0.41623334]]
INFO:root:[[0.66531973 0.33468027]
 [0.83704334 0.16295666]
 [0.42425258 0.57574742]
 [0.58894357 0.41105643]
 [0.51562438 0.48437562]
 [0.71644541 0.28355459]
 [0.0701312  0.9298688 ]
 [0.90013737 0.09986263]
 [0.50743154 0.49256846]
 [0.72199581 0.27800419]
 [0.50342302 0.49657698]
 [0.57550563 0.42449437]
 [0.48787059 0.51212941]
 [0.25621851 0.74378149]
 [0.30288402 0.69711598]
 [0.43320979 0.56679021]
 [0.45382971 0.54617029]
 [0.6810999  0.3189001 ]
 [0.18472966 0.81527034]
 [0.58376666 0.41623334]]
INFO:root:[[0.66531973 0.33468027]
 [0.83704334 0.16295666]
 [0.42425258 0.57574742]
 [0.58894357 0.41105643]
 [0.51562438 0.48437562]
 [0.71644541 0.28355459]
 [0.0701312  0.9298688 ]
 [0.90013737 0.09986263]
 [0.50743154 0.49256846]
 [0.72199581 0.27800419]
 [0.50342302 0.49657698]
 [0.57550563 0.42449437]
 [0.48787059 0.51212941]
 [0.25621851 0.74378149]
 [0.30288402 0.69711598]
 [0.43320979 0.56679021]
 [0.45382971 0.54617029]
 [0.6810999  0.3189001 ]
 [0.18472966 0.81527034]
 [0.58376666 0.41623334]]
INFO:root:runtime [36.14513063430786, 36.03324341773987, 35.94783139228821, 35.98641633987427, 35.862226486206055]
INFO:root:results [[[90.4296875]
  [89.84375  ]
  [90.4296875]
  [90.4296875]
  [91.40625  ]
  [90.8203125]]

 [[91.2109375]
  [91.9921875]
  [91.796875 ]
  [91.6015625]
  [91.9921875]
  [91.796875 ]]

 [[72.0703125]
  [79.4921875]
  [84.9609375]
  [89.2578125]
  [90.8203125]
  [90.0390625]]

 [[85.3515625]
  [85.9375   ]
  [88.671875 ]
  [89.2578125]
  [90.4296875]
  [90.625    ]]

 [[88.0859375]
  [88.671875 ]
  [89.0625   ]
  [89.453125 ]
  [89.84375  ]
  [89.453125 ]]]
INFO:root:Average accuracies [85.4296875 87.1875    88.984375  90.        90.8984375 90.546875 ]
INFO:root:f1 score [0.78625296 0.82941195 0.86247589 0.87962637 0.89246472 0.88957745]
