INFO:root:Created new directory ./experiments/mnist/SF/dirichlet_mnist/n_20_m_64_f_6_T_100_runs_5_alpha_0.5
INFO:root:Initial dataloading done
INFO:root:runtime [200.17022275924683, 198.68195700645447, 198.7158465385437, 198.22753763198853, 198.42390894889832]
INFO:root:results [[[75.65]
  [82.1 ]
  [81.9 ]
  [81.6 ]
  [71.85]
  [ 2.3 ]]

 [[78.2 ]
  [81.65]
  [83.3 ]
  [35.55]
  [73.7 ]
  [ 3.2 ]]

 [[80.8 ]
  [64.7 ]
  [83.05]
  [76.  ]
  [72.9 ]
  [26.85]]

 [[78.05]
  [81.6 ]
  [77.6 ]
  [76.35]
  [73.85]
  [ 2.65]]

 [[75.3 ]
  [73.25]
  [76.45]
  [81.65]
  [22.85]
  [ 2.75]]]
INFO:root:Average accuracies [77.6  76.66 80.46 70.23 63.03  7.55]
INFO:root:f1 score [1.  1.  1.  1.  1.  0.2]
