INFO:root:Created new directory ./experiments/mnist/auto_FOE/dirichlet_mnist/n_20_m_64_f_3_T_100_runs_5_alpha_0.5
INFO:root:Initial dataloading done
INFO:root:runtime [134.1726050376892, 134.26221561431885, 134.17554211616516, 133.91320276260376, 134.07014918327332]
INFO:root:results [[[72.8 ]
  [69.5 ]
  [84.75]
  [87.65]
  [84.5 ]
  [44.7 ]]

 [[81.  ]
  [85.3 ]
  [85.5 ]
  [74.55]
  [75.25]
  [54.05]]

 [[76.25]
  [78.5 ]
  [82.35]
  [83.15]
  [81.1 ]
  [38.  ]]

 [[82.6 ]
  [85.35]
  [80.9 ]
  [76.55]
  [55.45]
  [71.9 ]]

 [[75.4 ]
  [40.35]
  [83.7 ]
  [79.95]
  [83.45]
  [44.55]]]
INFO:root:Average accuracies [77.61 71.8  83.44 80.37 75.95 50.64]
INFO:root:f1 score [1. 1. 1. 1. 1. 1.]
