INFO:root:Created new directory ./experiments/mnist/auto_FOE/dirichlet_mnist/n_20_m_32_f_0_T_100_runs_5_alpha_0.5
INFO:root:Initial dataloading done
INFO:root:runtime [39.774322509765625, 39.538459062576294, 39.48578476905823, 39.465091943740845, 39.589962005615234]
INFO:root:results [[[73.7 ]
  [84.7 ]
  [87.6 ]
  [88.3 ]
  [88.95]
  [82.55]]

 [[77.6 ]
  [82.75]
  [82.1 ]
  [83.05]
  [84.85]
  [80.4 ]]

 [[67.85]
  [76.5 ]
  [81.75]
  [84.5 ]
  [82.35]
  [80.4 ]]

 [[71.35]
  [81.1 ]
  [85.75]
  [75.35]
  [72.5 ]
  [82.7 ]]

 [[70.25]
  [77.05]
  [80.3 ]
  [84.05]
  [58.4 ]
  [84.1 ]]]
INFO:root:Average accuracies [72.15 80.42 83.5  83.05 77.41 82.03]
INFO:root:f1 score [1. 1. 1. 1. 1. 1.]
