INFO:root:Created new directory ./experiments/mnist/NS/dirichlet_mnist/n_20_m_32_f_6_T_100_runs_5_alpha_0.5_y
INFO:root:Initial dataloading done
INFO:root:runtime [159.51005053520203, 158.03194856643677, 158.20254731178284, 158.01105093955994, 158.09618091583252]
INFO:root:results [[[73.75]
  [79.9 ]
  [82.55]
  [83.95]
  [77.8 ]
  [48.4 ]]

 [[68.5 ]
  [75.9 ]
  [76.5 ]
  [72.15]
  [77.25]
  [38.  ]]

 [[71.45]
  [75.05]
  [75.8 ]
  [76.  ]
  [65.  ]
  [42.15]]

 [[77.9 ]
  [84.95]
  [84.8 ]
  [76.85]
  [78.25]
  [29.15]]

 [[73.4 ]
  [80.35]
  [82.7 ]
  [85.25]
  [83.7 ]
  [33.8 ]]]
INFO:root:Average accuracies [73.   79.23 80.47 78.84 76.4  38.3 ]
INFO:root:f1 score [1. 1. 1. 1. 1. 1.]
