INFO:root:Created new directory ./experiments_distribution/mnist/SF/homogeneous/n_20_m_32_f_6_T_100_runs_5_alpha_1000.0
INFO:root:Initial dataloading done
INFO:root:runtime [42.43936729431152, 42.047505140304565, 42.050512075424194, 42.18183517456055, 42.01210951805115]
INFO:root:results [[[65.  ]
  [77.9 ]
  [81.2 ]
  [84.  ]
  [85.9 ]
  [73.95]]

 [[64.15]
  [81.85]
  [85.3 ]
  [87.  ]
  [87.8 ]
  [87.95]]

 [[60.2 ]
  [81.1 ]
  [85.8 ]
  [87.5 ]
  [89.2 ]
  [89.  ]]

 [[63.6 ]
  [81.35]
  [84.35]
  [86.2 ]
  [87.  ]
  [85.85]]

 [[76.4 ]
  [85.8 ]
  [87.1 ]
  [87.8 ]
  [88.15]
  [87.85]]]
INFO:root:Average accuracies [65.87 81.6  84.75 86.5  87.61 84.92]
INFO:root:f1 score [0.99941691 1.         1.         1.         1.         1.        ]
