INFO:root:Created new directory ./experiments/mnist/auto_ALIE/dirichlet_mnist/n_20_m_32_f_6_T_100_runs_5_alpha_0.5
INFO:root:Initial dataloading done
INFO:root:runtime [111.2621238231659, 110.48043322563171, 110.55658721923828, 110.65961360931396, 111.72913551330566]
INFO:root:results [[[73.7 ]
  [80.15]
  [81.7 ]
  [72.4 ]
  [75.9 ]
  [29.1 ]]

 [[69.  ]
  [74.  ]
  [75.05]
  [76.5 ]
  [75.85]
  [29.5 ]]

 [[72.2 ]
  [75.2 ]
  [75.65]
  [75.6 ]
  [56.95]
  [31.6 ]]

 [[77.95]
  [82.9 ]
  [84.35]
  [83.4 ]
  [76.1 ]
  [23.4 ]]

 [[73.55]
  [80.4 ]
  [83.65]
  [83.7 ]
  [79.4 ]
  [31.7 ]]]
INFO:root:Average accuracies [73.28 78.53 80.08 78.32 72.84 29.06]
INFO:root:f1 score [1. 1. 1. 1. 1. 1.]
