INFO:root:Created new directory ./experiments/mnist/NS/dirichlet_mnist/n_20_m_64_f_0_T_100_runs_5_alpha_0.5_c
INFO:root:Initial dataloading done
INFO:root:runtime [238.72278308868408, 237.48566269874573, 237.286705493927, 237.27471137046814, 237.2327070236206]
INFO:root:results [[[74.4 ]
  [84.85]
  [88.75]
  [80.25]
  [86.25]
  [39.9 ]]

 [[75.45]
  [78.1 ]
  [74.4 ]
  [80.25]
  [69.9 ]
  [81.6 ]]

 [[73.9 ]
  [79.6 ]
  [67.5 ]
  [84.55]
  [78.5 ]
  [45.6 ]]

 [[83.15]
  [80.6 ]
  [87.1 ]
  [81.6 ]
  [45.25]
  [86.9 ]]

 [[82.35]
  [87.5 ]
  [44.45]
  [88.65]
  [87.05]
  [79.05]]]
INFO:root:Average accuracies [77.85 82.13 72.44 83.06 73.39 66.61]
INFO:root:f1 score [1. 1. 1. 1. 1. 1.]
