INFO:root:Created new directory ./experiments_distribution/mnist/SF/homogeneous/n_20_m_64_f_6_T_100_runs_5_alpha_1000.0
INFO:root:Initial dataloading done
INFO:root:runtime [56.62200665473938, 56.44771671295166, 56.441471099853516, 56.39233446121216, 56.330575942993164]
INFO:root:results [[[72.75]
  [83.65]
  [86.65]
  [88.1 ]
  [89.7 ]
  [88.6 ]]

 [[78.3 ]
  [87.2 ]
  [88.25]
  [89.7 ]
  [89.9 ]
  [89.85]]

 [[75.25]
  [83.45]
  [86.4 ]
  [87.25]
  [78.5 ]
  [88.95]]

 [[78.7 ]
  [84.95]
  [87.7 ]
  [88.5 ]
  [88.95]
  [88.8 ]]

 [[70.35]
  [84.3 ]
  [86.55]
  [87.55]
  [88.5 ]
  [88.45]]]
INFO:root:Average accuracies [75.07 84.71 87.11 88.22 87.11 88.93]
INFO:root:f1 score [0.99949367 0.999511   0.99952038 0.99951807 1.         1.        ]
