INFO:root:Created new directory ./experiments/mnist/GR/dirichlet_mnist/n_20_m_32_f_3_T_100_runs_5_alpha_0.5
INFO:root:Initial dataloading done
INFO:root:runtime [36.63573408126831, 36.52422475814819, 36.58359456062317, 36.50851607322693, 36.48845386505127]
INFO:root:results [[[73.7 ]
  [82.45]
  [85.85]
  [86.65]
  [56.65]
  [64.5 ]]

 [[72.95]
  [76.5 ]
  [79.1 ]
  [82.8 ]
  [51.3 ]
  [38.1 ]]

 [[75.  ]
  [80.25]
  [76.4 ]
  [85.1 ]
  [54.35]
  [48.35]]

 [[78.4 ]
  [84.1 ]
  [84.3 ]
  [82.6 ]
  [80.35]
  [74.05]]

 [[74.4 ]
  [78.2 ]
  [79.85]
  [68.8 ]
  [77.7 ]
  [64.25]]]
INFO:root:Average accuracies [74.89 80.3  81.1  81.19 64.07 57.85]
INFO:root:f1 score [1. 1. 1. 1. 1. 1.]
