INFO:root:Created new directory ./experiments/mnist/SF/dirichlet_mnist/n_20_m_32_f_0_T_100_runs_5_alpha_0.5_F
INFO:root:Initial dataloading done
INFO:root:runtime [45.29149293899536, 39.73350739479065, 39.67436599731445, 39.66126465797424, 39.903486490249634]
INFO:root:results [[[73.8 ]
  [84.65]
  [88.15]
  [89.1 ]
  [89.35]
  [79.55]]

 [[77.7 ]
  [80.25]
  [45.35]
  [82.75]
  [70.  ]
  [83.4 ]]

 [[66.95]
  [75.6 ]
  [81.15]
  [84.05]
  [85.55]
  [34.8 ]]

 [[71.3 ]
  [81.2 ]
  [56.15]
  [52.8 ]
  [66.2 ]
  [52.1 ]]

 [[70.15]
  [77.4 ]
  [80.25]
  [81.85]
  [84.3 ]
  [78.7 ]]]
INFO:root:Average accuracies [71.98 79.82 70.21 78.11 79.08 65.71]
INFO:root:f1 score [1. 1. 1. 1. 1. 1.]
