INFO:root:Created new directory ./experiments_distribution/mnist/SF/homogeneous/n_20_m_64_f_0_T_100_runs_5_alpha_1000.0
INFO:root:Initial dataloading done
INFO:root:runtime [73.25411987304688, 73.08886742591858, 72.97182321548462, 72.95651626586914, 73.00807237625122]
INFO:root:results [[[72.55]
  [86.4 ]
  [89.1 ]
  [89.4 ]
  [85.95]
  [91.05]]

 [[78.2 ]
  [88.65]
  [90.45]
  [91.2 ]
  [92.75]
  [92.55]]

 [[74.7 ]
  [87.35]
  [89.65]
  [89.25]
  [90.95]
  [91.9 ]]

 [[78.6 ]
  [88.15]
  [90.1 ]
  [91.15]
  [92.1 ]
  [91.4 ]]

 [[70.3 ]
  [87.75]
  [90.55]
  [85.35]
  [87.35]
  [92.25]]]
INFO:root:Average accuracies [74.87 87.66 89.97 89.27 89.82 91.83]
INFO:root:f1 score [0.99948849 1.         1.         1.         1.         1.        ]
