INFO:root:Created new directory ./experiments_distribution/mnist/SF/homogeneous/n_20_m_64_f_9_T_100_runs_5_alpha_1000.0
INFO:root:Initial dataloading done
INFO:root:runtime [48.72832894325256, 48.25015735626221, 48.341654777526855, 48.30232810974121, 48.368027210235596]
INFO:root:results [[[75.55]
  [81.3 ]
  [83.15]
  [84.65]
  [84.6 ]
  [74.8 ]]

 [[71.6 ]
  [81.45]
  [83.95]
  [85.45]
  [85.85]
  [74.15]]

 [[75.75]
  [82.3 ]
  [84.9 ]
  [85.8 ]
  [85.5 ]
  [75.85]]

 [[74.45]
  [81.  ]
  [84.2 ]
  [85.9 ]
  [85.75]
  [76.3 ]]

 [[73.15]
  [81.65]
  [83.4 ]
  [83.95]
  [83.55]
  [79.55]]]
INFO:root:Average accuracies [74.1  81.54 83.92 85.15 85.05 76.13]
INFO:root:f1 score [1. 1. 1. 1. 1. 1.]
