INFO:root:Created new directory ./experiments/mnist/auto_ALIE/dirichlet_mnist/n_20_m_64_f_3_T_100_runs_5_alpha_0.5
INFO:root:Initial dataloading done
INFO:root:runtime [134.30910396575928, 134.3290877342224, 134.16452646255493, 134.2091212272644, 134.36151123046875]
INFO:root:results [[[73.1 ]
  [79.4 ]
  [85.8 ]
  [51.3 ]
  [60.4 ]
  [75.95]]

 [[80.75]
  [47.4 ]
  [81.45]
  [86.75]
  [86.45]
  [72.15]]

 [[76.25]
  [81.5 ]
  [83.65]
  [84.15]
  [84.45]
  [63.4 ]]

 [[82.55]
  [87.8 ]
  [84.45]
  [77.2 ]
  [70.8 ]
  [77.25]]

 [[75.45]
  [80.45]
  [74.05]
  [80.8 ]
  [81.15]
  [43.25]]]
INFO:root:Average accuracies [77.62 75.31 81.88 76.04 76.65 66.4 ]
INFO:root:f1 score [1. 1. 1. 1. 1. 1.]
