INFO:root:Created new directory ./experiments/mnist/GR/homogeneous/n_20_m_64_f_3_T_100_runs_5_alpha_1000.0
INFO:root:Initial dataloading done
INFO:root:runtime [72.01586842536926, 71.8923134803772, 71.77939772605896, 71.74406814575195, 71.77191853523254]
INFO:root:results [[[73.95]
  [85.95]
  [88.8 ]
  [89.5 ]
  [90.  ]
  [88.35]]

 [[80.95]
  [86.95]
  [89.1 ]
  [89.7 ]
  [90.4 ]
  [91.05]]

 [[80.4 ]
  [87.5 ]
  [89.35]
  [90.05]
  [90.35]
  [90.35]]

 [[73.7 ]
  [86.25]
  [88.7 ]
  [89.7 ]
  [89.85]
  [90.2 ]]

 [[75.95]
  [86.  ]
  [87.9 ]
  [89.2 ]
  [90.2 ]
  [89.5 ]]]
INFO:root:Average accuracies [76.99 86.53 88.77 89.63 90.16 89.89]
INFO:root:f1 score [0.99903534 1.         1.         1.         1.         1.        ]
