INFO:root:Created new directory ./experiments/mnist/SF/dirichlet_mnist/n_20_m_64_f_9_T_100_runs_5_alpha_0.5
INFO:root:Initial dataloading done
INFO:root:runtime [33.545448541641235, 33.34896755218506, 33.46363353729248, 33.436251401901245, 33.42040252685547]
INFO:root:results [[[7.315e+01]
  [7.125e+01]
  [7.230e+01]
  [6.615e+01]
  [6.300e+01]
  [1.245e+01]]

 [[7.540e+01]
  [7.610e+01]
  [7.355e+01]
  [6.625e+01]
  [5.590e+01]
  [2.700e+00]]

 [[8.310e+01]
  [7.985e+01]
  [8.050e+01]
  [6.775e+01]
  [5.560e+01]
  [5.000e-02]]

 [[7.845e+01]
  [7.695e+01]
  [7.020e+01]
  [6.565e+01]
  [6.710e+01]
  [8.250e+00]]

 [[5.695e+01]
  [7.635e+01]
  [6.405e+01]
  [6.370e+01]
  [6.325e+01]
  [1.255e+01]]]
INFO:root:Average accuracies [73.41 76.1  72.12 65.9  60.97  7.2 ]
INFO:root:f1 score [1.  1.  0.6 0.2 0.  0.2]
