INFO:root:Created new directory ./experiments/mnist/GR/homogeneous/n_20_m_32_f_9_T_100_runs_5_alpha_1000.0
INFO:root:Initial dataloading done
INFO:root:runtime [41.69988989830017, 41.538586378097534, 41.49876856803894, 41.535903215408325, 41.49403953552246]
INFO:root:results [[[58.45]
  [65.5 ]
  [65.95]
  [66.2 ]
  [59.05]
  [20.25]]

 [[64.5 ]
  [62.2 ]
  [63.35]
  [59.35]
  [60.05]
  [25.1 ]]

 [[61.45]
  [57.65]
  [57.1 ]
  [56.9 ]
  [55.65]
  [31.9 ]]

 [[60.65]
  [62.05]
  [63.65]
  [61.15]
  [60.9 ]
  [56.55]]

 [[57.85]
  [61.4 ]
  [62.  ]
  [64.55]
  [65.75]
  [40.85]]]
INFO:root:Average accuracies [60.58 61.76 62.41 61.63 60.28 34.93]
INFO:root:f1 score [1.         0.99947781 0.99947781 1.         1.         0.39578767]
