INFO:root:Created new directory ./experiments/mnist/auto_ALIE/dirichlet_mnist/n_20_m_32_f_3_T_100_runs_5_alpha_0.5
INFO:root:Initial dataloading done
INFO:root:runtime [128.43864798545837, 125.04826331138611, 124.97813272476196, 125.01416826248169, 125.12948274612427]
INFO:root:results [[[73.75]
  [82.55]
  [86.1 ]
  [89.45]
  [74.1 ]
  [62.25]]

 [[72.85]
  [76.9 ]
  [66.8 ]
  [81.85]
  [84.45]
  [49.8 ]]

 [[71.1 ]
  [75.65]
  [85.95]
  [80.1 ]
  [40.75]
  [49.65]]

 [[78.4 ]
  [83.85]
  [84.3 ]
  [76.15]
  [78.4 ]
  [36.8 ]]

 [[74.3 ]
  [78.5 ]
  [73.55]
  [77.6 ]
  [48.4 ]
  [64.6 ]]]
INFO:root:Average accuracies [74.08 79.49 79.34 81.03 65.22 52.62]
INFO:root:f1 score [1. 1. 1. 1. 1. 1.]
