INFO:root:Created new directory ./experiments/mnist/NS/dirichlet_mnist/n_20_m_32_f_9_T_100_runs_5_alpha_0.5_x
INFO:root:Initial dataloading done
INFO:root:runtime [133.40783739089966, 132.28030014038086, 132.47538542747498, 132.3103473186493, 132.2916293144226]
INFO:root:results [[[73.75]
  [75.9 ]
  [75.6 ]
  [71.1 ]
  [62.8 ]
  [12.95]]

 [[72.3 ]
  [74.1 ]
  [70.1 ]
  [68.  ]
  [57.8 ]
  [ 5.15]]

 [[72.75]
  [74.2 ]
  [73.4 ]
  [69.75]
  [59.55]
  [ 2.35]]

 [[69.8 ]
  [70.  ]
  [68.15]
  [68.65]
  [58.5 ]
  [ 2.55]]

 [[71.5 ]
  [64.2 ]
  [75.9 ]
  [64.2 ]
  [56.9 ]
  [13.15]]]
INFO:root:Average accuracies [72.02 71.68 72.63 68.34 59.11  7.23]
INFO:root:f1 score [1.         1.         1.         1.         0.19999999 0.        ]
