INFO:root:Created new directory ./experiments/mnist/PR/dirichlet_mnist/n_20_m_32_f_0_T_100_runs_5_alpha_0.5
INFO:root:Initial dataloading done
INFO:root:runtime [39.63008403778076, 39.56547284126282, 39.54932117462158, 39.51416063308716, 39.61998891830444]
INFO:root:results [[[73.65]
  [84.55]
  [87.7 ]
  [87.25]
  [88.7 ]
  [82.35]]

 [[77.7 ]
  [83.6 ]
  [73.95]
  [79.2 ]
  [81.6 ]
  [33.55]]

 [[67.9 ]
  [76.5 ]
  [81.65]
  [84.45]
  [80.65]
  [84.2 ]]

 [[71.35]
  [81.1 ]
  [83.15]
  [73.  ]
  [58.25]
  [85.45]]

 [[70.4 ]
  [76.85]
  [80.2 ]
  [82.65]
  [81.25]
  [85.9 ]]]
INFO:root:Average accuracies [72.2  80.52 81.33 81.31 78.09 74.29]
INFO:root:f1 score [1. 1. 1. 1. 1. 1.]
