INFO:root:Created new directory ./experiments/mnist/SF/dirichlet_mnist/n_20_m_32_f_0_T_100_runs_5_alpha_0.5
INFO:root:Initial dataloading done
INFO:root:runtime [194.70138144493103, 191.09052777290344, 216.0233142375946, 229.6791136264801, 231.62827610969543]
INFO:root:results [[[73.2 ]
  [82.05]
  [79.9 ]
  [76.6 ]
  [77.6 ]
  [82.85]]

 [[71.1 ]
  [79.7 ]
  [82.95]
  [83.9 ]
  [78.65]
  [76.2 ]]

 [[69.2 ]
  [81.5 ]
  [85.3 ]
  [86.55]
  [35.55]
  [48.6 ]]

 [[73.8 ]
  [78.7 ]
  [81.15]
  [71.05]
  [83.1 ]
  [80.85]]

 [[77.45]
  [78.75]
  [83.9 ]
  [79.85]
  [78.7 ]
  [79.15]]]
INFO:root:Average accuracies [72.95 80.14 82.64 79.59 70.72 73.53]
INFO:root:f1 score [0.99831933 1.         1.         1.         1.         1.        ]
