INFO:root:Created new directory ./experiments/mnist/PR/dirichlet_mnist/n_20_m_64_f_0_T_100_runs_5_alpha_0.5
INFO:root:Initial dataloading done
INFO:root:runtime [52.35264706611633, 52.268765687942505, 52.25843644142151, 52.21563124656677, 52.295517921447754]
INFO:root:results [[[72.9 ]
  [80.8 ]
  [88.75]
  [82.8 ]
  [87.  ]
  [65.4 ]]

 [[61.3 ]
  [77.95]
  [79.25]
  [81.75]
  [82.05]
  [83.9 ]]

 [[73.9 ]
  [76.7 ]
  [78.25]
  [77.8 ]
  [83.4 ]
  [39.2 ]]

 [[77.35]
  [86.05]
  [84.05]
  [88.45]
  [82.9 ]
  [39.  ]]

 [[35.3 ]
  [87.45]
  [88.15]
  [88.5 ]
  [82.7 ]
  [76.25]]]
INFO:root:Average accuracies [64.15 81.79 83.69 83.86 83.61 60.75]
INFO:root:f1 score [1. 1. 1. 1. 1. 1.]
