INFO:root:Created new directory ./experiments/mnist/auto_FOE/homogeneous/n_20_m_64_f_0_T_100_runs_5_alpha_1000.0
INFO:root:Initial dataloading done
INFO:root:runtime [81.1992506980896, 81.26742672920227, 80.97157502174377, 80.99948716163635, 81.10291695594788]
INFO:root:results [[[73.7 ]
  [88.05]
  [90.65]
  [91.9 ]
  [92.15]
  [91.3 ]]

 [[80.65]
  [89.05]
  [91.05]
  [91.85]
  [92.4 ]
  [92.75]]

 [[80.25]
  [89.15]
  [91.3 ]
  [91.95]
  [86.85]
  [92.05]]

 [[75.3 ]
  [88.1 ]
  [90.15]
  [91.35]
  [91.9 ]
  [86.  ]]

 [[75.85]
  [87.15]
  [89.95]
  [91.  ]
  [91.9 ]
  [92.15]]]
INFO:root:Average accuracies [77.15 88.3  90.62 91.61 91.04 90.85]
INFO:root:f1 score [0.99904262 1.         1.         1.         1.         1.        ]
