INFO:root:Created new directory ./experiments/mnist/GR/dirichlet_mnist/n_20_m_32_f_9_T_100_runs_5_alpha_0.5
INFO:root:Initial dataloading done
INFO:root:runtime [27.987489700317383, 27.667107105255127, 27.74815082550049, 27.789034843444824, 27.683247327804565]
INFO:root:results [[[73.65]
  [75.35]
  [75.95]
  [70.5 ]
  [57.5 ]
  [57.95]]

 [[72.3 ]
  [74.05]
  [70.6 ]
  [69.45]
  [57.65]
  [55.5 ]]

 [[72.7 ]
  [73.8 ]
  [71.9 ]
  [64.9 ]
  [57.25]
  [ 3.6 ]]

 [[69.8 ]
  [70.4 ]
  [66.4 ]
  [64.85]
  [58.15]
  [13.5 ]]

 [[71.5 ]
  [64.  ]
  [64.6 ]
  [67.35]
  [55.6 ]
  [ 7.25]]]
INFO:root:Average accuracies [71.99 71.52 69.89 67.41 57.23 27.56]
INFO:root:f1 score [1.         1.         1.         0.59999999 0.         0.        ]
