INFO:root:Created new directory ./experiments/mnist/auto_ALIE/dirichlet_mnist/n_20_m_64_f_6_T_100_runs_5_alpha_0.5
INFO:root:Initial dataloading done
INFO:root:runtime [118.84359622001648, 118.58256101608276, 118.73193502426147, 118.61112713813782, 118.66633868217468]
INFO:root:results [[[75.7 ]
  [83.3 ]
  [78.55]
  [80.75]
  [84.05]
  [32.7 ]]

 [[77.75]
  [83.15]
  [73.2 ]
  [84.  ]
  [76.55]
  [41.4 ]]

 [[80.95]
  [82.25]
  [82.95]
  [81.55]
  [27.  ]
  [32.3 ]]

 [[78.1 ]
  [78.45]
  [78.4 ]
  [80.8 ]
  [71.5 ]
  [67.15]]

 [[76.7 ]
  [81.4 ]
  [81.45]
  [79.75]
  [81.75]
  [58.85]]]
INFO:root:Average accuracies [77.84 81.71 78.91 81.37 68.17 46.48]
INFO:root:f1 score [1. 1. 1. 1. 1. 1.]
