INFO:root:Created new directory ./experiments_distribution/mnist/SF/dirichlet_mnist/n_20_m_32_f_3_T_100_runs_5_alpha_0.5
INFO:root:Initial dataloading done
INFO:root:runtime [163.8998579978943, 159.8340871334076, 166.25499844551086, 166.26987147331238, 157.3908200263977]
INFO:root:results [[[79.35]
  [86.95]
  [89.  ]
  [79.15]
  [65.05]
  [82.75]]

 [[75.  ]
  [78.8 ]
  [80.05]
  [64.1 ]
  [70.25]
  [75.35]]

 [[78.95]
  [84.55]
  [85.65]
  [80.95]
  [73.8 ]
  [73.5 ]]

 [[75.05]
  [72.55]
  [78.3 ]
  [81.2 ]
  [82.15]
  [72.45]]

 [[69.9 ]
  [75.4 ]
  [78.35]
  [73.05]
  [66.35]
  [49.15]]]
INFO:root:Average accuracies [75.65 79.65 82.27 75.69 71.52 70.64]
INFO:root:f1 score [1.         0.99911111 1.         1.         1.         1.        ]
