INFO:root:Created new directory ./experiments/mnist/GR/dirichlet_mnist/n_20_m_32_f_6_T_100_runs_5_alpha_0.5
INFO:root:Initial dataloading done
INFO:root:runtime [31.874083280563354, 31.576712608337402, 31.68371295928955, 31.612345457077026, 31.71639347076416]
INFO:root:results [[[73.75]
  [79.7 ]
  [81.4 ]
  [81.15]
  [70.95]
  [ 2.5 ]]

 [[65.75]
  [74.8 ]
  [74.55]
  [19.65]
  [69.85]
  [ 2.9 ]]

 [[72.2 ]
  [75.6 ]
  [75.4 ]
  [69.95]
  [64.9 ]
  [20.5 ]]

 [[77.95]
  [84.45]
  [83.8 ]
  [81.9 ]
  [74.1 ]
  [ 2.65]]

 [[73.5 ]
  [79.65]
  [81.65]
  [82.4 ]
  [71.  ]
  [16.45]]]
INFO:root:Average accuracies [72.63 78.84 79.36 67.01 70.16  9.  ]
INFO:root:f1 score [1.  1.  1.  1.  0.8 0.2]
