INFO:root:Created new directory ./experiments/mnist/GR/homogeneous/n_20_m_64_f_0_T_100_runs_5_alpha_1000.0
INFO:root:Initial dataloading done
INFO:root:runtime [80.96422338485718, 80.94085550308228, 80.78863763809204, 80.93974232673645, 80.69059014320374]
INFO:root:results [[[73.6 ]
  [87.95]
  [90.75]
  [91.4 ]
  [88.8 ]
  [91.85]]

 [[81.35]
  [88.95]
  [91.  ]
  [91.75]
  [92.45]
  [92.4 ]]

 [[80.15]
  [89.25]
  [91.1 ]
  [91.85]
  [92.  ]
  [91.8 ]]

 [[74.8 ]
  [88.1 ]
  [90.35]
  [91.35]
  [91.9 ]
  [91.55]]

 [[75.9 ]
  [87.15]
  [89.15]
  [91.05]
  [92.05]
  [92.  ]]]
INFO:root:Average accuracies [77.16 88.28 90.47 91.48 91.44 91.92]
INFO:root:f1 score [0.99904022 1.         1.         1.         1.         1.        ]
